2025-09-10 22:31:07 | INFO | Sent message to topic 'buzzline_json': {'message': 'Data engineering is my passion.', 'author': 'Diana'}
2025-09-10 22:31:08 | INFO | Processed JSON message: {'message': 'I love Python!', 'author': 'Eve'}
2025-09-10 22:31:08 | INFO | Message received from author: Eve
2025-09-10 22:31:08 | INFO | Updated author counts: {'Charlie': 140, 'Alice': 215, 'Diana': 241, 'Bob': 153, 'Eve': 161}
2025-09-10 22:31:08 | INFO | Sent message to topic 'buzzline_json': {'message': 'I love Python!', 'author': 'Eve'}
2025-09-10 22:31:09 | INFO | Sent message to topic 'buzzline_json': {'message': 'JSON makes life easier.', 'author': 'Charlie'}
2025-09-10 22:31:09 | INFO | Processed JSON message: {'message': 'JSON makes life easier.', 'author': 'Charlie'}
2025-09-10 22:31:09 | INFO | Message received from author: Charlie
2025-09-10 22:31:09 | INFO | Updated author counts: {'Charlie': 141, 'Alice': 215, 'Diana': 241, 'Bob': 153, 'Eve': 161}
2025-09-10 22:31:10 | INFO | Sent message to topic 'buzzline_json': {'message': 'Have a great day!', 'author': 'Bob'}
2025-09-10 22:31:10 | INFO | Processed JSON message: {'message': 'Have a great day!', 'author': 'Bob'}
2025-09-10 22:31:10 | INFO | Message received from author: Bob
2025-09-10 22:31:10 | INFO | Updated author counts: {'Charlie': 141, 'Alice': 215, 'Diana': 241, 'Bob': 154, 'Eve': 161}
2025-09-10 22:31:11 | INFO | Sent message to topic 'buzzline_json': {'message': 'Data engineering is my passion.', 'author': 'Alice'}
2025-09-10 22:31:11 | INFO | Processed JSON message: {'message': 'Data engineering is my passion.', 'author': 'Alice'}
2025-09-10 22:31:11 | INFO | Message received from author: Alice
2025-09-10 22:31:11 | INFO | Updated author counts: {'Charlie': 141, 'Alice': 216, 'Diana': 241, 'Bob': 154, 'Eve': 161}
2025-09-10 22:31:12 | INFO | Sent message to topic 'buzzline_json': {'message': 'Kafka is awesome.', 'author': 'Diana'}
2025-09-10 22:31:12 | INFO | Processed JSON message: {'message': 'Kafka is awesome.', 'author': 'Diana'}
2025-09-10 22:31:12 | INFO | Message received from author: Diana
2025-09-10 22:31:12 | INFO | Updated author counts: {'Charlie': 141, 'Alice': 216, 'Diana': 242, 'Bob': 154, 'Eve': 161}
2025-09-10 22:31:13 | INFO | Sent message to topic 'buzzline_json': {'message': 'Kafka is awesome.', 'author': 'Diana'}
2025-09-10 22:31:13 | INFO | Message received from author: Diana
2025-09-10 22:31:13 | INFO | Updated author counts: {'Charlie': 141, 'Alice': 216, 'Diana': 243, 'Bob': 154, 'Eve': 161}
2025-09-10 22:31:14 | INFO | Sent message to topic 'buzzline_json': {'message': 'Hello, Kafka world!', 'author': 'Bob'}
2025-09-10 22:31:14 | INFO | Processed JSON message: {'message': 'Hello, Kafka world!', 'author': 'Bob'}
2025-09-10 22:31:14 | INFO | Message received from author: Bob
2025-09-10 22:31:14 | INFO | Updated author counts: {'Charlie': 141, 'Alice': 216, 'Diana': 243, 'Bob': 155, 'Eve': 161}
2025-09-10 22:31:15 | INFO | Sent message to topic 'buzzline_json': {'message': 'Distributed systems are fascinating.', 'author': 'Diana'}
2025-09-10 22:31:15 | INFO | Processed JSON message: {'message': 'Distributed systems are fascinating.', 'author': 'Diana'}
2025-09-10 22:31:15 | INFO | Message received from author: Diana
2025-09-10 22:31:15 | INFO | Updated author counts: {'Charlie': 141, 'Alice': 216, 'Diana': 244, 'Bob': 155, 'Eve': 161}
2025-09-10 22:31:16 | INFO | Sent message to topic 'buzzline_json': {'message': 'I love Python!', 'author': 'Diana'}
2025-09-10 22:31:16 | INFO | Processed JSON message: {'message': 'I love Python!', 'author': 'Diana'}
2025-09-10 22:31:16 | INFO | Message received from author: Diana
2025-09-10 22:31:16 | INFO | Updated author counts: {'Charlie': 141, 'Alice': 216, 'Diana': 245, 'Bob': 155, 'Eve': 161}
2025-09-10 22:31:17 | INFO | Sent message to topic 'buzzline_json': {'message': 'Have a great day!', 'author': 'Alice'}
2025-09-10 22:31:17 | INFO | Processed JSON message: {'message': 'Have a great day!', 'author': 'Alice'}
2025-09-10 22:31:17 | INFO | Message received from author: Alice
2025-09-10 22:31:17 | INFO | Updated author counts: {'Charlie': 141, 'Alice': 217, 'Diana': 245, 'Bob': 155, 'Eve': 161}
2025-09-10 22:31:18 | INFO | Sent message to topic 'buzzline_json': {'message': 'Hello, Kafka world!', 'author': 'Charlie'}
2025-09-10 22:31:18 | INFO | Processed JSON message: {'message': 'Hello, Kafka world!', 'author': 'Charlie'}
2025-09-10 22:31:18 | INFO | Message received from author: Charlie
2025-09-10 22:31:18 | INFO | Updated author counts: {'Charlie': 142, 'Alice': 217, 'Diana': 245, 'Bob': 155, 'Eve': 161}
2025-09-10 22:31:19 | INFO | Sent message to topic 'buzzline_json': {'message': 'JSON makes life easier.', 'author': 'Diana'}
2025-09-10 22:31:19 | INFO | Processed JSON message: {'message': 'JSON makes life easier.', 'author': 'Diana'}
2025-09-10 22:31:19 | INFO | Message received from author: Diana
2025-09-10 22:31:19 | INFO | Updated author counts: {'Charlie': 142, 'Alice': 217, 'Diana': 246, 'Bob': 155, 'Eve': 161}
2025-09-10 22:31:20 | INFO | Sent message to topic 'buzzline_json': {'message': 'I love Python!', 'author': 'Bob'}
2025-09-10 22:31:20 | INFO | Processed JSON message: {'message': 'I love Python!', 'author': 'Bob'}
2025-09-10 22:31:20 | INFO | Message received from author: Bob
2025-09-10 22:31:20 | INFO | Updated author counts: {'Charlie': 142, 'Alice': 217, 'Diana': 246, 'Bob': 156, 'Eve': 161}
2025-09-10 22:31:21 | INFO | Sent message to topic 'buzzline_json': {'message': 'Have a great day!', 'author': 'Diana'}
2025-09-10 22:31:21 | INFO | Processed JSON message: {'message': 'Have a great day!', 'author': 'Diana'}
2025-09-10 22:31:21 | INFO | Message received from author: Diana
2025-09-10 22:31:21 | INFO | Updated author counts: {'Charlie': 142, 'Alice': 217, 'Diana': 247, 'Bob': 156, 'Eve': 161}
2025-09-10 22:31:22 | INFO | Processed JSON message: {'message': 'Hello, Kafka world!', 'author': 'Alice'}
2025-09-10 22:31:22 | INFO | Message received from author: Alice
2025-09-10 22:31:22 | INFO | Updated author counts: {'Charlie': 142, 'Alice': 218, 'Diana': 247, 'Bob': 156, 'Eve': 161}
2025-09-10 22:31:22 | INFO | Sent message to topic 'buzzline_json': {'message': 'Hello, Kafka world!', 'author': 'Alice'}
2025-09-10 22:31:23 | INFO | Sent message to topic 'buzzline_json': {'message': 'JSON makes life easier.', 'author': 'Alice'}
2025-09-10 22:31:23 | INFO | Processed JSON message: {'message': 'JSON makes life easier.', 'author': 'Alice'}
2025-09-10 22:31:23 | INFO | Message received from author: Alice
2025-09-10 22:31:23 | INFO | Updated author counts: {'Charlie': 142, 'Alice': 219, 'Diana': 247, 'Bob': 156, 'Eve': 161}
2025-09-10 22:31:24 | INFO | Sent message to topic 'buzzline_json': {'message': 'Buzz messages for everyone.', 'author': 'Charlie'}
2025-09-10 22:31:24 | INFO | Processed JSON message: {'message': 'Buzz messages for everyone.', 'author': 'Charlie'}
2025-09-10 22:31:24 | INFO | Message received from author: Charlie
2025-09-10 22:31:24 | INFO | Updated author counts: {'Charlie': 143, 'Alice': 219, 'Diana': 247, 'Bob': 156, 'Eve': 161}
2025-09-10 22:31:25 | INFO | Sent message to topic 'buzzline_json': {'message': 'Buzz messages for everyone.', 'author': 'Bob'}
2025-09-10 22:31:25 | INFO | Processed JSON message: {'message': 'Buzz messages for everyone.', 'author': 'Bob'}
2025-09-10 22:31:25 | INFO | Message received from author: Bob
2025-09-10 22:31:25 | INFO | Updated author counts: {'Charlie': 143, 'Alice': 219, 'Diana': 247, 'Bob': 157, 'Eve': 161}
2025-09-10 22:31:26 | INFO | Sent message to topic 'buzzline_json': {'message': 'Streaming data is fun.', 'author': 'Diana'}
2025-09-10 22:31:26 | INFO | Processed JSON message: {'message': 'Streaming data is fun.', 'author': 'Diana'}
2025-09-10 22:31:26 | INFO | Message received from author: Diana
2025-09-10 22:31:26 | INFO | Updated author counts: {'Charlie': 143, 'Alice': 219, 'Diana': 248, 'Bob': 157, 'Eve': 161}
2025-09-10 22:31:27 | INFO | Sent message to topic 'buzzline_json': {'message': 'Have a great day!', 'author': 'Diana'}
2025-09-10 22:31:27 | INFO | Processed JSON message: {'message': 'Have a great day!', 'author': 'Diana'}
2025-09-10 22:31:27 | INFO | Message received from author: Diana
2025-09-10 22:31:27 | INFO | Updated author counts: {'Charlie': 143, 'Alice': 219, 'Diana': 249, 'Bob': 157, 'Eve': 161}
2025-09-10 22:31:28 | INFO | Sent message to topic 'buzzline_json': {'message': 'I love Python!', 'author': 'Alice'}
2025-09-10 22:31:28 | INFO | Processed JSON message: {'message': 'I love Python!', 'author': 'Alice'}
2025-09-10 22:31:28 | INFO | Message received from author: Alice
2025-09-10 22:31:28 | INFO | Updated author counts: {'Charlie': 143, 'Alice': 220, 'Diana': 249, 'Bob': 157, 'Eve': 161}
2025-09-10 22:31:29 | INFO | Sent message to topic 'buzzline_json': {'message': 'Streaming data is fun.', 'author': 'Charlie'}
2025-09-10 22:31:29 | INFO | Processed JSON message: {'message': 'Streaming data is fun.', 'author': 'Charlie'}
2025-09-10 22:31:29 | INFO | Message received from author: Charlie
2025-09-10 22:31:29 | INFO | Updated author counts: {'Charlie': 144, 'Alice': 220, 'Diana': 249, 'Bob': 157, 'Eve': 161}
2025-09-10 22:31:30 | INFO | Sent message to topic 'buzzline_json': {'message': 'Kafka is awesome.', 'author': 'Alice'}
2025-09-10 22:31:30 | INFO | Processed JSON message: {'message': 'Kafka is awesome.', 'author': 'Alice'}
2025-09-10 22:31:30 | INFO | Message received from author: Alice
2025-09-10 22:31:30 | INFO | Updated author counts: {'Charlie': 144, 'Alice': 221, 'Diana': 249, 'Bob': 157, 'Eve': 161}
2025-09-10 22:31:31 | INFO | Sent message to topic 'buzzline_json': {'message': 'Kafka is awesome.', 'author': 'Diana'}
2025-09-10 22:31:31 | INFO | Processed JSON message: {'message': 'Kafka is awesome.', 'author': 'Diana'}
2025-09-10 22:31:31 | INFO | Message received from author: Diana
2025-09-10 22:31:31 | INFO | Updated author counts: {'Charlie': 144, 'Alice': 221, 'Diana': 250, 'Bob': 157, 'Eve': 161}
2025-09-10 22:31:32 | INFO | Sent message to topic 'buzzline_json': {'message': 'Kafka is awesome.', 'author': 'Alice'}
2025-09-10 22:31:32 | INFO | Processed JSON message: {'message': 'Kafka is awesome.', 'author': 'Alice'}
2025-09-10 22:31:32 | INFO | Message received from author: Alice
2025-09-10 22:31:32 | INFO | Updated author counts: {'Charlie': 144, 'Alice': 222, 'Diana': 250, 'Bob': 157, 'Eve': 161}
2025-09-10 22:31:33 | INFO | Sent message to topic 'buzzline_json': {'message': 'JSON makes life easier.', 'author': 'Bob'}
2025-09-10 22:31:33 | INFO | Processed JSON message: {'message': 'JSON makes life easier.', 'author': 'Bob'}
2025-09-10 22:31:33 | INFO | Message received from author: Bob
2025-09-10 22:31:33 | INFO | Updated author counts: {'Charlie': 144, 'Alice': 222, 'Diana': 250, 'Bob': 158, 'Eve': 161}
2025-09-10 22:31:34 | INFO | Sent message to topic 'buzzline_json': {'message': 'This is a buzz message.', 'author': 'Bob'}
2025-09-10 22:31:34 | INFO | Processed JSON message: {'message': 'This is a buzz message.', 'author': 'Bob'}
2025-09-10 22:31:34 | INFO | Message received from author: Bob
2025-09-10 22:31:34 | INFO | Updated author counts: {'Charlie': 144, 'Alice': 222, 'Diana': 250, 'Bob': 159, 'Eve': 161}
2025-09-10 22:31:35 | INFO | Processed JSON message: {'message': 'Streaming data is fun.', 'author': 'Diana'}
2025-09-10 22:31:35 | INFO | Message received from author: Diana
2025-09-10 22:31:35 | INFO | Updated author counts: {'Charlie': 144, 'Alice': 222, 'Diana': 251, 'Bob': 159, 'Eve': 161}
2025-09-10 22:31:35 | INFO | Sent message to topic 'buzzline_json': {'message': 'Streaming data is fun.', 'author': 'Diana'}
2025-09-10 22:31:36 | INFO | Sent message to topic 'buzzline_json': {'message': 'Have a great day!', 'author': 'Bob'}
2025-09-10 22:31:36 | INFO | Processed JSON message: {'message': 'Have a great day!', 'author': 'Bob'}
2025-09-10 22:31:36 | INFO | Message received from author: Bob
2025-09-10 22:31:36 | INFO | Updated author counts: {'Charlie': 144, 'Alice': 222, 'Diana': 251, 'Bob': 160, 'Eve': 161}
2025-09-10 22:31:37 | INFO | Processed JSON message: {'message': 'This is a buzz message.', 'author': 'Eve'}
2025-09-10 22:31:37 | INFO | Message received from author: Eve
2025-09-10 22:31:37 | INFO | Updated author counts: {'Charlie': 144, 'Alice': 222, 'Diana': 251, 'Bob': 160, 'Eve': 162}
2025-09-10 22:31:37 | INFO | Sent message to topic 'buzzline_json': {'message': 'This is a buzz message.', 'author': 'Eve'}
2025-09-10 22:31:38 | INFO | Sent message to topic 'buzzline_json': {'message': 'Hello, Kafka world!', 'author': 'Bob'}
2025-09-10 22:31:38 | INFO | Processed JSON message: {'message': 'Hello, Kafka world!', 'author': 'Bob'}
2025-09-10 22:31:38 | INFO | Message received from author: Bob
2025-09-10 22:31:38 | INFO | Updated author counts: {'Charlie': 144, 'Alice': 222, 'Diana': 251, 'Bob': 161, 'Eve': 162}
2025-09-10 22:31:39 | INFO | Sent message to topic 'buzzline_json': {'message': 'This is a buzz message.', 'author': 'Alice'}
2025-09-10 22:31:39 | INFO | Processed JSON message: {'message': 'This is a buzz message.', 'author': 'Alice'}
2025-09-10 22:31:39 | INFO | Message received from author: Alice
2025-09-10 22:31:39 | INFO | Updated author counts: {'Charlie': 144, 'Alice': 223, 'Diana': 251, 'Bob': 161, 'Eve': 162}
2025-09-10 22:31:40 | INFO | Sent message to topic 'buzzline_json': {'message': 'Streaming data is fun.', 'author': 'Eve'}
2025-09-10 22:31:40 | INFO | Processed JSON message: {'message': 'Streaming data is fun.', 'author': 'Eve'}
2025-09-10 22:31:40 | INFO | Message received from author: Eve
2025-09-10 22:31:40 | INFO | Updated author counts: {'Charlie': 144, 'Alice': 223, 'Diana': 251, 'Bob': 161, 'Eve': 163}
2025-09-10 22:31:41 | INFO | Processed JSON message: {'message': 'Kafka is awesome.', 'author': 'Alice'}
2025-09-10 22:31:41 | INFO | Message received from author: Alice
2025-09-10 22:31:41 | INFO | Updated author counts: {'Charlie': 144, 'Alice': 224, 'Diana': 251, 'Bob': 161, 'Eve': 163}
2025-09-10 22:31:41 | INFO | Sent message to topic 'buzzline_json': {'message': 'Kafka is awesome.', 'author': 'Alice'}
2025-09-10 22:31:42 | INFO | Processed JSON message: {'message': 'JSON makes life easier.', 'author': 'Bob'}
2025-09-10 22:31:42 | INFO | Message received from author: Bob
2025-09-10 22:31:42 | INFO | Updated author counts: {'Charlie': 144, 'Alice': 224, 'Diana': 251, 'Bob': 162, 'Eve': 163}
2025-09-10 22:31:42 | INFO | Sent message to topic 'buzzline_json': {'message': 'JSON makes life easier.', 'author': 'Bob'}
2025-09-10 22:31:43 | INFO | Sent message to topic 'buzzline_json': {'message': 'This is a buzz message.', 'author': 'Charlie'}
2025-09-10 22:31:43 | INFO | Processed JSON message: {'message': 'This is a buzz message.', 'author': 'Charlie'}
2025-09-10 22:31:43 | INFO | Message received from author: Charlie
2025-09-10 22:31:43 | INFO | Updated author counts: {'Charlie': 145, 'Alice': 224, 'Diana': 251, 'Bob': 162, 'Eve': 163}
2025-09-10 22:31:44 | INFO | Processed JSON message: {'message': 'Have a great day!', 'author': 'Diana'}
2025-09-10 22:31:44 | INFO | Message received from author: Diana
2025-09-10 22:31:44 | INFO | Updated author counts: {'Charlie': 145, 'Alice': 224, 'Diana': 252, 'Bob': 162, 'Eve': 163}
2025-09-10 22:31:44 | INFO | Sent message to topic 'buzzline_json': {'message': 'Have a great day!', 'author': 'Diana'}
2025-09-10 22:31:45 | INFO | Processed JSON message: {'message': 'Distributed systems are fascinating.', 'author': 'Bob'}
2025-09-10 22:31:45 | INFO | Message received from author: Bob
2025-09-10 22:31:45 | INFO | Updated author counts: {'Charlie': 145, 'Alice': 224, 'Diana': 252, 'Bob': 163, 'Eve': 163}
2025-09-10 22:31:45 | INFO | Sent message to topic 'buzzline_json': {'message': 'Distributed systems are fascinating.', 'author': 'Bob'}
2025-09-10 22:31:46 | INFO | Sent message to topic 'buzzline_json': {'message': 'Kafka is awesome.', 'author': 'Alice'}
2025-09-10 22:31:46 | INFO | Processed JSON message: {'message': 'Kafka is awesome.', 'author': 'Alice'}
2025-09-10 22:31:46 | INFO | Message received from author: Alice
2025-09-10 22:31:46 | INFO | Updated author counts: {'Charlie': 145, 'Alice': 225, 'Diana': 252, 'Bob': 163, 'Eve': 163}
2025-09-10 22:31:47 | INFO | Processed JSON message: {'message': 'Streaming data is fun.', 'author': 'Alice'}
2025-09-10 22:31:47 | INFO | Message received from author: Alice
2025-09-10 22:31:47 | INFO | Updated author counts: {'Charlie': 145, 'Alice': 226, 'Diana': 252, 'Bob': 163, 'Eve': 163}
2025-09-10 22:31:47 | INFO | Sent message to topic 'buzzline_json': {'message': 'Streaming data is fun.', 'author': 'Alice'}
2025-09-10 22:31:48 | INFO | Processed JSON message: {'message': 'Have a great day!', 'author': 'Diana'}
2025-09-10 22:31:48 | INFO | Message received from author: Diana
2025-09-10 22:31:48 | INFO | Updated author counts: {'Charlie': 145, 'Alice': 226, 'Diana': 253, 'Bob': 163, 'Eve': 163}
2025-09-10 22:31:48 | INFO | Sent message to topic 'buzzline_json': {'message': 'Have a great day!', 'author': 'Diana'}
2025-09-10 22:31:49 | INFO | Processed JSON message: {'message': 'Streaming data is fun.', 'author': 'Alice'}
2025-09-10 22:31:49 | INFO | Message received from author: Alice
2025-09-10 22:31:49 | INFO | Updated author counts: {'Charlie': 145, 'Alice': 227, 'Diana': 253, 'Bob': 163, 'Eve': 163}
2025-09-10 22:31:49 | INFO | Sent message to topic 'buzzline_json': {'message': 'Streaming data is fun.', 'author': 'Alice'}
2025-09-10 22:31:50 | INFO | Sent message to topic 'buzzline_json': {'message': 'This is a buzz message.', 'author': 'Diana'}
2025-09-10 22:31:50 | INFO | Processed JSON message: {'message': 'This is a buzz message.', 'author': 'Diana'}
2025-09-10 22:31:50 | INFO | Message received from author: Diana
2025-09-10 22:31:50 | INFO | Updated author counts: {'Charlie': 145, 'Alice': 227, 'Diana': 254, 'Bob': 163, 'Eve': 163}
2025-09-10 22:31:51 | INFO | Sent message to topic 'buzzline_json': {'message': 'Data engineering is my passion.', 'author': 'Bob'}
2025-09-10 22:31:51 | INFO | Processed JSON message: {'message': 'Data engineering is my passion.', 'author': 'Bob'}
2025-09-10 22:31:51 | INFO | Message received from author: Bob
2025-09-10 22:31:51 | INFO | Updated author counts: {'Charlie': 145, 'Alice': 227, 'Diana': 254, 'Bob': 164, 'Eve': 163}
2025-09-10 22:31:52 | INFO | Sent message to topic 'buzzline_json': {'message': 'Have a great day!', 'author': 'Diana'}
2025-09-10 22:31:52 | INFO | Processed JSON message: {'message': 'Have a great day!', 'author': 'Diana'}
2025-09-10 22:31:52 | INFO | Message received from author: Diana
2025-09-10 22:31:52 | INFO | Updated author counts: {'Charlie': 145, 'Alice': 227, 'Diana': 255, 'Bob': 164, 'Eve': 163}
2025-09-10 22:31:53 | INFO | Processed JSON message: {'message': 'Kafka is awesome.', 'author': 'Alice'}
2025-09-10 22:31:53 | INFO | Message received from author: Alice
2025-09-10 22:31:53 | INFO | Updated author counts: {'Charlie': 145, 'Alice': 228, 'Diana': 255, 'Bob': 164, 'Eve': 163}
2025-09-10 22:31:53 | INFO | Sent message to topic 'buzzline_json': {'message': 'Kafka is awesome.', 'author': 'Alice'}
2025-09-10 22:31:54 | INFO | Processed JSON message: {'message': 'Kafka is awesome.', 'author': 'Eve'}
2025-09-10 22:31:54 | INFO | Message received from author: Eve
2025-09-10 22:31:54 | INFO | Updated author counts: {'Charlie': 145, 'Alice': 228, 'Diana': 255, 'Bob': 164, 'Eve': 164}
2025-09-10 22:31:54 | INFO | Sent message to topic 'buzzline_json': {'message': 'Kafka is awesome.', 'author': 'Eve'}
2025-09-10 22:31:55 | INFO | Sent message to topic 'buzzline_json': {'message': 'Have a great day!', 'author': 'Diana'}
2025-09-10 22:31:55 | INFO | Processed JSON message: {'message': 'Have a great day!', 'author': 'Diana'}
2025-09-10 22:31:55 | INFO | Message received from author: Diana
2025-09-10 22:31:55 | INFO | Updated author counts: {'Charlie': 145, 'Alice': 228, 'Diana': 256, 'Bob': 164, 'Eve': 164}
2025-09-10 22:31:56 | INFO | Sent message to topic 'buzzline_json': {'message': 'Buzz messages for everyone.', 'author': 'Charlie'}
2025-09-10 22:31:56 | INFO | Processed JSON message: {'message': 'Buzz messages for everyone.', 'author': 'Charlie'}
2025-09-10 22:31:56 | INFO | Message received from author: Charlie
2025-09-10 22:31:56 | INFO | Updated author counts: {'Charlie': 146, 'Alice': 228, 'Diana': 256, 'Bob': 164, 'Eve': 164}
2025-09-10 22:31:57 | INFO | Sent message to topic 'buzzline_json': {'message': 'This is a buzz message.', 'author': 'Charlie'}
2025-09-10 22:31:57 | INFO | Processed JSON message: {'message': 'This is a buzz message.', 'author': 'Charlie'}
2025-09-10 22:31:57 | INFO | Message received from author: Charlie
2025-09-10 22:31:57 | INFO | Updated author counts: {'Charlie': 147, 'Alice': 228, 'Diana': 256, 'Bob': 164, 'Eve': 164}
2025-09-10 22:31:58 | INFO | Processed JSON message: {'message': 'Streaming data is fun.', 'author': 'Alice'}
2025-09-10 22:31:58 | INFO | Message received from author: Alice
2025-09-10 22:31:58 | INFO | Updated author counts: {'Charlie': 147, 'Alice': 229, 'Diana': 256, 'Bob': 164, 'Eve': 164}
2025-09-10 22:31:58 | INFO | Sent message to topic 'buzzline_json': {'message': 'Streaming data is fun.', 'author': 'Alice'}
2025-09-10 22:31:59 | INFO | Sent message to topic 'buzzline_json': {'message': 'Hello, Kafka world!', 'author': 'Diana'}
2025-09-10 22:31:59 | INFO | Processed JSON message: {'message': 'Hello, Kafka world!', 'author': 'Diana'}
2025-09-10 22:31:59 | INFO | Message received from author: Diana
2025-09-10 22:31:59 | INFO | Updated author counts: {'Charlie': 147, 'Alice': 229, 'Diana': 257, 'Bob': 164, 'Eve': 164}
2025-09-10 22:32:00 | INFO | Sent message to topic 'buzzline_json': {'message': 'Kafka is awesome.', 'author': 'Bob'}
2025-09-10 22:32:00 | INFO | Processed JSON message: {'message': 'Kafka is awesome.', 'author': 'Bob'}
2025-09-10 22:32:00 | INFO | Message received from author: Bob
2025-09-10 22:32:00 | INFO | Updated author counts: {'Charlie': 147, 'Alice': 229, 'Diana': 257, 'Bob': 165, 'Eve': 164}
2025-09-10 22:32:01 | INFO | Sent message to topic 'buzzline_json': {'message': 'I love Python!', 'author': 'Eve'}
2025-09-10 22:32:01 | INFO | Processed JSON message: {'message': 'I love Python!', 'author': 'Eve'}
2025-09-10 22:32:01 | INFO | Message received from author: Eve
2025-09-10 22:32:01 | INFO | Updated author counts: {'Charlie': 147, 'Alice': 229, 'Diana': 257, 'Bob': 165, 'Eve': 165}
2025-09-10 22:32:02 | INFO | Sent message to topic 'buzzline_json': {'message': 'JSON makes life easier.', 'author': 'Charlie'}
2025-09-10 22:32:02 | INFO | Processed JSON message: {'message': 'JSON makes life easier.', 'author': 'Charlie'}
2025-09-10 22:32:02 | INFO | Message received from author: Charlie
2025-09-10 22:32:02 | INFO | Updated author counts: {'Charlie': 148, 'Alice': 229, 'Diana': 257, 'Bob': 165, 'Eve': 165}
2025-09-10 22:32:03 | INFO | Sent message to topic 'buzzline_json': {'message': 'I love Python!', 'author': 'Charlie'}
2025-09-10 22:32:03 | INFO | Processed JSON message: {'message': 'I love Python!', 'author': 'Charlie'}
2025-09-10 22:32:03 | INFO | Message received from author: Charlie
2025-09-10 22:32:03 | INFO | Updated author counts: {'Charlie': 149, 'Alice': 229, 'Diana': 257, 'Bob': 165, 'Eve': 165}
2025-09-10 22:32:04 | INFO | Sent message to topic 'buzzline_json': {'message': 'I love Python!', 'author': 'Charlie'}
2025-09-10 22:32:04 | INFO | Processed JSON message: {'message': 'I love Python!', 'author': 'Charlie'}
2025-09-10 22:32:04 | INFO | Message received from author: Charlie
2025-09-10 22:32:04 | INFO | Updated author counts: {'Charlie': 150, 'Alice': 229, 'Diana': 257, 'Bob': 165, 'Eve': 165}
2025-09-10 22:32:05 | INFO | Sent message to topic 'buzzline_json': {'message': 'I love Python!', 'author': 'Diana'}
2025-09-10 22:32:05 | INFO | Processed JSON message: {'message': 'I love Python!', 'author': 'Diana'}
2025-09-10 22:32:05 | INFO | Message received from author: Diana
2025-09-10 22:32:05 | INFO | Updated author counts: {'Charlie': 150, 'Alice': 229, 'Diana': 258, 'Bob': 165, 'Eve': 165}
2025-09-10 22:32:06 | INFO | Sent message to topic 'buzzline_json': {'message': 'Streaming data is fun.', 'author': 'Diana'}
2025-09-10 22:32:06 | INFO | Processed JSON message: {'message': 'Streaming data is fun.', 'author': 'Diana'}
2025-09-10 22:32:06 | INFO | Message received from author: Diana
2025-09-10 22:32:06 | INFO | Updated author counts: {'Charlie': 150, 'Alice': 229, 'Diana': 259, 'Bob': 165, 'Eve': 165}
2025-09-10 22:32:07 | INFO | Sent message to topic 'buzzline_json': {'message': 'Data engineering is my passion.', 'author': 'Eve'}
2025-09-10 22:32:07 | INFO | Processed JSON message: {'message': 'Data engineering is my passion.', 'author': 'Eve'}
2025-09-10 22:32:07 | INFO | Message received from author: Eve
2025-09-10 22:32:07 | INFO | Updated author counts: {'Charlie': 150, 'Alice': 229, 'Diana': 259, 'Bob': 165, 'Eve': 166}
2025-09-10 22:32:08 | INFO | Sent message to topic 'buzzline_json': {'message': 'Buzz messages for everyone.', 'author': 'Eve'}
2025-09-10 22:32:08 | INFO | Processed JSON message: {'message': 'Buzz messages for everyone.', 'author': 'Eve'}
2025-09-10 22:32:08 | INFO | Message received from author: Eve
2025-09-10 22:32:08 | INFO | Updated author counts: {'Charlie': 150, 'Alice': 229, 'Diana': 259, 'Bob': 165, 'Eve': 167}
2025-09-10 22:32:09 | INFO | Sent message to topic 'buzzline_json': {'message': 'JSON makes life easier.', 'author': 'Eve'}
2025-09-10 22:32:09 | INFO | Processed JSON message: {'message': 'JSON makes life easier.', 'author': 'Eve'}
2025-09-10 22:32:09 | INFO | Message received from author: Eve
2025-09-10 22:32:09 | INFO | Updated author counts: {'Charlie': 150, 'Alice': 229, 'Diana': 259, 'Bob': 165, 'Eve': 168}
2025-09-10 22:32:10 | INFO | Processed JSON message: {'message': 'Have a great day!', 'author': 'Alice'}
2025-09-10 22:32:10 | INFO | Message received from author: Alice
2025-09-10 22:32:10 | INFO | Updated author counts: {'Charlie': 150, 'Alice': 230, 'Diana': 259, 'Bob': 165, 'Eve': 168}
2025-09-10 22:32:10 | INFO | Sent message to topic 'buzzline_json': {'message': 'Have a great day!', 'author': 'Alice'}
2025-09-10 22:32:11 | INFO | Sent message to topic 'buzzline_json': {'message': 'I love Python!', 'author': 'Bob'}
2025-09-10 22:32:11 | INFO | Processed JSON message: {'message': 'I love Python!', 'author': 'Bob'}
2025-09-10 22:32:11 | INFO | Message received from author: Bob
2025-09-10 22:32:11 | INFO | Updated author counts: {'Charlie': 150, 'Alice': 230, 'Diana': 259, 'Bob': 166, 'Eve': 168}
2025-09-10 22:32:12 | INFO | Sent message to topic 'buzzline_json': {'message': 'I love Python!', 'author': 'Bob'}
2025-09-10 22:32:12 | INFO | Processed JSON message: {'message': 'I love Python!', 'author': 'Bob'}
2025-09-10 22:32:12 | INFO | Message received from author: Bob
2025-09-10 22:32:12 | INFO | Updated author counts: {'Charlie': 150, 'Alice': 230, 'Diana': 259, 'Bob': 167, 'Eve': 168}
2025-09-10 22:32:13 | INFO | Sent message to topic 'buzzline_json': {'message': 'This is a buzz message.', 'author': 'Eve'}
2025-09-10 22:32:13 | INFO | Processed JSON message: {'message': 'This is a buzz message.', 'author': 'Eve'}
2025-09-10 22:32:13 | INFO | Message received from author: Eve
2025-09-10 22:32:13 | INFO | Updated author counts: {'Charlie': 150, 'Alice': 230, 'Diana': 259, 'Bob': 167, 'Eve': 169}
2025-09-10 22:32:14 | INFO | Processed JSON message: {'message': 'This is a buzz message.', 'author': 'Alice'}
2025-09-10 22:32:14 | INFO | Message received from author: Alice
2025-09-10 22:32:14 | INFO | Updated author counts: {'Charlie': 150, 'Alice': 231, 'Diana': 259, 'Bob': 167, 'Eve': 169}
2025-09-10 22:32:14 | INFO | Sent message to topic 'buzzline_json': {'message': 'This is a buzz message.', 'author': 'Alice'}
2025-09-10 22:32:15 | INFO | Sent message to topic 'buzzline_json': {'message': 'Distributed systems are fascinating.', 'author': 'Diana'}
2025-09-10 22:32:15 | INFO | Processed JSON message: {'message': 'Distributed systems are fascinating.', 'author': 'Diana'}
2025-09-10 22:32:15 | INFO | Message received from author: Diana
2025-09-10 22:32:15 | INFO | Updated author counts: {'Charlie': 150, 'Alice': 231, 'Diana': 260, 'Bob': 167, 'Eve': 169}
2025-09-10 22:32:16 | INFO | Processed JSON message: {'message': 'Streaming data is fun.', 'author': 'Eve'}
2025-09-10 22:32:16 | INFO | Message received from author: Eve
2025-09-10 22:32:16 | INFO | Updated author counts: {'Charlie': 150, 'Alice': 231, 'Diana': 260, 'Bob': 167, 'Eve': 170}
2025-09-10 22:32:16 | INFO | Sent message to topic 'buzzline_json': {'message': 'Streaming data is fun.', 'author': 'Eve'}
2025-09-10 22:32:17 | INFO | Sent message to topic 'buzzline_json': {'message': 'Have a great day!', 'author': 'Charlie'}
2025-09-10 22:32:17 | INFO | Processed JSON message: {'message': 'Have a great day!', 'author': 'Charlie'}
2025-09-10 22:32:17 | INFO | Message received from author: Charlie
2025-09-10 22:32:17 | INFO | Updated author counts: {'Charlie': 151, 'Alice': 231, 'Diana': 260, 'Bob': 167, 'Eve': 170}
2025-09-10 22:32:18 | INFO | Sent message to topic 'buzzline_json': {'message': 'JSON makes life easier.', 'author': 'Eve'}
2025-09-10 22:32:18 | INFO | Processed JSON message: {'message': 'JSON makes life easier.', 'author': 'Eve'}
2025-09-10 22:32:18 | INFO | Message received from author: Eve
2025-09-10 22:32:18 | INFO | Updated author counts: {'Charlie': 151, 'Alice': 231, 'Diana': 260, 'Bob': 167, 'Eve': 171}
2025-09-10 22:32:19 | INFO | Processed JSON message: {'message': 'Buzz messages for everyone.', 'author': 'Diana'}
2025-09-10 22:32:19 | INFO | Message received from author: Diana
2025-09-10 22:32:19 | INFO | Updated author counts: {'Charlie': 151, 'Alice': 231, 'Diana': 261, 'Bob': 167, 'Eve': 171}
2025-09-10 22:32:19 | INFO | Sent message to topic 'buzzline_json': {'message': 'Buzz messages for everyone.', 'author': 'Diana'}
2025-09-10 22:32:20 | INFO | Processed JSON message: {'message': 'This is a buzz message.', 'author': 'Charlie'}
2025-09-10 22:32:20 | INFO | Message received from author: Charlie
2025-09-10 22:32:20 | INFO | Updated author counts: {'Charlie': 152, 'Alice': 231, 'Diana': 261, 'Bob': 167, 'Eve': 171}
2025-09-10 22:32:20 | INFO | Sent message to topic 'buzzline_json': {'message': 'This is a buzz message.', 'author': 'Charlie'}
2025-09-10 22:32:21 | INFO | Sent message to topic 'buzzline_json': {'message': 'Distributed systems are fascinating.', 'author': 'Charlie'}
2025-09-10 22:32:21 | INFO | Processed JSON message: {'message': 'Distributed systems are fascinating.', 'author': 'Charlie'}
2025-09-10 22:32:21 | INFO | Message received from author: Charlie
2025-09-10 22:32:21 | INFO | Updated author counts: {'Charlie': 153, 'Alice': 231, 'Diana': 261, 'Bob': 167, 'Eve': 171}
2025-09-10 22:32:22 | INFO | Sent message to topic 'buzzline_json': {'message': 'Buzz messages for everyone.', 'author': 'Bob'}
2025-09-10 22:32:22 | INFO | Processed JSON message: {'message': 'Buzz messages for everyone.', 'author': 'Bob'}
2025-09-10 22:32:22 | INFO | Message received from author: Bob
2025-09-10 22:32:22 | INFO | Updated author counts: {'Charlie': 153, 'Alice': 231, 'Diana': 261, 'Bob': 168, 'Eve': 171}
2025-09-10 22:32:23 | INFO | Sent message to topic 'buzzline_json': {'message': 'This is a buzz message.', 'author': 'Eve'}
2025-09-10 22:32:23 | INFO | Processed JSON message: {'message': 'This is a buzz message.', 'author': 'Eve'}
2025-09-10 22:32:23 | INFO | Message received from author: Eve
2025-09-10 22:32:23 | INFO | Updated author counts: {'Charlie': 153, 'Alice': 231, 'Diana': 261, 'Bob': 168, 'Eve': 172}
2025-09-10 22:32:24 | INFO | Sent message to topic 'buzzline_json': {'message': 'Data engineering is my passion.', 'author': 'Diana'}
2025-09-10 22:32:24 | INFO | Processed JSON message: {'message': 'Data engineering is my passion.', 'author': 'Diana'}
2025-09-10 22:32:24 | INFO | Message received from author: Diana
2025-09-10 22:32:24 | INFO | Updated author counts: {'Charlie': 153, 'Alice': 231, 'Diana': 262, 'Bob': 168, 'Eve': 172}
2025-09-10 22:32:25 | INFO | Sent message to topic 'buzzline_json': {'message': 'Data engineering is my passion.', 'author': 'Alice'}
2025-09-10 22:32:25 | INFO | Processed JSON message: {'message': 'Data engineering is my passion.', 'author': 'Alice'}
2025-09-10 22:32:25 | INFO | Message received from author: Alice
2025-09-10 22:32:25 | INFO | Updated author counts: {'Charlie': 153, 'Alice': 232, 'Diana': 262, 'Bob': 168, 'Eve': 172}
2025-09-10 22:32:26 | INFO | Sent message to topic 'buzzline_json': {'message': 'Buzz messages for everyone.', 'author': 'Diana'}
2025-09-10 22:32:26 | INFO | Processed JSON message: {'message': 'Buzz messages for everyone.', 'author': 'Diana'}
2025-09-10 22:32:26 | INFO | Message received from author: Diana
2025-09-10 22:32:26 | INFO | Updated author counts: {'Charlie': 153, 'Alice': 232, 'Diana': 263, 'Bob': 168, 'Eve': 172}
2025-09-10 22:32:27 | INFO | Processed JSON message: {'message': 'JSON makes life easier.', 'author': 'Alice'}
2025-09-10 22:32:27 | INFO | Message received from author: Alice
2025-09-10 22:32:27 | INFO | Updated author counts: {'Charlie': 153, 'Alice': 233, 'Diana': 263, 'Bob': 168, 'Eve': 172}
2025-09-10 22:32:27 | INFO | Sent message to topic 'buzzline_json': {'message': 'JSON makes life easier.', 'author': 'Alice'}
2025-09-10 22:32:28 | INFO | Opening data file in read mode: PROJECT_ROOT/data/buzz.json
2025-09-10 22:32:28 | INFO | Reading data from file: PROJECT_ROOT/data/buzz.json
2025-09-10 22:32:28 | INFO | Processed JSON message: {'message': 'Data engineering is my passion.', 'author': 'Eve'}
2025-09-10 22:32:28 | INFO | Message received from author: Eve
2025-09-10 22:32:28 | INFO | Updated author counts: {'Charlie': 153, 'Alice': 233, 'Diana': 263, 'Bob': 168, 'Eve': 173}
2025-09-10 22:32:28 | INFO | Sent message to topic 'buzzline_json': {'message': 'Data engineering is my passion.', 'author': 'Eve'}
2025-09-10 22:32:29 | INFO | Sent message to topic 'buzzline_json': {'message': 'Distributed systems are fascinating.', 'author': 'Alice'}
2025-09-10 22:32:29 | INFO | Processed JSON message: {'message': 'Distributed systems are fascinating.', 'author': 'Alice'}
2025-09-10 22:32:29 | INFO | Message received from author: Alice
2025-09-10 22:32:29 | INFO | Updated author counts: {'Charlie': 153, 'Alice': 234, 'Diana': 263, 'Bob': 168, 'Eve': 173}
2025-09-10 22:32:30 | INFO | Sent message to topic 'buzzline_json': {'message': 'Have a great day!', 'author': 'Charlie'}
2025-09-10 22:32:30 | INFO | Processed JSON message: {'message': 'Have a great day!', 'author': 'Charlie'}
2025-09-10 22:32:30 | INFO | Message received from author: Charlie
2025-09-10 22:32:30 | INFO | Updated author counts: {'Charlie': 154, 'Alice': 234, 'Diana': 263, 'Bob': 168, 'Eve': 173}
2025-09-10 22:32:31 | INFO | Sent message to topic 'buzzline_json': {'message': 'Data engineering is my passion.', 'author': 'Alice'}
2025-09-10 22:32:31 | INFO | Processed JSON message: {'message': 'Data engineering is my passion.', 'author': 'Alice'}
2025-09-10 22:32:31 | INFO | Message received from author: Alice
2025-09-10 22:32:31 | INFO | Updated author counts: {'Charlie': 154, 'Alice': 235, 'Diana': 263, 'Bob': 168, 'Eve': 173}
2025-09-10 22:32:32 | INFO | Sent message to topic 'buzzline_json': {'message': 'Distributed systems are fascinating.', 'author': 'Diana'}
2025-09-10 22:32:32 | INFO | Processed JSON message: {'message': 'Distributed systems are fascinating.', 'author': 'Diana'}
2025-09-10 22:32:32 | INFO | Message received from author: Diana
2025-09-10 22:32:32 | INFO | Updated author counts: {'Charlie': 154, 'Alice': 235, 'Diana': 264, 'Bob': 168, 'Eve': 173}
2025-09-10 22:32:33 | INFO | Processed JSON message: {'message': 'Buzz messages for everyone.', 'author': 'Alice'}
2025-09-10 22:32:33 | INFO | Message received from author: Alice
2025-09-10 22:32:33 | INFO | Updated author counts: {'Charlie': 154, 'Alice': 236, 'Diana': 264, 'Bob': 168, 'Eve': 173}
2025-09-10 22:32:33 | INFO | Sent message to topic 'buzzline_json': {'message': 'Buzz messages for everyone.', 'author': 'Alice'}
2025-09-10 22:32:34 | INFO | Processed JSON message: {'message': 'Hello, Kafka world!', 'author': 'Diana'}
2025-09-10 22:32:34 | INFO | Message received from author: Diana
2025-09-10 22:32:34 | INFO | Updated author counts: {'Charlie': 154, 'Alice': 236, 'Diana': 265, 'Bob': 168, 'Eve': 173}
2025-09-10 22:32:34 | INFO | Sent message to topic 'buzzline_json': {'message': 'Hello, Kafka world!', 'author': 'Diana'}
2025-09-10 22:32:35 | INFO | Sent message to topic 'buzzline_json': {'message': 'This is a buzz message.', 'author': 'Eve'}
2025-09-10 22:32:35 | INFO | Processed JSON message: {'message': 'This is a buzz message.', 'author': 'Eve'}
2025-09-10 22:32:35 | INFO | Message received from author: Eve
2025-09-10 22:32:35 | INFO | Updated author counts: {'Charlie': 154, 'Alice': 236, 'Diana': 265, 'Bob': 168, 'Eve': 174}
2025-09-10 22:32:36 | INFO | Sent message to topic 'buzzline_json': {'message': 'JSON makes life easier.', 'author': 'Eve'}
2025-09-10 22:32:36 | INFO | Processed JSON message: {'message': 'JSON makes life easier.', 'author': 'Eve'}
2025-09-10 22:32:36 | INFO | Message received from author: Eve
2025-09-10 22:32:36 | INFO | Updated author counts: {'Charlie': 154, 'Alice': 236, 'Diana': 265, 'Bob': 168, 'Eve': 175}
2025-09-10 22:32:37 | INFO | Processed JSON message: {'message': 'JSON makes life easier.', 'author': 'Alice'}
2025-09-10 22:32:37 | INFO | Message received from author: Alice
2025-09-10 22:32:37 | INFO | Updated author counts: {'Charlie': 154, 'Alice': 237, 'Diana': 265, 'Bob': 168, 'Eve': 175}
2025-09-10 22:32:37 | INFO | Sent message to topic 'buzzline_json': {'message': 'JSON makes life easier.', 'author': 'Alice'}
2025-09-10 22:32:38 | INFO | Processed JSON message: {'message': 'Data engineering is my passion.', 'author': 'Diana'}
2025-09-10 22:32:38 | INFO | Message received from author: Diana
2025-09-10 22:32:38 | INFO | Updated author counts: {'Charlie': 154, 'Alice': 237, 'Diana': 266, 'Bob': 168, 'Eve': 175}
2025-09-10 22:32:38 | INFO | Sent message to topic 'buzzline_json': {'message': 'Data engineering is my passion.', 'author': 'Diana'}
2025-09-10 22:32:39 | INFO | Processed JSON message: {'message': 'JSON makes life easier.', 'author': 'Diana'}
2025-09-10 22:32:39 | INFO | Message received from author: Diana
2025-09-10 22:32:39 | INFO | Updated author counts: {'Charlie': 154, 'Alice': 237, 'Diana': 267, 'Bob': 168, 'Eve': 175}
2025-09-10 22:32:39 | INFO | Sent message to topic 'buzzline_json': {'message': 'JSON makes life easier.', 'author': 'Diana'}
2025-09-10 22:32:40 | INFO | Sent message to topic 'buzzline_json': {'message': 'Kafka is awesome.', 'author': 'Charlie'}
2025-09-10 22:32:40 | INFO | Processed JSON message: {'message': 'Kafka is awesome.', 'author': 'Charlie'}
2025-09-10 22:32:40 | INFO | Message received from author: Charlie
2025-09-10 22:32:40 | INFO | Updated author counts: {'Charlie': 155, 'Alice': 237, 'Diana': 267, 'Bob': 168, 'Eve': 175}
2025-09-10 22:32:41 | INFO | Sent message to topic 'buzzline_json': {'message': 'JSON makes life easier.', 'author': 'Bob'}
2025-09-10 22:32:41 | INFO | Processed JSON message: {'message': 'JSON makes life easier.', 'author': 'Bob'}
2025-09-10 22:32:41 | INFO | Message received from author: Bob
2025-09-10 22:32:41 | INFO | Updated author counts: {'Charlie': 155, 'Alice': 237, 'Diana': 267, 'Bob': 169, 'Eve': 175}
2025-09-10 22:32:42 | INFO | Sent message to topic 'buzzline_json': {'message': 'I love Python!', 'author': 'Bob'}
2025-09-10 22:32:42 | INFO | Processed JSON message: {'message': 'I love Python!', 'author': 'Bob'}
2025-09-10 22:32:42 | INFO | Message received from author: Bob
2025-09-10 22:32:42 | INFO | Updated author counts: {'Charlie': 155, 'Alice': 237, 'Diana': 267, 'Bob': 170, 'Eve': 175}
2025-09-10 22:32:43 | INFO | Sent message to topic 'buzzline_json': {'message': 'This is a buzz message.', 'author': 'Eve'}
2025-09-10 22:32:43 | INFO | Processed JSON message: {'message': 'This is a buzz message.', 'author': 'Eve'}
2025-09-10 22:32:43 | INFO | Message received from author: Eve
2025-09-10 22:32:43 | INFO | Updated author counts: {'Charlie': 155, 'Alice': 237, 'Diana': 267, 'Bob': 170, 'Eve': 176}
2025-09-10 22:32:44 | INFO | Sent message to topic 'buzzline_json': {'message': 'I love Python!', 'author': 'Eve'}
2025-09-10 22:32:44 | INFO | Processed JSON message: {'message': 'I love Python!', 'author': 'Eve'}
2025-09-10 22:32:44 | INFO | Message received from author: Eve
2025-09-10 22:32:44 | INFO | Updated author counts: {'Charlie': 155, 'Alice': 237, 'Diana': 267, 'Bob': 170, 'Eve': 177}
2025-09-10 22:32:45 | INFO | Sent message to topic 'buzzline_json': {'message': 'Buzz messages for everyone.', 'author': 'Alice'}
2025-09-10 22:32:45 | INFO | Processed JSON message: {'message': 'Buzz messages for everyone.', 'author': 'Alice'}
2025-09-10 22:32:45 | INFO | Message received from author: Alice
2025-09-10 22:32:45 | INFO | Updated author counts: {'Charlie': 155, 'Alice': 238, 'Diana': 267, 'Bob': 170, 'Eve': 177}
2025-09-10 22:32:46 | INFO | Sent message to topic 'buzzline_json': {'message': 'This is a buzz message.', 'author': 'Alice'}
2025-09-10 22:32:46 | INFO | Processed JSON message: {'message': 'This is a buzz message.', 'author': 'Alice'}
2025-09-10 22:32:46 | INFO | Message received from author: Alice
2025-09-10 22:32:46 | INFO | Updated author counts: {'Charlie': 155, 'Alice': 239, 'Diana': 267, 'Bob': 170, 'Eve': 177}
2025-09-10 22:32:47 | INFO | Sent message to topic 'buzzline_json': {'message': 'Data engineering is my passion.', 'author': 'Diana'}
2025-09-10 22:32:47 | INFO | Processed JSON message: {'message': 'Data engineering is my passion.', 'author': 'Diana'}
2025-09-10 22:32:47 | INFO | Message received from author: Diana
2025-09-10 22:32:47 | INFO | Updated author counts: {'Charlie': 155, 'Alice': 239, 'Diana': 268, 'Bob': 170, 'Eve': 177}
2025-09-10 22:32:48 | INFO | Sent message to topic 'buzzline_json': {'message': 'I love Python!', 'author': 'Eve'}
2025-09-10 22:32:48 | INFO | Processed JSON message: {'message': 'I love Python!', 'author': 'Eve'}
2025-09-10 22:32:48 | INFO | Message received from author: Eve
2025-09-10 22:32:48 | INFO | Updated author counts: {'Charlie': 155, 'Alice': 239, 'Diana': 268, 'Bob': 170, 'Eve': 178}
2025-09-10 22:32:49 | INFO | Processed JSON message: {'message': 'JSON makes life easier.', 'author': 'Charlie'}
2025-09-10 22:32:49 | INFO | Message received from author: Charlie
2025-09-10 22:32:49 | INFO | Updated author counts: {'Charlie': 156, 'Alice': 239, 'Diana': 268, 'Bob': 170, 'Eve': 178}
2025-09-10 22:32:49 | INFO | Sent message to topic 'buzzline_json': {'message': 'JSON makes life easier.', 'author': 'Charlie'}
2025-09-10 22:32:50 | INFO | Processed JSON message: {'message': 'Have a great day!', 'author': 'Bob'}
2025-09-10 22:32:50 | INFO | Message received from author: Bob
2025-09-10 22:32:50 | INFO | Updated author counts: {'Charlie': 156, 'Alice': 239, 'Diana': 268, 'Bob': 171, 'Eve': 178}
2025-09-10 22:32:50 | INFO | Sent message to topic 'buzzline_json': {'message': 'Have a great day!', 'author': 'Bob'}
2025-09-10 22:32:51 | INFO | Sent message to topic 'buzzline_json': {'message': 'Data engineering is my passion.', 'author': 'Alice'}
2025-09-10 22:32:51 | INFO | Processed JSON message: {'message': 'Data engineering is my passion.', 'author': 'Alice'}
2025-09-10 22:32:51 | INFO | Message received from author: Alice
2025-09-10 22:32:51 | INFO | Updated author counts: {'Charlie': 156, 'Alice': 240, 'Diana': 268, 'Bob': 171, 'Eve': 178}
2025-09-10 22:32:52 | INFO | Sent message to topic 'buzzline_json': {'message': 'Kafka is awesome.', 'author': 'Diana'}
2025-09-10 22:32:52 | INFO | Processed JSON message: {'message': 'Kafka is awesome.', 'author': 'Diana'}
2025-09-10 22:32:52 | INFO | Message received from author: Diana
2025-09-10 22:32:52 | INFO | Updated author counts: {'Charlie': 156, 'Alice': 240, 'Diana': 269, 'Bob': 171, 'Eve': 178}
2025-09-10 22:32:53 | INFO | Sent message to topic 'buzzline_json': {'message': 'Kafka is awesome.', 'author': 'Diana'}
2025-09-10 22:32:53 | INFO | Processed JSON message: {'message': 'Kafka is awesome.', 'author': 'Diana'}
2025-09-10 22:32:53 | INFO | Message received from author: Diana
2025-09-10 22:32:53 | INFO | Updated author counts: {'Charlie': 156, 'Alice': 240, 'Diana': 270, 'Bob': 171, 'Eve': 178}
2025-09-10 22:32:54 | INFO | Sent message to topic 'buzzline_json': {'message': 'Hello, Kafka world!', 'author': 'Bob'}
2025-09-10 22:32:54 | INFO | Processed JSON message: {'message': 'Hello, Kafka world!', 'author': 'Bob'}
2025-09-10 22:32:54 | INFO | Message received from author: Bob
2025-09-10 22:32:54 | INFO | Updated author counts: {'Charlie': 156, 'Alice': 240, 'Diana': 270, 'Bob': 172, 'Eve': 178}
2025-09-10 22:32:55 | INFO | Sent message to topic 'buzzline_json': {'message': 'Distributed systems are fascinating.', 'author': 'Diana'}
2025-09-10 22:32:55 | INFO | Processed JSON message: {'message': 'Distributed systems are fascinating.', 'author': 'Diana'}
2025-09-10 22:32:55 | INFO | Message received from author: Diana
2025-09-10 22:32:55 | INFO | Updated author counts: {'Charlie': 156, 'Alice': 240, 'Diana': 271, 'Bob': 172, 'Eve': 178}
2025-09-10 22:32:56 | INFO | Sent message to topic 'buzzline_json': {'message': 'I love Python!', 'author': 'Diana'}
2025-09-10 22:32:56 | INFO | Processed JSON message: {'message': 'I love Python!', 'author': 'Diana'}
2025-09-10 22:32:56 | INFO | Message received from author: Diana
2025-09-10 22:32:56 | INFO | Updated author counts: {'Charlie': 156, 'Alice': 240, 'Diana': 272, 'Bob': 172, 'Eve': 178}
2025-09-10 22:32:57 | INFO | Sent message to topic 'buzzline_json': {'message': 'Have a great day!', 'author': 'Alice'}
2025-09-10 22:32:57 | INFO | Processed JSON message: {'message': 'Have a great day!', 'author': 'Alice'}
2025-09-10 22:32:57 | INFO | Message received from author: Alice
2025-09-10 22:32:57 | INFO | Updated author counts: {'Charlie': 156, 'Alice': 241, 'Diana': 272, 'Bob': 172, 'Eve': 178}
2025-09-10 22:32:58 | INFO | Sent message to topic 'buzzline_json': {'message': 'Hello, Kafka world!', 'author': 'Charlie'}
2025-09-10 22:32:58 | INFO | Processed JSON message: {'message': 'Hello, Kafka world!', 'author': 'Charlie'}
2025-09-10 22:32:58 | INFO | Message received from author: Charlie
2025-09-10 22:32:58 | INFO | Updated author counts: {'Charlie': 157, 'Alice': 241, 'Diana': 272, 'Bob': 172, 'Eve': 178}
2025-09-10 22:32:59 | INFO | Sent message to topic 'buzzline_json': {'message': 'JSON makes life easier.', 'author': 'Diana'}
2025-09-10 22:32:59 | INFO | Processed JSON message: {'message': 'JSON makes life easier.', 'author': 'Diana'}
2025-09-10 22:32:59 | INFO | Message received from author: Diana
2025-09-10 22:32:59 | INFO | Updated author counts: {'Charlie': 157, 'Alice': 241, 'Diana': 273, 'Bob': 172, 'Eve': 178}
2025-09-10 22:33:00 | INFO | Sent message to topic 'buzzline_json': {'message': 'I love Python!', 'author': 'Bob'}
2025-09-10 22:33:00 | INFO | Processed JSON message: {'message': 'I love Python!', 'author': 'Bob'}
2025-09-10 22:33:00 | INFO | Message received from author: Bob
2025-09-10 22:33:00 | INFO | Updated author counts: {'Charlie': 157, 'Alice': 241, 'Diana': 273, 'Bob': 173, 'Eve': 178}
2025-09-10 22:33:01 | INFO | Sent message to topic 'buzzline_json': {'message': 'Have a great day!', 'author': 'Diana'}
2025-09-10 22:33:01 | INFO | Processed JSON message: {'message': 'Have a great day!', 'author': 'Diana'}
2025-09-10 22:33:01 | INFO | Message received from author: Diana
2025-09-10 22:33:01 | INFO | Updated author counts: {'Charlie': 157, 'Alice': 241, 'Diana': 274, 'Bob': 173, 'Eve': 178}
2025-09-10 22:33:02 | INFO | Sent message to topic 'buzzline_json': {'message': 'Hello, Kafka world!', 'author': 'Alice'}
2025-09-10 22:33:02 | INFO | Processed JSON message: {'message': 'Hello, Kafka world!', 'author': 'Alice'}
2025-09-10 22:33:02 | INFO | Message received from author: Alice
2025-09-10 22:33:02 | INFO | Updated author counts: {'Charlie': 157, 'Alice': 242, 'Diana': 274, 'Bob': 173, 'Eve': 178}
2025-09-10 22:33:03 | INFO | Processed JSON message: {'message': 'JSON makes life easier.', 'author': 'Alice'}
2025-09-10 22:33:03 | INFO | Message received from author: Alice
2025-09-10 22:33:03 | INFO | Updated author counts: {'Charlie': 157, 'Alice': 243, 'Diana': 274, 'Bob': 173, 'Eve': 178}
2025-09-10 22:33:03 | INFO | Sent message to topic 'buzzline_json': {'message': 'JSON makes life easier.', 'author': 'Alice'}
2025-09-10 22:33:04 | INFO | Sent message to topic 'buzzline_json': {'message': 'Buzz messages for everyone.', 'author': 'Charlie'}
2025-09-10 22:33:04 | INFO | Processed JSON message: {'message': 'Buzz messages for everyone.', 'author': 'Charlie'}
2025-09-10 22:33:04 | INFO | Message received from author: Charlie
2025-09-10 22:33:04 | INFO | Updated author counts: {'Charlie': 158, 'Alice': 243, 'Diana': 274, 'Bob': 173, 'Eve': 178}
2025-09-10 22:33:05 | INFO | Processed JSON message: {'message': 'Buzz messages for everyone.', 'author': 'Bob'}
2025-09-10 22:33:05 | INFO | Message received from author: Bob
