2025-09-11 14:49:27 | INFO | Processed JSON message: {'timestamp': '2025-09-11T19:49:27.041836', 'machine_id': 'Traeger', 'temperature': 76.0}
2025-09-11 14:49:27 | INFO | Rolling window size: 10
2025-09-11 14:49:27 | INFO | Max stall temperature range: 0.2 F
2025-09-11 14:49:27 | INFO | Sent message to topic 'buzzline_json': {'message': 'Streaming data is fun.', 'author': 'Eve'}
2025-09-11 14:49:27 | INFO | Processed JSON message: {'message': 'Streaming data is fun.', 'author': 'Eve'}
2025-09-11 14:49:27 | INFO | Message received from author: Eve
2025-09-11 14:49:27 | INFO | Updated author counts: {'Eve': 110, 'Alice': 158, 'Charlie': 96, 'Diana': 177, 'Bob': 112}
2025-09-11 14:49:28 | INFO | Sent message to topic 'buzzline_json': {'message': 'Kafka is awesome.', 'author': 'Alice'}
2025-09-11 14:49:28 | INFO | Processed JSON message: {'message': 'Kafka is awesome.', 'author': 'Alice'}
2025-09-11 14:49:28 | INFO | Message received from author: Alice
2025-09-11 14:49:28 | INFO | Updated author counts: {'Eve': 110, 'Alice': 159, 'Charlie': 96, 'Diana': 177, 'Bob': 112}
2025-09-11 14:49:29 | INFO | Sent message to topic 'buzzline_json': {'message': 'JSON makes life easier.', 'author': 'Bob'}
2025-09-11 14:49:29 | INFO | Processed JSON message: {'message': 'JSON makes life easier.', 'author': 'Bob'}
2025-09-11 14:49:29 | INFO | Message received from author: Bob
2025-09-11 14:49:29 | INFO | Updated author counts: {'Eve': 110, 'Alice': 159, 'Charlie': 96, 'Diana': 177, 'Bob': 113}
2025-09-11 14:49:30 | INFO | Sent message to topic 'buzzline_json': {'message': 'This is a buzz message.', 'author': 'Charlie'}
2025-09-11 14:49:30 | INFO | Processed JSON message: {'message': 'This is a buzz message.', 'author': 'Charlie'}
2025-09-11 14:49:30 | INFO | Message received from author: Charlie
2025-09-11 14:49:30 | INFO | Updated author counts: {'Eve': 110, 'Alice': 159, 'Charlie': 97, 'Diana': 177, 'Bob': 113}
2025-09-11 14:49:31 | INFO | Sent message to topic 'buzzline_json': {'message': 'Have a great day!', 'author': 'Diana'}
2025-09-11 14:49:31 | INFO | Processed JSON message: {'message': 'Have a great day!', 'author': 'Diana'}
2025-09-11 14:49:31 | INFO | Message received from author: Diana
2025-09-11 14:49:31 | INFO | Updated author counts: {'Eve': 110, 'Alice': 159, 'Charlie': 97, 'Diana': 178, 'Bob': 113}
2025-09-11 14:49:32 | INFO | Sent message to topic 'smoker_csv': {'timestamp': '2025-09-11T19:49:32.048298', 'machine_id': 'GreenEgg 1', 'temperature': 76.4}
2025-09-11 14:49:32 | INFO | Processed JSON message: {'timestamp': '2025-09-11T19:49:32.048298', 'machine_id': 'GreenEgg 1', 'temperature': 76.4}
2025-09-11 14:49:32 | INFO | Rolling window size: 10
2025-09-11 14:49:32 | INFO | Max stall temperature range: 0.2 F
2025-09-11 14:49:32 | INFO | Sent message to topic 'buzzline_json': {'message': 'Distributed systems are fascinating.', 'author': 'Bob'}
2025-09-11 14:49:32 | INFO | Processed JSON message: {'message': 'Distributed systems are fascinating.', 'author': 'Bob'}
2025-09-11 14:49:32 | INFO | Message received from author: Bob
2025-09-11 14:49:32 | INFO | Updated author counts: {'Eve': 110, 'Alice': 159, 'Charlie': 97, 'Diana': 178, 'Bob': 114}
2025-09-11 14:49:33 | INFO | Sent message to topic 'buzzline_json': {'message': 'Kafka is awesome.', 'author': 'Alice'}
2025-09-11 14:49:33 | INFO | Processed JSON message: {'message': 'Kafka is awesome.', 'author': 'Alice'}
2025-09-11 14:49:33 | INFO | Message received from author: Alice
2025-09-11 14:49:33 | INFO | Updated author counts: {'Eve': 110, 'Alice': 160, 'Charlie': 97, 'Diana': 178, 'Bob': 114}
2025-09-11 14:49:34 | INFO | Sent message to topic 'buzzline_json': {'message': 'Streaming data is fun.', 'author': 'Alice'}
2025-09-11 14:49:34 | INFO | Processed JSON message: {'message': 'Streaming data is fun.', 'author': 'Alice'}
2025-09-11 14:49:34 | INFO | Message received from author: Alice
2025-09-11 14:49:34 | INFO | Updated author counts: {'Eve': 110, 'Alice': 161, 'Charlie': 97, 'Diana': 178, 'Bob': 114}
2025-09-11 14:49:35 | INFO | Sent message to topic 'buzzline_json': {'message': 'Have a great day!', 'author': 'Diana'}
2025-09-11 14:49:35 | INFO | Processed JSON message: {'message': 'Have a great day!', 'author': 'Diana'}
2025-09-11 14:49:35 | INFO | Message received from author: Diana
2025-09-11 14:49:35 | INFO | Updated author counts: {'Eve': 110, 'Alice': 161, 'Charlie': 97, 'Diana': 179, 'Bob': 114}
2025-09-11 14:49:36 | INFO | Sent message to topic 'buzzline_json': {'message': 'Streaming data is fun.', 'author': 'Alice'}
2025-09-11 14:49:36 | INFO | Processed JSON message: {'message': 'Streaming data is fun.', 'author': 'Alice'}
2025-09-11 14:49:36 | INFO | Message received from author: Alice
2025-09-11 14:49:36 | INFO | Updated author counts: {'Eve': 110, 'Alice': 162, 'Charlie': 97, 'Diana': 179, 'Bob': 114}
2025-09-11 14:49:37 | INFO | Sent message to topic 'smoker_csv': {'timestamp': '2025-09-11T19:49:37.056076', 'machine_id': 'GreenEgg 2', 'temperature': 76.8}
2025-09-11 14:49:37 | INFO | Processed JSON message: {'timestamp': '2025-09-11T19:49:37.056076', 'machine_id': 'GreenEgg 2', 'temperature': 76.8}
2025-09-11 14:49:37 | INFO | Rolling window size: 10
2025-09-11 14:49:37 | INFO | Max stall temperature range: 0.2 F
2025-09-11 14:49:37 | INFO | Sent message to topic 'buzzline_json': {'message': 'This is a buzz message.', 'author': 'Diana'}
2025-09-11 14:49:37 | INFO | Processed JSON message: {'message': 'This is a buzz message.', 'author': 'Diana'}
2025-09-11 14:49:37 | INFO | Message received from author: Diana
2025-09-11 14:49:37 | INFO | Updated author counts: {'Eve': 110, 'Alice': 162, 'Charlie': 97, 'Diana': 180, 'Bob': 114}
2025-09-11 14:49:38 | INFO | Sent message to topic 'buzzline_json': {'message': 'Data engineering is my passion.', 'author': 'Bob'}
2025-09-11 14:49:38 | INFO | Processed JSON message: {'message': 'Data engineering is my passion.', 'author': 'Bob'}
2025-09-11 14:49:38 | INFO | Message received from author: Bob
2025-09-11 14:49:38 | INFO | Updated author counts: {'Eve': 110, 'Alice': 162, 'Charlie': 97, 'Diana': 180, 'Bob': 115}
2025-09-11 14:49:39 | INFO | Sent message to topic 'buzzline_json': {'message': 'Have a great day!', 'author': 'Diana'}
2025-09-11 14:49:39 | INFO | Processed JSON message: {'message': 'Have a great day!', 'author': 'Diana'}
2025-09-11 14:49:39 | INFO | Message received from author: Diana
2025-09-11 14:49:39 | INFO | Updated author counts: {'Eve': 110, 'Alice': 162, 'Charlie': 97, 'Diana': 181, 'Bob': 115}
2025-09-11 14:49:40 | INFO | Sent message to topic 'buzzline_json': {'message': 'Kafka is awesome.', 'author': 'Alice'}
2025-09-11 14:49:40 | INFO | Processed JSON message: {'message': 'Kafka is awesome.', 'author': 'Alice'}
2025-09-11 14:49:40 | INFO | Message received from author: Alice
2025-09-11 14:49:40 | INFO | Updated author counts: {'Eve': 110, 'Alice': 163, 'Charlie': 97, 'Diana': 181, 'Bob': 115}
2025-09-11 14:49:41 | INFO | Sent message to topic 'buzzline_json': {'message': 'Kafka is awesome.', 'author': 'Eve'}
2025-09-11 14:49:41 | INFO | Processed JSON message: {'message': 'Kafka is awesome.', 'author': 'Eve'}
2025-09-11 14:49:41 | INFO | Message received from author: Eve
2025-09-11 14:49:41 | INFO | Updated author counts: {'Eve': 111, 'Alice': 163, 'Charlie': 97, 'Diana': 181, 'Bob': 115}
2025-09-11 14:49:42 | INFO | Sent message to topic 'smoker_csv': {'timestamp': '2025-09-11T19:49:42.060029', 'machine_id': 'Traeger', 'temperature': 77.2}
2025-09-11 14:49:42 | INFO | Processed JSON message: {'timestamp': '2025-09-11T19:49:42.060029', 'machine_id': 'Traeger', 'temperature': 77.2}
2025-09-11 14:49:42 | INFO | Rolling window size: 10
2025-09-11 14:49:42 | INFO | Max stall temperature range: 0.2 F
2025-09-11 14:49:42 | INFO | Sent message to topic 'buzzline_json': {'message': 'Have a great day!', 'author': 'Diana'}
2025-09-11 14:49:42 | INFO | Processed JSON message: {'message': 'Have a great day!', 'author': 'Diana'}
2025-09-11 14:49:42 | INFO | Message received from author: Diana
2025-09-11 14:49:42 | INFO | Updated author counts: {'Eve': 111, 'Alice': 163, 'Charlie': 97, 'Diana': 182, 'Bob': 115}
2025-09-11 14:49:43 | INFO | Sent message to topic 'buzzline_json': {'message': 'Buzz messages for everyone.', 'author': 'Charlie'}
2025-09-11 14:49:43 | INFO | Processed JSON message: {'message': 'Buzz messages for everyone.', 'author': 'Charlie'}
2025-09-11 14:49:43 | INFO | Message received from author: Charlie
2025-09-11 14:49:43 | INFO | Updated author counts: {'Eve': 111, 'Alice': 163, 'Charlie': 98, 'Diana': 182, 'Bob': 115}
2025-09-11 14:49:44 | INFO | Sent message to topic 'buzzline_json': {'message': 'This is a buzz message.', 'author': 'Charlie'}
2025-09-11 14:49:44 | INFO | Processed JSON message: {'message': 'This is a buzz message.', 'author': 'Charlie'}
2025-09-11 14:49:44 | INFO | Message received from author: Charlie
2025-09-11 14:49:44 | INFO | Updated author counts: {'Eve': 111, 'Alice': 163, 'Charlie': 99, 'Diana': 182, 'Bob': 115}
2025-09-11 14:49:45 | INFO | Processed JSON message: {'message': 'Streaming data is fun.', 'author': 'Alice'}
2025-09-11 14:49:45 | INFO | Sent message to topic 'buzzline_json': {'message': 'Streaming data is fun.', 'author': 'Alice'}
2025-09-11 14:49:45 | INFO | Message received from author: Alice
2025-09-11 14:49:45 | INFO | Updated author counts: {'Eve': 111, 'Alice': 164, 'Charlie': 99, 'Diana': 182, 'Bob': 115}
2025-09-11 14:49:46 | INFO | Sent message to topic 'buzzline_json': {'message': 'Hello, Kafka world!', 'author': 'Diana'}
2025-09-11 14:49:46 | INFO | Processed JSON message: {'message': 'Hello, Kafka world!', 'author': 'Diana'}
2025-09-11 14:49:46 | INFO | Message received from author: Diana
2025-09-11 14:49:46 | INFO | Updated author counts: {'Eve': 111, 'Alice': 164, 'Charlie': 99, 'Diana': 183, 'Bob': 115}
2025-09-11 14:49:47 | INFO | Sent message to topic 'smoker_csv': {'timestamp': '2025-09-11T19:49:47.062456', 'machine_id': 'GreenEgg 1', 'temperature': 77.6}
2025-09-11 14:49:47 | INFO | Processed JSON message: {'timestamp': '2025-09-11T19:49:47.062456', 'machine_id': 'GreenEgg 1', 'temperature': 77.6}
2025-09-11 14:49:47 | INFO | Rolling window size: 10
2025-09-11 14:49:47 | INFO | Max stall temperature range: 0.2 F
2025-09-11 14:49:47 | INFO | Sent message to topic 'buzzline_json': {'message': 'Kafka is awesome.', 'author': 'Bob'}
2025-09-11 14:49:47 | INFO | Processed JSON message: {'message': 'Kafka is awesome.', 'author': 'Bob'}
2025-09-11 14:49:47 | INFO | Message received from author: Bob
2025-09-11 14:49:47 | INFO | Updated author counts: {'Eve': 111, 'Alice': 164, 'Charlie': 99, 'Diana': 183, 'Bob': 116}
2025-09-11 14:49:48 | INFO | Sent message to topic 'buzzline_json': {'message': 'I love Python!', 'author': 'Eve'}
2025-09-11 14:49:48 | INFO | Processed JSON message: {'message': 'I love Python!', 'author': 'Eve'}
2025-09-11 14:49:48 | INFO | Message received from author: Eve
2025-09-11 14:49:48 | INFO | Updated author counts: {'Eve': 112, 'Alice': 164, 'Charlie': 99, 'Diana': 183, 'Bob': 116}
2025-09-11 14:49:49 | INFO | Sent message to topic 'buzzline_json': {'message': 'JSON makes life easier.', 'author': 'Charlie'}
2025-09-11 14:49:49 | INFO | Processed JSON message: {'message': 'JSON makes life easier.', 'author': 'Charlie'}
2025-09-11 14:49:49 | INFO | Message received from author: Charlie
2025-09-11 14:49:49 | INFO | Updated author counts: {'Eve': 112, 'Alice': 164, 'Charlie': 100, 'Diana': 183, 'Bob': 116}
2025-09-11 14:49:50 | INFO | Sent message to topic 'buzzline_json': {'message': 'I love Python!', 'author': 'Charlie'}
2025-09-11 14:49:50 | INFO | Processed JSON message: {'message': 'I love Python!', 'author': 'Charlie'}
2025-09-11 14:49:50 | INFO | Message received from author: Charlie
2025-09-11 14:49:50 | INFO | Updated author counts: {'Eve': 112, 'Alice': 164, 'Charlie': 101, 'Diana': 183, 'Bob': 116}
2025-09-11 14:49:51 | INFO | Sent message to topic 'buzzline_json': {'message': 'I love Python!', 'author': 'Charlie'}
2025-09-11 14:49:51 | INFO | Processed JSON message: {'message': 'I love Python!', 'author': 'Charlie'}
2025-09-11 14:49:51 | INFO | Message received from author: Charlie
2025-09-11 14:49:51 | INFO | Updated author counts: {'Eve': 112, 'Alice': 164, 'Charlie': 102, 'Diana': 183, 'Bob': 116}
2025-09-11 14:49:52 | INFO | Sent message to topic 'smoker_csv': {'timestamp': '2025-09-11T19:49:52.066818', 'machine_id': 'GreenEgg 2', 'temperature': 78.0}
2025-09-11 14:49:52 | INFO | Processed JSON message: {'timestamp': '2025-09-11T19:49:52.066818', 'machine_id': 'GreenEgg 2', 'temperature': 78.0}
2025-09-11 14:49:52 | INFO | Rolling window size: 10
2025-09-11 14:49:52 | INFO | Max stall temperature range: 0.2 F
2025-09-11 14:49:52 | INFO | Sent message to topic 'buzzline_json': {'message': 'I love Python!', 'author': 'Diana'}
2025-09-11 14:49:52 | INFO | Processed JSON message: {'message': 'I love Python!', 'author': 'Diana'}
2025-09-11 14:49:52 | INFO | Message received from author: Diana
2025-09-11 14:49:52 | INFO | Updated author counts: {'Eve': 112, 'Alice': 164, 'Charlie': 102, 'Diana': 184, 'Bob': 116}
2025-09-11 14:49:53 | INFO | Sent message to topic 'buzzline_json': {'message': 'Streaming data is fun.', 'author': 'Diana'}
2025-09-11 14:49:53 | INFO | Processed JSON message: {'message': 'Streaming data is fun.', 'author': 'Diana'}
2025-09-11 14:49:53 | INFO | Message received from author: Diana
2025-09-11 14:49:53 | INFO | Updated author counts: {'Eve': 112, 'Alice': 164, 'Charlie': 102, 'Diana': 185, 'Bob': 116}
2025-09-11 14:49:54 | INFO | Sent message to topic 'buzzline_json': {'message': 'Data engineering is my passion.', 'author': 'Eve'}
2025-09-11 14:49:54 | INFO | Processed JSON message: {'message': 'Data engineering is my passion.', 'author': 'Eve'}
2025-09-11 14:49:54 | INFO | Message received from author: Eve
2025-09-11 14:49:54 | INFO | Updated author counts: {'Eve': 113, 'Alice': 164, 'Charlie': 102, 'Diana': 185, 'Bob': 116}
2025-09-11 14:49:55 | INFO | Sent message to topic 'buzzline_json': {'message': 'Buzz messages for everyone.', 'author': 'Eve'}
2025-09-11 14:49:55 | INFO | Processed JSON message: {'message': 'Buzz messages for everyone.', 'author': 'Eve'}
2025-09-11 14:49:55 | INFO | Message received from author: Eve
2025-09-11 14:49:55 | INFO | Updated author counts: {'Eve': 114, 'Alice': 164, 'Charlie': 102, 'Diana': 185, 'Bob': 116}
2025-09-11 14:49:56 | INFO | Sent message to topic 'buzzline_json': {'message': 'JSON makes life easier.', 'author': 'Eve'}
2025-09-11 14:49:56 | INFO | Processed JSON message: {'message': 'JSON makes life easier.', 'author': 'Eve'}
2025-09-11 14:49:56 | INFO | Message received from author: Eve
2025-09-11 14:49:56 | INFO | Updated author counts: {'Eve': 115, 'Alice': 164, 'Charlie': 102, 'Diana': 185, 'Bob': 116}
2025-09-11 14:49:57 | INFO | Sent message to topic 'smoker_csv': {'timestamp': '2025-09-11T19:49:57.074979', 'machine_id': 'Traeger', 'temperature': 78.4}
2025-09-11 14:49:57 | INFO | Processed JSON message: {'timestamp': '2025-09-11T19:49:57.074979', 'machine_id': 'Traeger', 'temperature': 78.4}
2025-09-11 14:49:57 | INFO | Rolling window size: 10
2025-09-11 14:49:57 | INFO | Max stall temperature range: 0.2 F
2025-09-11 14:49:57 | INFO | Sent message to topic 'buzzline_json': {'message': 'Have a great day!', 'author': 'Alice'}
2025-09-11 14:49:57 | INFO | Processed JSON message: {'message': 'Have a great day!', 'author': 'Alice'}
2025-09-11 14:49:57 | INFO | Message received from author: Alice
2025-09-11 14:49:57 | INFO | Updated author counts: {'Eve': 115, 'Alice': 165, 'Charlie': 102, 'Diana': 185, 'Bob': 116}
2025-09-11 14:49:58 | INFO | Sent message to topic 'buzzline_json': {'message': 'I love Python!', 'author': 'Bob'}
2025-09-11 14:49:58 | INFO | Processed JSON message: {'message': 'I love Python!', 'author': 'Bob'}
2025-09-11 14:49:58 | INFO | Message received from author: Bob
2025-09-11 14:49:58 | INFO | Updated author counts: {'Eve': 115, 'Alice': 165, 'Charlie': 102, 'Diana': 185, 'Bob': 117}
2025-09-11 14:49:59 | INFO | Sent message to topic 'buzzline_json': {'message': 'I love Python!', 'author': 'Bob'}
2025-09-11 14:49:59 | INFO | Processed JSON message: {'message': 'I love Python!', 'author': 'Bob'}
2025-09-11 14:49:59 | INFO | Message received from author: Bob
2025-09-11 14:49:59 | INFO | Updated author counts: {'Eve': 115, 'Alice': 165, 'Charlie': 102, 'Diana': 185, 'Bob': 118}
2025-09-11 14:50:00 | INFO | Sent message to topic 'buzzline_json': {'message': 'This is a buzz message.', 'author': 'Eve'}
2025-09-11 14:50:00 | INFO | Processed JSON message: {'message': 'This is a buzz message.', 'author': 'Eve'}
2025-09-11 14:50:00 | INFO | Message received from author: Eve
2025-09-11 14:50:00 | INFO | Updated author counts: {'Eve': 116, 'Alice': 165, 'Charlie': 102, 'Diana': 185, 'Bob': 118}
2025-09-11 14:50:01 | INFO | Sent message to topic 'buzzline_json': {'message': 'This is a buzz message.', 'author': 'Alice'}
2025-09-11 14:50:01 | INFO | Processed JSON message: {'message': 'This is a buzz message.', 'author': 'Alice'}
2025-09-11 14:50:01 | INFO | Message received from author: Alice
2025-09-11 14:50:01 | INFO | Updated author counts: {'Eve': 116, 'Alice': 166, 'Charlie': 102, 'Diana': 185, 'Bob': 118}
2025-09-11 14:50:02 | INFO | Sent message to topic 'smoker_csv': {'timestamp': '2025-09-11T19:50:02.080361', 'machine_id': 'GreenEgg 1', 'temperature': 78.8}
2025-09-11 14:50:02 | INFO | Processed JSON message: {'timestamp': '2025-09-11T19:50:02.080361', 'machine_id': 'GreenEgg 1', 'temperature': 78.8}
2025-09-11 14:50:02 | INFO | Rolling window size: 10
2025-09-11 14:50:02 | INFO | Max stall temperature range: 0.2 F
2025-09-11 14:50:02 | INFO | Sent message to topic 'buzzline_json': {'message': 'Distributed systems are fascinating.', 'author': 'Diana'}
2025-09-11 14:50:02 | INFO | Processed JSON message: {'message': 'Distributed systems are fascinating.', 'author': 'Diana'}
2025-09-11 14:50:02 | INFO | Message received from author: Diana
2025-09-11 14:50:02 | INFO | Updated author counts: {'Eve': 116, 'Alice': 166, 'Charlie': 102, 'Diana': 186, 'Bob': 118}
2025-09-11 14:50:03 | INFO | Sent message to topic 'buzzline_json': {'message': 'Streaming data is fun.', 'author': 'Eve'}
2025-09-11 14:50:03 | INFO | Processed JSON message: {'message': 'Streaming data is fun.', 'author': 'Eve'}
2025-09-11 14:50:03 | INFO | Message received from author: Eve
2025-09-11 14:50:03 | INFO | Updated author counts: {'Eve': 117, 'Alice': 166, 'Charlie': 102, 'Diana': 186, 'Bob': 118}
2025-09-11 14:50:04 | INFO | Sent message to topic 'buzzline_json': {'message': 'Have a great day!', 'author': 'Charlie'}
2025-09-11 14:50:04 | INFO | Processed JSON message: {'message': 'Have a great day!', 'author': 'Charlie'}
2025-09-11 14:50:04 | INFO | Message received from author: Charlie
2025-09-11 14:50:04 | INFO | Updated author counts: {'Eve': 117, 'Alice': 166, 'Charlie': 103, 'Diana': 186, 'Bob': 118}
2025-09-11 14:50:05 | INFO | Sent message to topic 'buzzline_json': {'message': 'JSON makes life easier.', 'author': 'Eve'}
2025-09-11 14:50:05 | INFO | Processed JSON message: {'message': 'JSON makes life easier.', 'author': 'Eve'}
2025-09-11 14:50:05 | INFO | Message received from author: Eve
2025-09-11 14:50:05 | INFO | Updated author counts: {'Eve': 118, 'Alice': 166, 'Charlie': 103, 'Diana': 186, 'Bob': 118}
2025-09-11 14:50:06 | INFO | Sent message to topic 'buzzline_json': {'message': 'Buzz messages for everyone.', 'author': 'Diana'}
2025-09-11 14:50:06 | INFO | Processed JSON message: {'message': 'Buzz messages for everyone.', 'author': 'Diana'}
2025-09-11 14:50:06 | INFO | Message received from author: Diana
2025-09-11 14:50:06 | INFO | Updated author counts: {'Eve': 118, 'Alice': 166, 'Charlie': 103, 'Diana': 187, 'Bob': 118}
2025-09-11 14:50:07 | INFO | Sent message to topic 'smoker_csv': {'timestamp': '2025-09-11T19:50:07.084542', 'machine_id': 'GreenEgg 2', 'temperature': 79.2}
2025-09-11 14:50:07 | INFO | Processed JSON message: {'timestamp': '2025-09-11T19:50:07.084542', 'machine_id': 'GreenEgg 2', 'temperature': 79.2}
2025-09-11 14:50:07 | INFO | Rolling window size: 10
2025-09-11 14:50:07 | INFO | Max stall temperature range: 0.2 F
2025-09-11 14:50:07 | INFO | Sent message to topic 'buzzline_json': {'message': 'This is a buzz message.', 'author': 'Charlie'}
2025-09-11 14:50:07 | INFO | Processed JSON message: {'message': 'This is a buzz message.', 'author': 'Charlie'}
2025-09-11 14:50:07 | INFO | Message received from author: Charlie
2025-09-11 14:50:07 | INFO | Updated author counts: {'Eve': 118, 'Alice': 166, 'Charlie': 104, 'Diana': 187, 'Bob': 118}
2025-09-11 14:50:08 | INFO | Sent message to topic 'buzzline_json': {'message': 'Distributed systems are fascinating.', 'author': 'Charlie'}
2025-09-11 14:50:08 | INFO | Processed JSON message: {'message': 'Distributed systems are fascinating.', 'author': 'Charlie'}
2025-09-11 14:50:08 | INFO | Message received from author: Charlie
2025-09-11 14:50:08 | INFO | Updated author counts: {'Eve': 118, 'Alice': 166, 'Charlie': 105, 'Diana': 187, 'Bob': 118}
2025-09-11 14:50:09 | INFO | Sent message to topic 'buzzline_json': {'message': 'Buzz messages for everyone.', 'author': 'Bob'}
2025-09-11 14:50:09 | INFO | Processed JSON message: {'message': 'Buzz messages for everyone.', 'author': 'Bob'}
2025-09-11 14:50:09 | INFO | Message received from author: Bob
2025-09-11 14:50:09 | INFO | Updated author counts: {'Eve': 118, 'Alice': 166, 'Charlie': 105, 'Diana': 187, 'Bob': 119}
2025-09-11 14:50:10 | INFO | Sent message to topic 'buzzline_json': {'message': 'This is a buzz message.', 'author': 'Eve'}
2025-09-11 14:50:10 | INFO | Processed JSON message: {'message': 'This is a buzz message.', 'author': 'Eve'}
2025-09-11 14:50:10 | INFO | Message received from author: Eve
2025-09-11 14:50:10 | INFO | Updated author counts: {'Eve': 119, 'Alice': 166, 'Charlie': 105, 'Diana': 187, 'Bob': 119}
2025-09-11 14:50:11 | INFO | Sent message to topic 'buzzline_json': {'message': 'Data engineering is my passion.', 'author': 'Diana'}
2025-09-11 14:50:11 | INFO | Processed JSON message: {'message': 'Data engineering is my passion.', 'author': 'Diana'}
2025-09-11 14:50:11 | INFO | Message received from author: Diana
2025-09-11 14:50:11 | INFO | Updated author counts: {'Eve': 119, 'Alice': 166, 'Charlie': 105, 'Diana': 188, 'Bob': 119}
2025-09-11 14:50:12 | INFO | Sent message to topic 'smoker_csv': {'timestamp': '2025-09-11T19:50:12.089953', 'machine_id': 'Traeger', 'temperature': 79.6}
2025-09-11 14:50:12 | INFO | Processed JSON message: {'timestamp': '2025-09-11T19:50:12.089953', 'machine_id': 'Traeger', 'temperature': 79.6}
2025-09-11 14:50:12 | INFO | Rolling window size: 10
2025-09-11 14:50:12 | INFO | Max stall temperature range: 0.2 F
2025-09-11 14:50:12 | INFO | Sent message to topic 'buzzline_json': {'message': 'Data engineering is my passion.', 'author': 'Alice'}
2025-09-11 14:50:12 | INFO | Processed JSON message: {'message': 'Data engineering is my passion.', 'author': 'Alice'}
2025-09-11 14:50:12 | INFO | Message received from author: Alice
2025-09-11 14:50:12 | INFO | Updated author counts: {'Eve': 119, 'Alice': 167, 'Charlie': 105, 'Diana': 188, 'Bob': 119}
2025-09-11 14:50:13 | INFO | Sent message to topic 'buzzline_json': {'message': 'Buzz messages for everyone.', 'author': 'Diana'}
2025-09-11 14:50:13 | INFO | Processed JSON message: {'message': 'Buzz messages for everyone.', 'author': 'Diana'}
2025-09-11 14:50:13 | INFO | Message received from author: Diana
2025-09-11 14:50:13 | INFO | Updated author counts: {'Eve': 119, 'Alice': 167, 'Charlie': 105, 'Diana': 189, 'Bob': 119}
2025-09-11 14:50:14 | INFO | Sent message to topic 'buzzline_json': {'message': 'JSON makes life easier.', 'author': 'Alice'}
2025-09-11 14:50:14 | INFO | Processed JSON message: {'message': 'JSON makes life easier.', 'author': 'Alice'}
2025-09-11 14:50:14 | INFO | Message received from author: Alice
2025-09-11 14:50:14 | INFO | Updated author counts: {'Eve': 119, 'Alice': 168, 'Charlie': 105, 'Diana': 189, 'Bob': 119}
2025-09-11 14:50:15 | INFO | Opening data file in read mode: PROJECT_ROOT/data/buzz.json
2025-09-11 14:50:15 | INFO | Reading data from file: PROJECT_ROOT/data/buzz.json
2025-09-11 14:50:15 | INFO | Sent message to topic 'buzzline_json': {'message': 'Data engineering is my passion.', 'author': 'Eve'}
2025-09-11 14:50:15 | INFO | Processed JSON message: {'message': 'Data engineering is my passion.', 'author': 'Eve'}
2025-09-11 14:50:15 | INFO | Message received from author: Eve
2025-09-11 14:50:15 | INFO | Updated author counts: {'Eve': 120, 'Alice': 168, 'Charlie': 105, 'Diana': 189, 'Bob': 119}
2025-09-11 14:50:16 | INFO | Sent message to topic 'buzzline_json': {'message': 'Distributed systems are fascinating.', 'author': 'Alice'}
2025-09-11 14:50:16 | INFO | Processed JSON message: {'message': 'Distributed systems are fascinating.', 'author': 'Alice'}
2025-09-11 14:50:16 | INFO | Message received from author: Alice
2025-09-11 14:50:16 | INFO | Updated author counts: {'Eve': 120, 'Alice': 169, 'Charlie': 105, 'Diana': 189, 'Bob': 119}
2025-09-11 14:50:17 | INFO | Sent message to topic 'smoker_csv': {'timestamp': '2025-09-11T19:50:17.094025', 'machine_id': 'GreenEgg 1', 'temperature': 80.0}
2025-09-11 14:50:17 | INFO | Processed JSON message: {'timestamp': '2025-09-11T19:50:17.094025', 'machine_id': 'GreenEgg 1', 'temperature': 80.0}
2025-09-11 14:50:17 | INFO | Rolling window size: 10
2025-09-11 14:50:17 | INFO | Max stall temperature range: 0.2 F
2025-09-11 14:50:17 | INFO | Sent message to topic 'buzzline_json': {'message': 'Have a great day!', 'author': 'Charlie'}
2025-09-11 14:50:17 | INFO | Processed JSON message: {'message': 'Have a great day!', 'author': 'Charlie'}
2025-09-11 14:50:17 | INFO | Message received from author: Charlie
2025-09-11 14:50:17 | INFO | Updated author counts: {'Eve': 120, 'Alice': 169, 'Charlie': 106, 'Diana': 189, 'Bob': 119}
2025-09-11 14:50:18 | INFO | Sent message to topic 'buzzline_json': {'message': 'Data engineering is my passion.', 'author': 'Alice'}
2025-09-11 14:50:18 | INFO | Processed JSON message: {'message': 'Data engineering is my passion.', 'author': 'Alice'}
2025-09-11 14:50:18 | INFO | Message received from author: Alice
2025-09-11 14:50:18 | INFO | Updated author counts: {'Eve': 120, 'Alice': 170, 'Charlie': 106, 'Diana': 189, 'Bob': 119}
2025-09-11 14:50:19 | INFO | Sent message to topic 'buzzline_json': {'message': 'Distributed systems are fascinating.', 'author': 'Diana'}
2025-09-11 14:50:19 | INFO | Processed JSON message: {'message': 'Distributed systems are fascinating.', 'author': 'Diana'}
2025-09-11 14:50:19 | INFO | Message received from author: Diana
2025-09-11 14:50:19 | INFO | Updated author counts: {'Eve': 120, 'Alice': 170, 'Charlie': 106, 'Diana': 190, 'Bob': 119}
2025-09-11 14:50:20 | INFO | Sent message to topic 'buzzline_json': {'message': 'Buzz messages for everyone.', 'author': 'Alice'}
2025-09-11 14:50:20 | INFO | Processed JSON message: {'message': 'Buzz messages for everyone.', 'author': 'Alice'}
2025-09-11 14:50:20 | INFO | Message received from author: Alice
2025-09-11 14:50:20 | INFO | Updated author counts: {'Eve': 120, 'Alice': 171, 'Charlie': 106, 'Diana': 190, 'Bob': 119}
2025-09-11 14:50:21 | INFO | Sent message to topic 'buzzline_json': {'message': 'Hello, Kafka world!', 'author': 'Diana'}
2025-09-11 14:50:21 | INFO | Processed JSON message: {'message': 'Hello, Kafka world!', 'author': 'Diana'}
2025-09-11 14:50:21 | INFO | Message received from author: Diana
2025-09-11 14:50:21 | INFO | Updated author counts: {'Eve': 120, 'Alice': 171, 'Charlie': 106, 'Diana': 191, 'Bob': 119}
2025-09-11 14:50:22 | INFO | Sent message to topic 'smoker_csv': {'timestamp': '2025-09-11T19:50:22.101207', 'machine_id': 'GreenEgg 2', 'temperature': 80.4}
2025-09-11 14:50:22 | INFO | Processed JSON message: {'timestamp': '2025-09-11T19:50:22.101207', 'machine_id': 'GreenEgg 2', 'temperature': 80.4}
2025-09-11 14:50:22 | INFO | Rolling window size: 10
2025-09-11 14:50:22 | INFO | Max stall temperature range: 0.2 F
2025-09-11 14:50:22 | INFO | Sent message to topic 'buzzline_json': {'message': 'This is a buzz message.', 'author': 'Eve'}
2025-09-11 14:50:22 | INFO | Processed JSON message: {'message': 'This is a buzz message.', 'author': 'Eve'}
2025-09-11 14:50:22 | INFO | Message received from author: Eve
2025-09-11 14:50:22 | INFO | Updated author counts: {'Eve': 121, 'Alice': 171, 'Charlie': 106, 'Diana': 191, 'Bob': 119}
2025-09-11 14:50:23 | INFO | Sent message to topic 'buzzline_json': {'message': 'JSON makes life easier.', 'author': 'Eve'}
2025-09-11 14:50:23 | INFO | Processed JSON message: {'message': 'JSON makes life easier.', 'author': 'Eve'}
2025-09-11 14:50:23 | INFO | Message received from author: Eve
2025-09-11 14:50:23 | INFO | Updated author counts: {'Eve': 122, 'Alice': 171, 'Charlie': 106, 'Diana': 191, 'Bob': 119}
2025-09-11 14:50:24 | INFO | Sent message to topic 'buzzline_json': {'message': 'JSON makes life easier.', 'author': 'Alice'}
2025-09-11 14:50:24 | INFO | Processed JSON message: {'message': 'JSON makes life easier.', 'author': 'Alice'}
2025-09-11 14:50:24 | INFO | Message received from author: Alice
2025-09-11 14:50:24 | INFO | Updated author counts: {'Eve': 122, 'Alice': 172, 'Charlie': 106, 'Diana': 191, 'Bob': 119}
2025-09-11 14:50:25 | INFO | Sent message to topic 'buzzline_json': {'message': 'Data engineering is my passion.', 'author': 'Diana'}
2025-09-11 14:50:25 | INFO | Processed JSON message: {'message': 'Data engineering is my passion.', 'author': 'Diana'}
2025-09-11 14:50:25 | INFO | Message received from author: Diana
2025-09-11 14:50:25 | INFO | Updated author counts: {'Eve': 122, 'Alice': 172, 'Charlie': 106, 'Diana': 192, 'Bob': 119}
2025-09-11 14:50:26 | INFO | Sent message to topic 'buzzline_json': {'message': 'JSON makes life easier.', 'author': 'Diana'}
2025-09-11 14:50:26 | INFO | Processed JSON message: {'message': 'JSON makes life easier.', 'author': 'Diana'}
2025-09-11 14:50:26 | INFO | Message received from author: Diana
2025-09-11 14:50:26 | INFO | Updated author counts: {'Eve': 122, 'Alice': 172, 'Charlie': 106, 'Diana': 193, 'Bob': 119}
2025-09-11 14:50:27 | INFO | Sent message to topic 'smoker_csv': {'timestamp': '2025-09-11T19:50:27.107121', 'machine_id': 'Traeger', 'temperature': 80.8}
2025-09-11 14:50:27 | INFO | Processed JSON message: {'timestamp': '2025-09-11T19:50:27.107121', 'machine_id': 'Traeger', 'temperature': 80.8}
2025-09-11 14:50:27 | INFO | Rolling window size: 10
2025-09-11 14:50:27 | INFO | Max stall temperature range: 0.2 F
2025-09-11 14:50:27 | INFO | Sent message to topic 'buzzline_json': {'message': 'Kafka is awesome.', 'author': 'Charlie'}
2025-09-11 14:50:27 | INFO | Processed JSON message: {'message': 'Kafka is awesome.', 'author': 'Charlie'}
2025-09-11 14:50:27 | INFO | Message received from author: Charlie
2025-09-11 14:50:27 | INFO | Updated author counts: {'Eve': 122, 'Alice': 172, 'Charlie': 107, 'Diana': 193, 'Bob': 119}
2025-09-11 14:50:28 | INFO | Sent message to topic 'buzzline_json': {'message': 'JSON makes life easier.', 'author': 'Bob'}
2025-09-11 14:50:28 | INFO | Processed JSON message: {'message': 'JSON makes life easier.', 'author': 'Bob'}
2025-09-11 14:50:28 | INFO | Message received from author: Bob
2025-09-11 14:50:28 | INFO | Updated author counts: {'Eve': 122, 'Alice': 172, 'Charlie': 107, 'Diana': 193, 'Bob': 120}
2025-09-11 14:50:29 | INFO | Sent message to topic 'buzzline_json': {'message': 'I love Python!', 'author': 'Bob'}
2025-09-11 14:50:29 | INFO | Processed JSON message: {'message': 'I love Python!', 'author': 'Bob'}
2025-09-11 14:50:29 | INFO | Message received from author: Bob
2025-09-11 14:50:29 | INFO | Updated author counts: {'Eve': 122, 'Alice': 172, 'Charlie': 107, 'Diana': 193, 'Bob': 121}
2025-09-11 14:50:30 | INFO | Sent message to topic 'buzzline_json': {'message': 'This is a buzz message.', 'author': 'Eve'}
2025-09-11 14:50:30 | INFO | Processed JSON message: {'message': 'This is a buzz message.', 'author': 'Eve'}
2025-09-11 14:50:30 | INFO | Message received from author: Eve
2025-09-11 14:50:30 | INFO | Updated author counts: {'Eve': 123, 'Alice': 172, 'Charlie': 107, 'Diana': 193, 'Bob': 121}
2025-09-11 14:50:31 | INFO | Sent message to topic 'buzzline_json': {'message': 'I love Python!', 'author': 'Eve'}
2025-09-11 14:50:31 | INFO | Processed JSON message: {'message': 'I love Python!', 'author': 'Eve'}
2025-09-11 14:50:31 | INFO | Message received from author: Eve
2025-09-11 14:50:31 | INFO | Updated author counts: {'Eve': 124, 'Alice': 172, 'Charlie': 107, 'Diana': 193, 'Bob': 121}
2025-09-11 14:50:32 | INFO | Sent message to topic 'smoker_csv': {'timestamp': '2025-09-11T19:50:32.113116', 'machine_id': 'GreenEgg 1', 'temperature': 81.2}
2025-09-11 14:50:32 | INFO | Processed JSON message: {'timestamp': '2025-09-11T19:50:32.113116', 'machine_id': 'GreenEgg 1', 'temperature': 81.2}
2025-09-11 14:50:32 | INFO | Rolling window size: 10
2025-09-11 14:50:32 | INFO | Max stall temperature range: 0.2 F
2025-09-11 14:50:32 | INFO | Processed JSON message: {'message': 'Buzz messages for everyone.', 'author': 'Alice'}
2025-09-11 14:50:32 | INFO | Message received from author: Alice
2025-09-11 14:50:32 | INFO | Updated author counts: {'Eve': 124, 'Alice': 173, 'Charlie': 107, 'Diana': 193, 'Bob': 121}
2025-09-11 14:50:32 | INFO | Sent message to topic 'buzzline_json': {'message': 'Buzz messages for everyone.', 'author': 'Alice'}
2025-09-11 14:50:33 | INFO | Sent message to topic 'buzzline_json': {'message': 'This is a buzz message.', 'author': 'Alice'}
2025-09-11 14:50:33 | INFO | Processed JSON message: {'message': 'This is a buzz message.', 'author': 'Alice'}
2025-09-11 14:50:33 | INFO | Message received from author: Alice
2025-09-11 14:50:33 | INFO | Updated author counts: {'Eve': 124, 'Alice': 174, 'Charlie': 107, 'Diana': 193, 'Bob': 121}
2025-09-11 14:50:34 | INFO | Sent message to topic 'buzzline_json': {'message': 'Data engineering is my passion.', 'author': 'Diana'}
2025-09-11 14:50:34 | INFO | Processed JSON message: {'message': 'Data engineering is my passion.', 'author': 'Diana'}
2025-09-11 14:50:34 | INFO | Message received from author: Diana
2025-09-11 14:50:34 | INFO | Updated author counts: {'Eve': 124, 'Alice': 174, 'Charlie': 107, 'Diana': 194, 'Bob': 121}
2025-09-11 14:50:35 | INFO | Sent message to topic 'buzzline_json': {'message': 'I love Python!', 'author': 'Eve'}
2025-09-11 14:50:35 | INFO | Processed JSON message: {'message': 'I love Python!', 'author': 'Eve'}
2025-09-11 14:50:35 | INFO | Message received from author: Eve
2025-09-11 14:50:35 | INFO | Updated author counts: {'Eve': 125, 'Alice': 174, 'Charlie': 107, 'Diana': 194, 'Bob': 121}
2025-09-11 14:50:36 | INFO | Sent message to topic 'buzzline_json': {'message': 'JSON makes life easier.', 'author': 'Charlie'}
2025-09-11 14:50:36 | INFO | Processed JSON message: {'message': 'JSON makes life easier.', 'author': 'Charlie'}
2025-09-11 14:50:36 | INFO | Message received from author: Charlie
2025-09-11 14:50:36 | INFO | Updated author counts: {'Eve': 125, 'Alice': 174, 'Charlie': 108, 'Diana': 194, 'Bob': 121}
2025-09-11 14:50:37 | INFO | Sent message to topic 'smoker_csv': {'timestamp': '2025-09-11T19:50:37.117149', 'machine_id': 'GreenEgg 2', 'temperature': 81.6}
2025-09-11 14:50:37 | INFO | Processed JSON message: {'timestamp': '2025-09-11T19:50:37.117149', 'machine_id': 'GreenEgg 2', 'temperature': 81.6}
2025-09-11 14:50:37 | INFO | Rolling window size: 10
2025-09-11 14:50:37 | INFO | Max stall temperature range: 0.2 F
2025-09-11 14:50:37 | INFO | Sent message to topic 'buzzline_json': {'message': 'Have a great day!', 'author': 'Bob'}
2025-09-11 14:50:37 | INFO | Processed JSON message: {'message': 'Have a great day!', 'author': 'Bob'}
2025-09-11 14:50:37 | INFO | Message received from author: Bob
2025-09-11 14:50:37 | INFO | Updated author counts: {'Eve': 125, 'Alice': 174, 'Charlie': 108, 'Diana': 194, 'Bob': 122}
2025-09-11 14:50:38 | INFO | Processed JSON message: {'message': 'Data engineering is my passion.', 'author': 'Alice'}
2025-09-11 14:50:38 | INFO | Message received from author: Alice
2025-09-11 14:50:38 | INFO | Updated author counts: {'Eve': 125, 'Alice': 175, 'Charlie': 108, 'Diana': 194, 'Bob': 122}
2025-09-11 14:50:38 | INFO | Sent message to topic 'buzzline_json': {'message': 'Data engineering is my passion.', 'author': 'Alice'}
2025-09-11 14:50:39 | INFO | Sent message to topic 'buzzline_json': {'message': 'Kafka is awesome.', 'author': 'Diana'}
2025-09-11 14:50:39 | INFO | Processed JSON message: {'message': 'Kafka is awesome.', 'author': 'Diana'}
2025-09-11 14:50:39 | INFO | Message received from author: Diana
2025-09-11 14:50:39 | INFO | Updated author counts: {'Eve': 125, 'Alice': 175, 'Charlie': 108, 'Diana': 195, 'Bob': 122}
2025-09-11 14:50:40 | INFO | Sent message to topic 'buzzline_json': {'message': 'Kafka is awesome.', 'author': 'Diana'}
2025-09-11 14:50:40 | INFO | Processed JSON message: {'message': 'Kafka is awesome.', 'author': 'Diana'}
2025-09-11 14:50:40 | INFO | Message received from author: Diana
2025-09-11 14:50:40 | INFO | Updated author counts: {'Eve': 125, 'Alice': 175, 'Charlie': 108, 'Diana': 196, 'Bob': 122}
2025-09-11 14:50:41 | INFO | Sent message to topic 'buzzline_json': {'message': 'Hello, Kafka world!', 'author': 'Bob'}
2025-09-11 14:50:41 | INFO | Processed JSON message: {'message': 'Hello, Kafka world!', 'author': 'Bob'}
2025-09-11 14:50:41 | INFO | Message received from author: Bob
2025-09-11 14:50:41 | INFO | Updated author counts: {'Eve': 125, 'Alice': 175, 'Charlie': 108, 'Diana': 196, 'Bob': 123}
2025-09-11 14:50:42 | INFO | Sent message to topic 'smoker_csv': {'timestamp': '2025-09-11T19:50:42.122987', 'machine_id': 'Traeger', 'temperature': 82.0}
2025-09-11 14:50:42 | INFO | Processed JSON message: {'timestamp': '2025-09-11T19:50:42.122987', 'machine_id': 'Traeger', 'temperature': 82.0}
2025-09-11 14:50:42 | INFO | Rolling window size: 10
2025-09-11 14:50:42 | INFO | Max stall temperature range: 0.2 F
2025-09-11 14:50:42 | INFO | Sent message to topic 'buzzline_json': {'message': 'Distributed systems are fascinating.', 'author': 'Diana'}
2025-09-11 14:50:42 | INFO | Processed JSON message: {'message': 'Distributed systems are fascinating.', 'author': 'Diana'}
2025-09-11 14:50:42 | INFO | Message received from author: Diana
2025-09-11 14:50:42 | INFO | Updated author counts: {'Eve': 125, 'Alice': 175, 'Charlie': 108, 'Diana': 197, 'Bob': 123}
2025-09-11 14:50:43 | INFO | Sent message to topic 'buzzline_json': {'message': 'I love Python!', 'author': 'Diana'}
2025-09-11 14:50:43 | INFO | Processed JSON message: {'message': 'I love Python!', 'author': 'Diana'}
2025-09-11 14:50:43 | INFO | Message received from author: Diana
2025-09-11 14:50:43 | INFO | Updated author counts: {'Eve': 125, 'Alice': 175, 'Charlie': 108, 'Diana': 198, 'Bob': 123}
2025-09-11 14:50:44 | INFO | Sent message to topic 'buzzline_json': {'message': 'Have a great day!', 'author': 'Alice'}
2025-09-11 14:50:44 | INFO | Processed JSON message: {'message': 'Have a great day!', 'author': 'Alice'}
2025-09-11 14:50:44 | INFO | Message received from author: Alice
2025-09-11 14:50:44 | INFO | Updated author counts: {'Eve': 125, 'Alice': 176, 'Charlie': 108, 'Diana': 198, 'Bob': 123}
2025-09-11 14:50:45 | INFO | Sent message to topic 'buzzline_json': {'message': 'Hello, Kafka world!', 'author': 'Charlie'}
2025-09-11 14:50:45 | INFO | Processed JSON message: {'message': 'Hello, Kafka world!', 'author': 'Charlie'}
2025-09-11 14:50:45 | INFO | Message received from author: Charlie
2025-09-11 14:50:45 | INFO | Updated author counts: {'Eve': 125, 'Alice': 176, 'Charlie': 109, 'Diana': 198, 'Bob': 123}
2025-09-11 14:50:46 | INFO | Sent message to topic 'buzzline_json': {'message': 'JSON makes life easier.', 'author': 'Diana'}
2025-09-11 14:50:46 | INFO | Processed JSON message: {'message': 'JSON makes life easier.', 'author': 'Diana'}
2025-09-11 14:50:46 | INFO | Message received from author: Diana
2025-09-11 14:50:46 | INFO | Updated author counts: {'Eve': 125, 'Alice': 176, 'Charlie': 109, 'Diana': 199, 'Bob': 123}
2025-09-11 14:50:47 | INFO | Sent message to topic 'smoker_csv': {'timestamp': '2025-09-11T19:50:47.125764', 'machine_id': 'GreenEgg 1', 'temperature': 82.4}
2025-09-11 14:50:47 | INFO | Processed JSON message: {'timestamp': '2025-09-11T19:50:47.125764', 'machine_id': 'GreenEgg 1', 'temperature': 82.4}
2025-09-11 14:50:47 | INFO | Rolling window size: 10
2025-09-11 14:50:47 | INFO | Max stall temperature range: 0.2 F
2025-09-11 14:50:47 | INFO | Sent message to topic 'buzzline_json': {'message': 'I love Python!', 'author': 'Bob'}
2025-09-11 14:50:47 | INFO | Processed JSON message: {'message': 'I love Python!', 'author': 'Bob'}
2025-09-11 14:50:47 | INFO | Message received from author: Bob
2025-09-11 14:50:47 | INFO | Updated author counts: {'Eve': 125, 'Alice': 176, 'Charlie': 109, 'Diana': 199, 'Bob': 124}
2025-09-11 14:50:48 | INFO | Sent message to topic 'buzzline_json': {'message': 'Have a great day!', 'author': 'Diana'}
2025-09-11 14:50:48 | INFO | Processed JSON message: {'message': 'Have a great day!', 'author': 'Diana'}
2025-09-11 14:50:48 | INFO | Message received from author: Diana
2025-09-11 14:50:48 | INFO | Updated author counts: {'Eve': 125, 'Alice': 176, 'Charlie': 109, 'Diana': 200, 'Bob': 124}
2025-09-11 14:50:49 | INFO | Sent message to topic 'buzzline_json': {'message': 'Hello, Kafka world!', 'author': 'Alice'}
2025-09-11 14:50:49 | INFO | Processed JSON message: {'message': 'Hello, Kafka world!', 'author': 'Alice'}
2025-09-11 14:50:49 | INFO | Message received from author: Alice
2025-09-11 14:50:49 | INFO | Updated author counts: {'Eve': 125, 'Alice': 177, 'Charlie': 109, 'Diana': 200, 'Bob': 124}
2025-09-11 14:50:50 | INFO | Sent message to topic 'buzzline_json': {'message': 'JSON makes life easier.', 'author': 'Alice'}
2025-09-11 14:50:50 | INFO | Processed JSON message: {'message': 'JSON makes life easier.', 'author': 'Alice'}
2025-09-11 14:50:50 | INFO | Message received from author: Alice
2025-09-11 14:50:50 | INFO | Updated author counts: {'Eve': 125, 'Alice': 178, 'Charlie': 109, 'Diana': 200, 'Bob': 124}
2025-09-11 14:50:51 | INFO | Sent message to topic 'buzzline_json': {'message': 'Buzz messages for everyone.', 'author': 'Charlie'}
2025-09-11 14:50:51 | INFO | Processed JSON message: {'message': 'Buzz messages for everyone.', 'author': 'Charlie'}
2025-09-11 14:50:51 | INFO | Message received from author: Charlie
2025-09-11 14:50:51 | INFO | Updated author counts: {'Eve': 125, 'Alice': 178, 'Charlie': 110, 'Diana': 200, 'Bob': 124}
2025-09-11 14:50:52 | INFO | Sent message to topic 'smoker_csv': {'timestamp': '2025-09-11T19:50:52.131897', 'machine_id': 'GreenEgg 2', 'temperature': 82.8}
2025-09-11 14:50:52 | INFO | Processed JSON message: {'timestamp': '2025-09-11T19:50:52.131897', 'machine_id': 'GreenEgg 2', 'temperature': 82.8}
2025-09-11 14:50:52 | INFO | Rolling window size: 10
2025-09-11 14:50:52 | INFO | Max stall temperature range: 0.2 F
2025-09-11 14:50:52 | INFO | Sent message to topic 'buzzline_json': {'message': 'Buzz messages for everyone.', 'author': 'Bob'}
2025-09-11 14:50:52 | INFO | Processed JSON message: {'message': 'Buzz messages for everyone.', 'author': 'Bob'}
2025-09-11 14:50:52 | INFO | Message received from author: Bob
2025-09-11 14:50:52 | INFO | Updated author counts: {'Eve': 125, 'Alice': 178, 'Charlie': 110, 'Diana': 200, 'Bob': 125}
2025-09-11 14:50:53 | INFO | Sent message to topic 'buzzline_json': {'message': 'Streaming data is fun.', 'author': 'Diana'}
2025-09-11 14:50:53 | INFO | Processed JSON message: {'message': 'Streaming data is fun.', 'author': 'Diana'}
2025-09-11 14:50:53 | INFO | Message received from author: Diana
2025-09-11 14:50:53 | INFO | Updated author counts: {'Eve': 125, 'Alice': 178, 'Charlie': 110, 'Diana': 201, 'Bob': 125}
2025-09-11 14:50:54 | INFO | Sent message to topic 'buzzline_json': {'message': 'Have a great day!', 'author': 'Diana'}
2025-09-11 14:50:54 | INFO | Processed JSON message: {'message': 'Have a great day!', 'author': 'Diana'}
2025-09-11 14:50:54 | INFO | Message received from author: Diana
2025-09-11 14:50:54 | INFO | Updated author counts: {'Eve': 125, 'Alice': 178, 'Charlie': 110, 'Diana': 202, 'Bob': 125}
2025-09-11 14:50:55 | INFO | Sent message to topic 'buzzline_json': {'message': 'I love Python!', 'author': 'Alice'}
2025-09-11 14:50:55 | INFO | Processed JSON message: {'message': 'I love Python!', 'author': 'Alice'}
2025-09-11 14:50:55 | INFO | Message received from author: Alice
2025-09-11 14:50:55 | INFO | Updated author counts: {'Eve': 125, 'Alice': 179, 'Charlie': 110, 'Diana': 202, 'Bob': 125}
2025-09-11 14:50:56 | INFO | Sent message to topic 'buzzline_json': {'message': 'Streaming data is fun.', 'author': 'Charlie'}
2025-09-11 14:50:56 | INFO | Processed JSON message: {'message': 'Streaming data is fun.', 'author': 'Charlie'}
2025-09-11 14:50:56 | INFO | Message received from author: Charlie
2025-09-11 14:50:56 | INFO | Updated author counts: {'Eve': 125, 'Alice': 179, 'Charlie': 111, 'Diana': 202, 'Bob': 125}
2025-09-11 14:50:57 | INFO | Sent message to topic 'smoker_csv': {'timestamp': '2025-09-11T19:50:57.135665', 'machine_id': 'Traeger', 'temperature': 83.2}
2025-09-11 14:50:57 | INFO | Processed JSON message: {'timestamp': '2025-09-11T19:50:57.135665', 'machine_id': 'Traeger', 'temperature': 83.2}
2025-09-11 14:50:57 | INFO | Rolling window size: 10
2025-09-11 14:50:57 | INFO | Max stall temperature range: 0.2 F
2025-09-11 14:50:57 | INFO | Sent message to topic 'buzzline_json': {'message': 'Kafka is awesome.', 'author': 'Alice'}
2025-09-11 14:50:57 | INFO | Processed JSON message: {'message': 'Kafka is awesome.', 'author': 'Alice'}
2025-09-11 14:50:57 | INFO | Message received from author: Alice
2025-09-11 14:50:57 | INFO | Updated author counts: {'Eve': 125, 'Alice': 180, 'Charlie': 111, 'Diana': 202, 'Bob': 125}
2025-09-11 14:50:58 | INFO | Sent message to topic 'buzzline_json': {'message': 'Kafka is awesome.', 'author': 'Diana'}
2025-09-11 14:50:58 | INFO | Processed JSON message: {'message': 'Kafka is awesome.', 'author': 'Diana'}
2025-09-11 14:50:58 | INFO | Message received from author: Diana
2025-09-11 14:50:58 | INFO | Updated author counts: {'Eve': 125, 'Alice': 180, 'Charlie': 111, 'Diana': 203, 'Bob': 125}
2025-09-11 14:50:59 | INFO | Sent message to topic 'buzzline_json': {'message': 'Kafka is awesome.', 'author': 'Alice'}
2025-09-11 14:50:59 | INFO | Processed JSON message: {'message': 'Kafka is awesome.', 'author': 'Alice'}
2025-09-11 14:50:59 | INFO | Message received from author: Alice
2025-09-11 14:50:59 | INFO | Updated author counts: {'Eve': 125, 'Alice': 181, 'Charlie': 111, 'Diana': 203, 'Bob': 125}
2025-09-11 14:51:00 | INFO | Sent message to topic 'buzzline_json': {'message': 'JSON makes life easier.', 'author': 'Bob'}
2025-09-11 14:51:00 | INFO | Processed JSON message: {'message': 'JSON makes life easier.', 'author': 'Bob'}
2025-09-11 14:51:00 | INFO | Message received from author: Bob
2025-09-11 14:51:00 | INFO | Updated author counts: {'Eve': 125, 'Alice': 181, 'Charlie': 111, 'Diana': 203, 'Bob': 126}
2025-09-11 14:51:01 | INFO | Sent message to topic 'buzzline_json': {'message': 'This is a buzz message.', 'author': 'Bob'}
2025-09-11 14:51:01 | INFO | Processed JSON message: {'message': 'This is a buzz message.', 'author': 'Bob'}
2025-09-11 14:51:01 | INFO | Message received from author: Bob
2025-09-11 14:51:01 | INFO | Updated author counts: {'Eve': 125, 'Alice': 181, 'Charlie': 111, 'Diana': 203, 'Bob': 127}
2025-09-11 14:51:02 | INFO | Sent message to topic 'smoker_csv': {'timestamp': '2025-09-11T19:51:02.145292', 'machine_id': 'GreenEgg 1', 'temperature': 83.6}
2025-09-11 14:51:02 | INFO | Processed JSON message: {'timestamp': '2025-09-11T19:51:02.145292', 'machine_id': 'GreenEgg 1', 'temperature': 83.6}
2025-09-11 14:51:02 | INFO | Rolling window size: 10
2025-09-11 14:51:02 | INFO | Max stall temperature range: 0.2 F
2025-09-11 14:51:02 | INFO | Sent message to topic 'buzzline_json': {'message': 'Streaming data is fun.', 'author': 'Diana'}
2025-09-11 14:51:02 | INFO | Processed JSON message: {'message': 'Streaming data is fun.', 'author': 'Diana'}
2025-09-11 14:51:02 | INFO | Message received from author: Diana
2025-09-11 14:51:02 | INFO | Updated author counts: {'Eve': 125, 'Alice': 181, 'Charlie': 111, 'Diana': 204, 'Bob': 127}
2025-09-11 14:51:03 | INFO | Sent message to topic 'buzzline_json': {'message': 'Have a great day!', 'author': 'Bob'}
2025-09-11 14:51:03 | INFO | Processed JSON message: {'message': 'Have a great day!', 'author': 'Bob'}
2025-09-11 14:51:03 | INFO | Message received from author: Bob
2025-09-11 14:51:03 | INFO | Updated author counts: {'Eve': 125, 'Alice': 181, 'Charlie': 111, 'Diana': 204, 'Bob': 128}
2025-09-11 14:51:04 | INFO | Sent message to topic 'buzzline_json': {'message': 'This is a buzz message.', 'author': 'Eve'}
2025-09-11 14:51:04 | INFO | Processed JSON message: {'message': 'This is a buzz message.', 'author': 'Eve'}
2025-09-11 14:51:04 | INFO | Message received from author: Eve
2025-09-11 14:51:05 | INFO | Processed JSON message: {'message': 'Hello, Kafka world!', 'author': 'Bob'}
