2025-09-10 20:41:31 | INFO | Consumer interrupted. Shutting down...
2025-09-10 20:41:32 | INFO | Kafka consumer closed.
2025-09-10 20:41:32 | INFO | Sent message to topic 'buzzline_json': {'message': 'Hello, Kafka world!', 'author': 'Diana'}
2025-09-10 20:41:33 | INFO | Sent message to topic 'buzzline_json': {'message': 'This is a buzz message.', 'author': 'Eve'}
2025-09-10 20:41:34 | INFO | Sent message to topic 'buzzline_json': {'message': 'JSON makes life easier.', 'author': 'Eve'}
2025-09-10 20:41:35 | INFO | Sent message to topic 'buzzline_json': {'message': 'JSON makes life easier.', 'author': 'Alice'}
2025-09-10 20:41:35 | INFO | Logging to file: logs/project_log.log
2025-09-10 20:41:35 | INFO | Log sanitization enabled, personal info removed
2025-09-10 20:41:35 | INFO | Kafka broker address: localhost:9092
2025-09-10 20:41:35 | INFO | Creating Kafka consumer. Topic='unknown_topic' and group ID='fintel_group'.
2025-09-10 20:41:35 | INFO | Kafka consumer created successfully.
2025-09-10 20:41:35 | INFO | Starting JSON consumer on topic 'unknown_topic'...
2025-09-10 20:41:36 | INFO | Sent message to topic 'buzzline_json': {'message': 'Data engineering is my passion.', 'author': 'Diana'}
2025-09-10 20:41:37 | INFO | Sent message to topic 'buzzline_json': {'message': 'JSON makes life easier.', 'author': 'Diana'}
2025-09-10 20:41:38 | INFO | Sent message to topic 'buzzline_json': {'message': 'Kafka is awesome.', 'author': 'Charlie'}
2025-09-10 20:41:39 | INFO | Sent message to topic 'buzzline_json': {'message': 'JSON makes life easier.', 'author': 'Bob'}
2025-09-10 20:41:40 | INFO | Sent message to topic 'buzzline_json': {'message': 'I love Python!', 'author': 'Bob'}
2025-09-10 20:41:41 | INFO | Sent message to topic 'buzzline_json': {'message': 'This is a buzz message.', 'author': 'Eve'}
2025-09-10 20:41:42 | INFO | Sent message to topic 'buzzline_json': {'message': 'I love Python!', 'author': 'Eve'}
2025-09-10 20:41:43 | INFO | Sent message to topic 'buzzline_json': {'message': 'Buzz messages for everyone.', 'author': 'Alice'}
2025-09-10 20:41:44 | INFO | Sent message to topic 'buzzline_json': {'message': 'This is a buzz message.', 'author': 'Alice'}
2025-09-10 20:41:45 | INFO | Sent message to topic 'buzzline_json': {'message': 'Data engineering is my passion.', 'author': 'Diana'}
2025-09-10 20:41:46 | INFO | Sent message to topic 'buzzline_json': {'message': 'I love Python!', 'author': 'Eve'}
2025-09-10 20:41:47 | INFO | Sent message to topic 'buzzline_json': {'message': 'JSON makes life easier.', 'author': 'Charlie'}
2025-09-10 20:41:48 | INFO | Sent message to topic 'buzzline_json': {'message': 'Have a great day!', 'author': 'Bob'}
2025-09-10 20:41:49 | INFO | Sent message to topic 'buzzline_json': {'message': 'Data engineering is my passion.', 'author': 'Alice'}
2025-09-10 20:41:50 | INFO | Sent message to topic 'buzzline_json': {'message': 'Kafka is awesome.', 'author': 'Diana'}
2025-09-10 20:41:51 | INFO | Sent message to topic 'buzzline_json': {'message': 'Kafka is awesome.', 'author': 'Diana'}
2025-09-10 20:41:52 | INFO | Sent message to topic 'buzzline_json': {'message': 'Hello, Kafka world!', 'author': 'Bob'}
2025-09-10 20:41:53 | INFO | Sent message to topic 'buzzline_json': {'message': 'Distributed systems are fascinating.', 'author': 'Diana'}
2025-09-10 20:41:54 | INFO | Sent message to topic 'buzzline_json': {'message': 'I love Python!', 'author': 'Diana'}
2025-09-10 20:41:55 | INFO | Sent message to topic 'buzzline_json': {'message': 'Have a great day!', 'author': 'Alice'}
2025-09-10 20:41:56 | INFO | Sent message to topic 'buzzline_json': {'message': 'Hello, Kafka world!', 'author': 'Charlie'}
2025-09-10 20:41:57 | INFO | Sent message to topic 'buzzline_json': {'message': 'JSON makes life easier.', 'author': 'Diana'}
2025-09-10 20:41:58 | INFO | Sent message to topic 'buzzline_json': {'message': 'I love Python!', 'author': 'Bob'}
2025-09-10 20:41:59 | INFO | Sent message to topic 'buzzline_json': {'message': 'Have a great day!', 'author': 'Diana'}
2025-09-10 20:42:00 | INFO | Sent message to topic 'buzzline_json': {'message': 'Hello, Kafka world!', 'author': 'Alice'}
2025-09-10 20:42:01 | INFO | Sent message to topic 'buzzline_json': {'message': 'JSON makes life easier.', 'author': 'Alice'}
2025-09-10 20:42:02 | INFO | Sent message to topic 'buzzline_json': {'message': 'Buzz messages for everyone.', 'author': 'Charlie'}
2025-09-10 20:42:03 | INFO | Sent message to topic 'buzzline_json': {'message': 'Buzz messages for everyone.', 'author': 'Bob'}
2025-09-10 20:42:04 | INFO | Sent message to topic 'buzzline_json': {'message': 'Streaming data is fun.', 'author': 'Diana'}
2025-09-10 20:42:05 | INFO | Sent message to topic 'buzzline_json': {'message': 'Have a great day!', 'author': 'Diana'}
2025-09-10 20:42:06 | INFO | Sent message to topic 'buzzline_json': {'message': 'I love Python!', 'author': 'Alice'}
2025-09-10 20:42:07 | INFO | Sent message to topic 'buzzline_json': {'message': 'Streaming data is fun.', 'author': 'Charlie'}
2025-09-10 20:42:08 | INFO | Sent message to topic 'buzzline_json': {'message': 'Kafka is awesome.', 'author': 'Alice'}
2025-09-10 20:42:09 | INFO | Sent message to topic 'buzzline_json': {'message': 'Kafka is awesome.', 'author': 'Diana'}
2025-09-10 20:42:10 | INFO | Sent message to topic 'buzzline_json': {'message': 'Kafka is awesome.', 'author': 'Alice'}
2025-09-10 20:42:11 | INFO | Sent message to topic 'buzzline_json': {'message': 'JSON makes life easier.', 'author': 'Bob'}
2025-09-10 20:42:12 | INFO | Sent message to topic 'buzzline_json': {'message': 'This is a buzz message.', 'author': 'Bob'}
2025-09-10 20:42:13 | INFO | Sent message to topic 'buzzline_json': {'message': 'Streaming data is fun.', 'author': 'Diana'}
2025-09-10 20:42:14 | INFO | Sent message to topic 'buzzline_json': {'message': 'Have a great day!', 'author': 'Bob'}
2025-09-10 20:42:15 | INFO | Sent message to topic 'buzzline_json': {'message': 'This is a buzz message.', 'author': 'Eve'}
2025-09-10 20:42:16 | INFO | Sent message to topic 'buzzline_json': {'message': 'Hello, Kafka world!', 'author': 'Bob'}
2025-09-10 20:42:17 | INFO | Sent message to topic 'buzzline_json': {'message': 'This is a buzz message.', 'author': 'Alice'}
2025-09-10 20:42:18 | INFO | Sent message to topic 'buzzline_json': {'message': 'Streaming data is fun.', 'author': 'Eve'}
2025-09-10 20:42:19 | INFO | Sent message to topic 'buzzline_json': {'message': 'Kafka is awesome.', 'author': 'Alice'}
2025-09-10 20:42:20 | INFO | Sent message to topic 'buzzline_json': {'message': 'JSON makes life easier.', 'author': 'Bob'}
2025-09-10 20:42:21 | INFO | Consumer interrupted. Shutting down...
2025-09-10 20:42:21 | INFO | Kafka consumer closed.
2025-09-10 20:42:21 | INFO | Sent message to topic 'buzzline_json': {'message': 'This is a buzz message.', 'author': 'Charlie'}
2025-09-10 20:42:22 | INFO | Sent message to topic 'buzzline_json': {'message': 'Have a great day!', 'author': 'Diana'}
2025-09-10 20:42:23 | INFO | Sent message to topic 'buzzline_json': {'message': 'Distributed systems are fascinating.', 'author': 'Bob'}
2025-09-10 20:42:24 | INFO | Logging to file: logs/project_log.log
2025-09-10 20:42:24 | INFO | Log sanitization enabled, personal info removed
2025-09-10 20:42:24 | INFO | Sent message to topic 'buzzline_json': {'message': 'Kafka is awesome.', 'author': 'Alice'}
2025-09-10 20:42:24 | INFO | Kafka broker address: localhost:9092
2025-09-10 20:42:24 | INFO | Creating Kafka consumer. Topic='test_topic' and group ID='fintel_group'.
2025-09-10 20:42:25 | INFO | Kafka consumer created successfully.
2025-09-10 20:42:25 | INFO | Starting JSON consumer on topic 'test_topic'...
2025-09-10 20:42:25 | ERROR | Consumer error: Invalid file descriptor: -1
2025-09-10 20:42:25 | INFO | Sent message to topic 'buzzline_json': {'message': 'Streaming data is fun.', 'author': 'Alice'}
2025-09-10 20:42:26 | INFO | Sent message to topic 'buzzline_json': {'message': 'Have a great day!', 'author': 'Diana'}
2025-09-10 20:42:27 | INFO | Sent message to topic 'buzzline_json': {'message': 'Streaming data is fun.', 'author': 'Alice'}
2025-09-10 20:42:28 | INFO | Kafka consumer closed.
2025-09-10 20:42:28 | INFO | Sent message to topic 'buzzline_json': {'message': 'This is a buzz message.', 'author': 'Diana'}
2025-09-10 20:42:29 | INFO | Sent message to topic 'buzzline_json': {'message': 'Data engineering is my passion.', 'author': 'Bob'}
2025-09-10 20:42:30 | INFO | Sent message to topic 'buzzline_json': {'message': 'Have a great day!', 'author': 'Diana'}
2025-09-10 20:42:31 | INFO | Sent message to topic 'buzzline_json': {'message': 'Kafka is awesome.', 'author': 'Alice'}
2025-09-10 20:42:32 | INFO | Sent message to topic 'buzzline_json': {'message': 'Kafka is awesome.', 'author': 'Eve'}
2025-09-10 20:42:34 | INFO | Sent message to topic 'buzzline_json': {'message': 'Have a great day!', 'author': 'Diana'}
2025-09-10 20:42:35 | INFO | Sent message to topic 'buzzline_json': {'message': 'Buzz messages for everyone.', 'author': 'Charlie'}
2025-09-10 20:42:36 | INFO | Sent message to topic 'buzzline_json': {'message': 'This is a buzz message.', 'author': 'Charlie'}
2025-09-10 20:42:37 | INFO | Sent message to topic 'buzzline_json': {'message': 'Streaming data is fun.', 'author': 'Alice'}
2025-09-10 20:42:38 | INFO | Sent message to topic 'buzzline_json': {'message': 'Hello, Kafka world!', 'author': 'Diana'}
2025-09-10 20:42:39 | INFO | Sent message to topic 'buzzline_json': {'message': 'Kafka is awesome.', 'author': 'Bob'}
2025-09-10 20:42:40 | INFO | Sent message to topic 'buzzline_json': {'message': 'I love Python!', 'author': 'Eve'}
2025-09-10 20:42:41 | INFO | Sent message to topic 'buzzline_json': {'message': 'JSON makes life easier.', 'author': 'Charlie'}
2025-09-10 20:42:42 | INFO | Sent message to topic 'buzzline_json': {'message': 'I love Python!', 'author': 'Charlie'}
2025-09-10 20:42:43 | INFO | Sent message to topic 'buzzline_json': {'message': 'I love Python!', 'author': 'Charlie'}
2025-09-10 20:42:44 | INFO | Sent message to topic 'buzzline_json': {'message': 'I love Python!', 'author': 'Diana'}
2025-09-10 20:42:45 | INFO | Sent message to topic 'buzzline_json': {'message': 'Streaming data is fun.', 'author': 'Diana'}
2025-09-10 20:42:46 | INFO | Sent message to topic 'buzzline_json': {'message': 'Data engineering is my passion.', 'author': 'Eve'}
2025-09-10 20:42:47 | INFO | Sent message to topic 'buzzline_json': {'message': 'Buzz messages for everyone.', 'author': 'Eve'}
2025-09-10 20:42:48 | INFO | Sent message to topic 'buzzline_json': {'message': 'JSON makes life easier.', 'author': 'Eve'}
2025-09-10 20:42:49 | INFO | Sent message to topic 'buzzline_json': {'message': 'Have a great day!', 'author': 'Alice'}
2025-09-10 20:42:50 | INFO | Sent message to topic 'buzzline_json': {'message': 'I love Python!', 'author': 'Bob'}
2025-09-10 20:42:51 | INFO | Sent message to topic 'buzzline_json': {'message': 'I love Python!', 'author': 'Bob'}
2025-09-10 20:42:52 | INFO | Sent message to topic 'buzzline_json': {'message': 'This is a buzz message.', 'author': 'Eve'}
2025-09-10 20:42:53 | INFO | Sent message to topic 'buzzline_json': {'message': 'This is a buzz message.', 'author': 'Alice'}
2025-09-10 20:42:54 | INFO | Sent message to topic 'buzzline_json': {'message': 'Distributed systems are fascinating.', 'author': 'Diana'}
2025-09-10 20:42:55 | INFO | Sent message to topic 'buzzline_json': {'message': 'Streaming data is fun.', 'author': 'Eve'}
2025-09-10 20:42:56 | INFO | Sent message to topic 'buzzline_json': {'message': 'Have a great day!', 'author': 'Charlie'}
2025-09-10 20:42:57 | INFO | Sent message to topic 'buzzline_json': {'message': 'JSON makes life easier.', 'author': 'Eve'}
2025-09-10 20:42:58 | INFO | Sent message to topic 'buzzline_json': {'message': 'Buzz messages for everyone.', 'author': 'Diana'}
2025-09-10 20:42:59 | INFO | Sent message to topic 'buzzline_json': {'message': 'This is a buzz message.', 'author': 'Charlie'}
2025-09-10 20:43:00 | INFO | Sent message to topic 'buzzline_json': {'message': 'Distributed systems are fascinating.', 'author': 'Charlie'}
2025-09-10 20:43:01 | INFO | Sent message to topic 'buzzline_json': {'message': 'Buzz messages for everyone.', 'author': 'Bob'}
2025-09-10 20:43:02 | INFO | Sent message to topic 'buzzline_json': {'message': 'This is a buzz message.', 'author': 'Eve'}
2025-09-10 20:43:03 | INFO | Sent message to topic 'buzzline_json': {'message': 'Data engineering is my passion.', 'author': 'Diana'}
2025-09-10 20:43:04 | INFO | Sent message to topic 'buzzline_json': {'message': 'Data engineering is my passion.', 'author': 'Alice'}
2025-09-10 20:43:04 | WARNING | Producer interrupted by user.
2025-09-10 20:43:04 | INFO | Kafka producer closed.
2025-09-10 20:43:04 | INFO | END producer.
2025-09-10 20:43:12 | INFO | Logging to file: logs/project_log.log
2025-09-10 20:43:12 | INFO | Log sanitization enabled, personal info removed
2025-09-10 20:43:12 | INFO | Project root: PROJECT_ROOT
2025-09-10 20:43:12 | INFO | Data folder: PROJECT_ROOT/data
2025-09-10 20:43:12 | INFO | Data file: PROJECT_ROOT/data/buzz.json
2025-09-10 20:43:12 | INFO | START producer.
2025-09-10 20:43:12 | INFO | Kafka broker address: localhost:9092
2025-09-10 20:43:12 | INFO | Kafka is ready. Brokers: {'throttle_time_ms': 0, 'brokers': [{'node_id': 1, 'host': 'localhost', 'port': 9092, 'rack': None}], 'cluster_id': 'JjY4WKawQ-GFC8VniCM2Xw', 'controller_id': 1}
2025-09-10 20:43:12 | INFO | Kafka topic: buzzline_json
2025-09-10 20:43:12 | INFO | Message interval: 1 seconds
2025-09-10 20:43:12 | INFO | Kafka broker address: localhost:9092
2025-09-10 20:43:12 | INFO | Connecting to Kafka broker at localhost:9092...
2025-09-10 20:43:12 | INFO | Kafka producer successfully created.
2025-09-10 20:43:12 | INFO | Kafka broker address: localhost:9092
2025-09-10 20:43:13 | INFO | Topic 'buzzline_json' already exists. Recreating fresh...
2025-09-10 20:43:13 | INFO | Requested deletion of topic 'buzzline_json'.
2025-09-10 20:43:13 | INFO | Topic 'buzzline_json' created successfully.
2025-09-10 20:43:13 | INFO | Kafka topic 'buzzline_json' is ready.
2025-09-10 20:43:13 | INFO | Starting message production to topic 'buzzline_json'...
2025-09-10 20:43:13 | INFO | Opening data file in read mode: PROJECT_ROOT/data/buzz.json
2025-09-10 20:43:13 | INFO | Reading data from file: PROJECT_ROOT/data/buzz.json
2025-09-10 20:43:13 | INFO | Sent message to topic 'buzzline_json': {'message': 'Data engineering is my passion.', 'author': 'Eve'}
2025-09-10 20:43:14 | INFO | Sent message to topic 'buzzline_json': {'message': 'Distributed systems are fascinating.', 'author': 'Alice'}
2025-09-10 20:43:15 | INFO | Sent message to topic 'buzzline_json': {'message': 'Have a great day!', 'author': 'Charlie'}
2025-09-10 20:43:16 | INFO | Sent message to topic 'buzzline_json': {'message': 'Data engineering is my passion.', 'author': 'Alice'}
2025-09-10 20:43:17 | INFO | Sent message to topic 'buzzline_json': {'message': 'Distributed systems are fascinating.', 'author': 'Diana'}
2025-09-10 20:43:18 | INFO | Sent message to topic 'buzzline_json': {'message': 'Buzz messages for everyone.', 'author': 'Alice'}
2025-09-10 20:43:19 | INFO | Sent message to topic 'buzzline_json': {'message': 'Hello, Kafka world!', 'author': 'Diana'}
2025-09-10 20:43:20 | INFO | Sent message to topic 'buzzline_json': {'message': 'This is a buzz message.', 'author': 'Eve'}
2025-09-10 20:43:21 | INFO | Sent message to topic 'buzzline_json': {'message': 'JSON makes life easier.', 'author': 'Eve'}
2025-09-10 20:43:22 | INFO | Sent message to topic 'buzzline_json': {'message': 'JSON makes life easier.', 'author': 'Alice'}
2025-09-10 20:43:23 | INFO | Sent message to topic 'buzzline_json': {'message': 'Data engineering is my passion.', 'author': 'Diana'}
2025-09-10 20:43:24 | INFO | Sent message to topic 'buzzline_json': {'message': 'JSON makes life easier.', 'author': 'Diana'}
2025-09-10 20:43:25 | INFO | Logging to file: logs/project_log.log
2025-09-10 20:43:25 | INFO | Log sanitization enabled, personal info removed
2025-09-10 20:43:25 | INFO | Sent message to topic 'buzzline_json': {'message': 'Kafka is awesome.', 'author': 'Charlie'}
2025-09-10 20:43:25 | INFO | Kafka broker address: localhost:9092
2025-09-10 20:43:25 | INFO | Creating Kafka consumer. Topic='test_topic' and group ID='fintel_group'.
2025-09-10 20:43:25 | INFO | Kafka consumer created successfully.
2025-09-10 20:43:25 | INFO | Starting JSON consumer on topic 'test_topic'...
2025-09-10 20:43:25 | ERROR | Consumer error: Invalid file descriptor: -1
2025-09-10 20:43:26 | INFO | Sent message to topic 'buzzline_json': {'message': 'JSON makes life easier.', 'author': 'Bob'}
2025-09-10 20:43:27 | INFO | Sent message to topic 'buzzline_json': {'message': 'I love Python!', 'author': 'Bob'}
2025-09-10 20:43:28 | INFO | Sent message to topic 'buzzline_json': {'message': 'This is a buzz message.', 'author': 'Eve'}
2025-09-10 20:43:28 | INFO | Kafka consumer closed.
2025-09-10 20:43:29 | INFO | Sent message to topic 'buzzline_json': {'message': 'I love Python!', 'author': 'Eve'}
2025-09-10 20:43:30 | INFO | Sent message to topic 'buzzline_json': {'message': 'Buzz messages for everyone.', 'author': 'Alice'}
2025-09-10 20:43:31 | INFO | Sent message to topic 'buzzline_json': {'message': 'This is a buzz message.', 'author': 'Alice'}
2025-09-10 20:43:32 | INFO | Sent message to topic 'buzzline_json': {'message': 'Data engineering is my passion.', 'author': 'Diana'}
2025-09-10 20:43:33 | INFO | Sent message to topic 'buzzline_json': {'message': 'I love Python!', 'author': 'Eve'}
2025-09-10 20:43:34 | INFO | Sent message to topic 'buzzline_json': {'message': 'JSON makes life easier.', 'author': 'Charlie'}
2025-09-10 20:43:35 | INFO | Sent message to topic 'buzzline_json': {'message': 'Have a great day!', 'author': 'Bob'}
2025-09-10 20:43:36 | INFO | Sent message to topic 'buzzline_json': {'message': 'Data engineering is my passion.', 'author': 'Alice'}
2025-09-10 20:43:37 | INFO | Sent message to topic 'buzzline_json': {'message': 'Kafka is awesome.', 'author': 'Diana'}
2025-09-10 20:43:38 | INFO | Sent message to topic 'buzzline_json': {'message': 'Kafka is awesome.', 'author': 'Diana'}
2025-09-10 20:43:39 | INFO | Sent message to topic 'buzzline_json': {'message': 'Hello, Kafka world!', 'author': 'Bob'}
2025-09-10 20:43:40 | INFO | Sent message to topic 'buzzline_json': {'message': 'Distributed systems are fascinating.', 'author': 'Diana'}
2025-09-10 20:43:41 | INFO | Sent message to topic 'buzzline_json': {'message': 'I love Python!', 'author': 'Diana'}
2025-09-10 20:43:42 | INFO | Sent message to topic 'buzzline_json': {'message': 'Have a great day!', 'author': 'Alice'}
2025-09-10 20:43:43 | INFO | Sent message to topic 'buzzline_json': {'message': 'Hello, Kafka world!', 'author': 'Charlie'}
2025-09-10 20:43:44 | INFO | Sent message to topic 'buzzline_json': {'message': 'JSON makes life easier.', 'author': 'Diana'}
2025-09-10 20:43:45 | INFO | Sent message to topic 'buzzline_json': {'message': 'I love Python!', 'author': 'Bob'}
2025-09-10 20:43:46 | INFO | Sent message to topic 'buzzline_json': {'message': 'Have a great day!', 'author': 'Diana'}
2025-09-10 20:43:47 | INFO | Sent message to topic 'buzzline_json': {'message': 'Hello, Kafka world!', 'author': 'Alice'}
2025-09-10 20:43:48 | INFO | Sent message to topic 'buzzline_json': {'message': 'JSON makes life easier.', 'author': 'Alice'}
2025-09-10 20:43:49 | INFO | Sent message to topic 'buzzline_json': {'message': 'Buzz messages for everyone.', 'author': 'Charlie'}
2025-09-10 20:43:50 | INFO | Sent message to topic 'buzzline_json': {'message': 'Buzz messages for everyone.', 'author': 'Bob'}
2025-09-10 20:43:51 | INFO | Sent message to topic 'buzzline_json': {'message': 'Streaming data is fun.', 'author': 'Diana'}
2025-09-10 20:43:52 | INFO | Sent message to topic 'buzzline_json': {'message': 'Have a great day!', 'author': 'Diana'}
2025-09-10 20:43:53 | INFO | Sent message to topic 'buzzline_json': {'message': 'I love Python!', 'author': 'Alice'}
2025-09-10 20:43:54 | INFO | Sent message to topic 'buzzline_json': {'message': 'Streaming data is fun.', 'author': 'Charlie'}
2025-09-10 20:43:55 | INFO | Sent message to topic 'buzzline_json': {'message': 'Kafka is awesome.', 'author': 'Alice'}
2025-09-10 20:43:56 | INFO | Sent message to topic 'buzzline_json': {'message': 'Kafka is awesome.', 'author': 'Diana'}
2025-09-10 20:43:57 | INFO | Sent message to topic 'buzzline_json': {'message': 'Kafka is awesome.', 'author': 'Alice'}
2025-09-10 20:43:58 | INFO | Sent message to topic 'buzzline_json': {'message': 'JSON makes life easier.', 'author': 'Bob'}
2025-09-10 20:43:59 | INFO | Sent message to topic 'buzzline_json': {'message': 'This is a buzz message.', 'author': 'Bob'}
2025-09-10 20:44:00 | INFO | Sent message to topic 'buzzline_json': {'message': 'Streaming data is fun.', 'author': 'Diana'}
2025-09-10 20:44:01 | INFO | Sent message to topic 'buzzline_json': {'message': 'Have a great day!', 'author': 'Bob'}
2025-09-10 20:44:02 | INFO | Sent message to topic 'buzzline_json': {'message': 'This is a buzz message.', 'author': 'Eve'}
2025-09-10 20:44:03 | INFO | Sent message to topic 'buzzline_json': {'message': 'Hello, Kafka world!', 'author': 'Bob'}
2025-09-10 20:44:04 | INFO | Sent message to topic 'buzzline_json': {'message': 'This is a buzz message.', 'author': 'Alice'}
2025-09-10 20:44:05 | INFO | Sent message to topic 'buzzline_json': {'message': 'Streaming data is fun.', 'author': 'Eve'}
2025-09-10 20:44:06 | INFO | Sent message to topic 'buzzline_json': {'message': 'Kafka is awesome.', 'author': 'Alice'}
2025-09-10 20:44:07 | INFO | Sent message to topic 'buzzline_json': {'message': 'JSON makes life easier.', 'author': 'Bob'}
2025-09-10 20:44:08 | INFO | Sent message to topic 'buzzline_json': {'message': 'This is a buzz message.', 'author': 'Charlie'}
2025-09-10 20:44:09 | INFO | Sent message to topic 'buzzline_json': {'message': 'Have a great day!', 'author': 'Diana'}
2025-09-10 20:44:10 | INFO | Sent message to topic 'buzzline_json': {'message': 'Distributed systems are fascinating.', 'author': 'Bob'}
2025-09-10 20:44:11 | INFO | Sent message to topic 'buzzline_json': {'message': 'Kafka is awesome.', 'author': 'Alice'}
2025-09-10 20:44:12 | INFO | Sent message to topic 'buzzline_json': {'message': 'Streaming data is fun.', 'author': 'Alice'}
2025-09-10 20:44:13 | INFO | Sent message to topic 'buzzline_json': {'message': 'Have a great day!', 'author': 'Diana'}
2025-09-10 20:44:14 | INFO | Sent message to topic 'buzzline_json': {'message': 'Streaming data is fun.', 'author': 'Alice'}
2025-09-10 20:44:15 | INFO | Sent message to topic 'buzzline_json': {'message': 'This is a buzz message.', 'author': 'Diana'}
2025-09-10 20:44:16 | INFO | Sent message to topic 'buzzline_json': {'message': 'Data engineering is my passion.', 'author': 'Bob'}
2025-09-10 20:44:17 | INFO | Sent message to topic 'buzzline_json': {'message': 'Have a great day!', 'author': 'Diana'}
2025-09-10 20:44:18 | INFO | Sent message to topic 'buzzline_json': {'message': 'Kafka is awesome.', 'author': 'Alice'}
2025-09-10 20:44:19 | INFO | Sent message to topic 'buzzline_json': {'message': 'Kafka is awesome.', 'author': 'Eve'}
2025-09-10 20:44:20 | INFO | Sent message to topic 'buzzline_json': {'message': 'Have a great day!', 'author': 'Diana'}
2025-09-10 20:44:21 | INFO | Sent message to topic 'buzzline_json': {'message': 'Buzz messages for everyone.', 'author': 'Charlie'}
2025-09-10 20:44:22 | INFO | Sent message to topic 'buzzline_json': {'message': 'This is a buzz message.', 'author': 'Charlie'}
2025-09-10 20:44:23 | INFO | Sent message to topic 'buzzline_json': {'message': 'Streaming data is fun.', 'author': 'Alice'}
2025-09-10 20:44:24 | INFO | Sent message to topic 'buzzline_json': {'message': 'Hello, Kafka world!', 'author': 'Diana'}
2025-09-10 20:44:25 | INFO | Sent message to topic 'buzzline_json': {'message': 'Kafka is awesome.', 'author': 'Bob'}
2025-09-10 20:44:26 | INFO | Sent message to topic 'buzzline_json': {'message': 'I love Python!', 'author': 'Eve'}
2025-09-10 20:44:27 | INFO | Sent message to topic 'buzzline_json': {'message': 'JSON makes life easier.', 'author': 'Charlie'}
2025-09-10 20:44:28 | INFO | Sent message to topic 'buzzline_json': {'message': 'I love Python!', 'author': 'Charlie'}
2025-09-10 20:44:29 | INFO | Sent message to topic 'buzzline_json': {'message': 'I love Python!', 'author': 'Charlie'}
2025-09-10 20:44:30 | INFO | Sent message to topic 'buzzline_json': {'message': 'I love Python!', 'author': 'Diana'}
2025-09-10 20:44:31 | INFO | Sent message to topic 'buzzline_json': {'message': 'Streaming data is fun.', 'author': 'Diana'}
2025-09-10 20:44:32 | INFO | Sent message to topic 'buzzline_json': {'message': 'Data engineering is my passion.', 'author': 'Eve'}
2025-09-10 20:44:33 | INFO | Sent message to topic 'buzzline_json': {'message': 'Buzz messages for everyone.', 'author': 'Eve'}
2025-09-10 20:44:34 | INFO | Sent message to topic 'buzzline_json': {'message': 'JSON makes life easier.', 'author': 'Eve'}
2025-09-10 20:44:35 | INFO | Sent message to topic 'buzzline_json': {'message': 'Have a great day!', 'author': 'Alice'}
2025-09-10 20:44:36 | INFO | Sent message to topic 'buzzline_json': {'message': 'I love Python!', 'author': 'Bob'}
2025-09-10 20:44:37 | INFO | Sent message to topic 'buzzline_json': {'message': 'I love Python!', 'author': 'Bob'}
2025-09-10 20:44:38 | INFO | Sent message to topic 'buzzline_json': {'message': 'This is a buzz message.', 'author': 'Eve'}
2025-09-10 20:44:39 | INFO | Sent message to topic 'buzzline_json': {'message': 'This is a buzz message.', 'author': 'Alice'}
2025-09-10 20:44:40 | INFO | Sent message to topic 'buzzline_json': {'message': 'Distributed systems are fascinating.', 'author': 'Diana'}
2025-09-10 20:44:41 | INFO | Sent message to topic 'buzzline_json': {'message': 'Streaming data is fun.', 'author': 'Eve'}
2025-09-10 20:44:42 | INFO | Sent message to topic 'buzzline_json': {'message': 'Have a great day!', 'author': 'Charlie'}
2025-09-10 20:44:43 | INFO | Sent message to topic 'buzzline_json': {'message': 'JSON makes life easier.', 'author': 'Eve'}
2025-09-10 20:44:44 | INFO | Sent message to topic 'buzzline_json': {'message': 'Buzz messages for everyone.', 'author': 'Diana'}
2025-09-10 20:44:45 | INFO | Sent message to topic 'buzzline_json': {'message': 'This is a buzz message.', 'author': 'Charlie'}
2025-09-10 20:44:46 | INFO | Sent message to topic 'buzzline_json': {'message': 'Distributed systems are fascinating.', 'author': 'Charlie'}
2025-09-10 20:44:47 | INFO | Sent message to topic 'buzzline_json': {'message': 'Buzz messages for everyone.', 'author': 'Bob'}
2025-09-10 20:44:49 | INFO | Sent message to topic 'buzzline_json': {'message': 'This is a buzz message.', 'author': 'Eve'}
2025-09-10 20:44:50 | INFO | Sent message to topic 'buzzline_json': {'message': 'Data engineering is my passion.', 'author': 'Diana'}
2025-09-10 20:44:51 | INFO | Sent message to topic 'buzzline_json': {'message': 'Data engineering is my passion.', 'author': 'Alice'}
2025-09-10 20:44:52 | INFO | Sent message to topic 'buzzline_json': {'message': 'Buzz messages for everyone.', 'author': 'Diana'}
2025-09-10 20:44:53 | INFO | Sent message to topic 'buzzline_json': {'message': 'JSON makes life easier.', 'author': 'Alice'}
2025-09-10 20:44:54 | INFO | Opening data file in read mode: PROJECT_ROOT/data/buzz.json
2025-09-10 20:44:54 | INFO | Reading data from file: PROJECT_ROOT/data/buzz.json
2025-09-10 20:44:54 | INFO | Sent message to topic 'buzzline_json': {'message': 'Data engineering is my passion.', 'author': 'Eve'}
2025-09-10 20:44:55 | INFO | Sent message to topic 'buzzline_json': {'message': 'Distributed systems are fascinating.', 'author': 'Alice'}
2025-09-10 20:44:56 | INFO | Sent message to topic 'buzzline_json': {'message': 'Have a great day!', 'author': 'Charlie'}
2025-09-10 20:44:57 | INFO | Sent message to topic 'buzzline_json': {'message': 'Data engineering is my passion.', 'author': 'Alice'}
2025-09-10 20:44:58 | INFO | Sent message to topic 'buzzline_json': {'message': 'Distributed systems are fascinating.', 'author': 'Diana'}
2025-09-10 20:44:59 | INFO | Sent message to topic 'buzzline_json': {'message': 'Buzz messages for everyone.', 'author': 'Alice'}
2025-09-10 20:45:00 | INFO | Sent message to topic 'buzzline_json': {'message': 'Hello, Kafka world!', 'author': 'Diana'}
2025-09-10 20:45:01 | INFO | Sent message to topic 'buzzline_json': {'message': 'This is a buzz message.', 'author': 'Eve'}
2025-09-10 20:45:02 | INFO | Sent message to topic 'buzzline_json': {'message': 'JSON makes life easier.', 'author': 'Eve'}
2025-09-10 20:45:03 | INFO | Sent message to topic 'buzzline_json': {'message': 'JSON makes life easier.', 'author': 'Alice'}
2025-09-10 20:45:04 | INFO | Sent message to topic 'buzzline_json': {'message': 'Data engineering is my passion.', 'author': 'Diana'}
2025-09-10 20:45:05 | INFO | Sent message to topic 'buzzline_json': {'message': 'JSON makes life easier.', 'author': 'Diana'}
2025-09-10 20:45:06 | INFO | Sent message to topic 'buzzline_json': {'message': 'Kafka is awesome.', 'author': 'Charlie'}
2025-09-10 20:45:07 | INFO | Sent message to topic 'buzzline_json': {'message': 'JSON makes life easier.', 'author': 'Bob'}
2025-09-10 20:45:08 | INFO | Sent message to topic 'buzzline_json': {'message': 'I love Python!', 'author': 'Bob'}
2025-09-10 20:45:09 | INFO | Sent message to topic 'buzzline_json': {'message': 'This is a buzz message.', 'author': 'Eve'}
2025-09-10 20:45:10 | INFO | Sent message to topic 'buzzline_json': {'message': 'I love Python!', 'author': 'Eve'}
2025-09-10 20:45:11 | INFO | Sent message to topic 'buzzline_json': {'message': 'Buzz messages for everyone.', 'author': 'Alice'}
2025-09-10 20:45:12 | INFO | Sent message to topic 'buzzline_json': {'message': 'This is a buzz message.', 'author': 'Alice'}
2025-09-10 20:45:13 | INFO | Sent message to topic 'buzzline_json': {'message': 'Data engineering is my passion.', 'author': 'Diana'}
2025-09-10 20:45:14 | INFO | Sent message to topic 'buzzline_json': {'message': 'I love Python!', 'author': 'Eve'}
2025-09-10 20:45:15 | INFO | Sent message to topic 'buzzline_json': {'message': 'JSON makes life easier.', 'author': 'Charlie'}
2025-09-10 20:45:16 | INFO | Sent message to topic 'buzzline_json': {'message': 'Have a great day!', 'author': 'Bob'}
2025-09-10 20:45:17 | INFO | Sent message to topic 'buzzline_json': {'message': 'Data engineering is my passion.', 'author': 'Alice'}
2025-09-10 20:45:18 | INFO | Sent message to topic 'buzzline_json': {'message': 'Kafka is awesome.', 'author': 'Diana'}
2025-09-10 20:45:19 | INFO | Sent message to topic 'buzzline_json': {'message': 'Kafka is awesome.', 'author': 'Diana'}
2025-09-10 20:45:20 | INFO | Sent message to topic 'buzzline_json': {'message': 'Hello, Kafka world!', 'author': 'Bob'}
2025-09-10 20:45:21 | INFO | Sent message to topic 'buzzline_json': {'message': 'Distributed systems are fascinating.', 'author': 'Diana'}
2025-09-10 20:45:22 | INFO | Sent message to topic 'buzzline_json': {'message': 'I love Python!', 'author': 'Diana'}
2025-09-10 20:45:23 | INFO | Sent message to topic 'buzzline_json': {'message': 'Have a great day!', 'author': 'Alice'}
2025-09-10 20:45:24 | INFO | Sent message to topic 'buzzline_json': {'message': 'Hello, Kafka world!', 'author': 'Charlie'}
2025-09-10 20:45:25 | INFO | Sent message to topic 'buzzline_json': {'message': 'JSON makes life easier.', 'author': 'Diana'}
2025-09-10 20:45:26 | INFO | Sent message to topic 'buzzline_json': {'message': 'I love Python!', 'author': 'Bob'}
2025-09-10 20:45:27 | INFO | Sent message to topic 'buzzline_json': {'message': 'Have a great day!', 'author': 'Diana'}
2025-09-10 20:45:28 | INFO | Sent message to topic 'buzzline_json': {'message': 'Hello, Kafka world!', 'author': 'Alice'}
2025-09-10 20:45:29 | INFO | Sent message to topic 'buzzline_json': {'message': 'JSON makes life easier.', 'author': 'Alice'}
2025-09-10 20:45:30 | INFO | Sent message to topic 'buzzline_json': {'message': 'Buzz messages for everyone.', 'author': 'Charlie'}
2025-09-10 20:45:31 | INFO | Sent message to topic 'buzzline_json': {'message': 'Buzz messages for everyone.', 'author': 'Bob'}
2025-09-10 20:45:32 | INFO | Sent message to topic 'buzzline_json': {'message': 'Streaming data is fun.', 'author': 'Diana'}
2025-09-10 20:45:33 | INFO | Sent message to topic 'buzzline_json': {'message': 'Have a great day!', 'author': 'Diana'}
2025-09-10 20:45:34 | INFO | Sent message to topic 'buzzline_json': {'message': 'I love Python!', 'author': 'Alice'}
2025-09-10 20:45:35 | INFO | Sent message to topic 'buzzline_json': {'message': 'Streaming data is fun.', 'author': 'Charlie'}
2025-09-10 20:45:36 | INFO | Sent message to topic 'buzzline_json': {'message': 'Kafka is awesome.', 'author': 'Alice'}
2025-09-10 20:45:37 | INFO | Sent message to topic 'buzzline_json': {'message': 'Kafka is awesome.', 'author': 'Diana'}
2025-09-10 20:45:38 | INFO | Sent message to topic 'buzzline_json': {'message': 'Kafka is awesome.', 'author': 'Alice'}
2025-09-10 20:45:39 | INFO | Sent message to topic 'buzzline_json': {'message': 'JSON makes life easier.', 'author': 'Bob'}
2025-09-10 20:45:40 | INFO | Sent message to topic 'buzzline_json': {'message': 'This is a buzz message.', 'author': 'Bob'}
2025-09-10 20:45:41 | INFO | Sent message to topic 'buzzline_json': {'message': 'Streaming data is fun.', 'author': 'Diana'}
2025-09-10 20:45:42 | INFO | Sent message to topic 'buzzline_json': {'message': 'Have a great day!', 'author': 'Bob'}
2025-09-10 20:45:43 | INFO | Sent message to topic 'buzzline_json': {'message': 'This is a buzz message.', 'author': 'Eve'}
2025-09-10 20:45:44 | INFO | Sent message to topic 'buzzline_json': {'message': 'Hello, Kafka world!', 'author': 'Bob'}
2025-09-10 20:45:45 | INFO | Sent message to topic 'buzzline_json': {'message': 'This is a buzz message.', 'author': 'Alice'}
2025-09-10 20:45:46 | INFO | Sent message to topic 'buzzline_json': {'message': 'Streaming data is fun.', 'author': 'Eve'}
2025-09-10 20:45:47 | INFO | Sent message to topic 'buzzline_json': {'message': 'Kafka is awesome.', 'author': 'Alice'}
2025-09-10 20:45:48 | INFO | Sent message to topic 'buzzline_json': {'message': 'JSON makes life easier.', 'author': 'Bob'}
2025-09-10 20:45:49 | INFO | Sent message to topic 'buzzline_json': {'message': 'This is a buzz message.', 'author': 'Charlie'}
2025-09-10 20:45:50 | INFO | Sent message to topic 'buzzline_json': {'message': 'Have a great day!', 'author': 'Diana'}
2025-09-10 20:45:51 | INFO | Sent message to topic 'buzzline_json': {'message': 'Distributed systems are fascinating.', 'author': 'Bob'}
2025-09-10 20:45:52 | INFO | Sent message to topic 'buzzline_json': {'message': 'Kafka is awesome.', 'author': 'Alice'}
2025-09-10 20:45:53 | INFO | Sent message to topic 'buzzline_json': {'message': 'Streaming data is fun.', 'author': 'Alice'}
2025-09-10 20:45:54 | INFO | Sent message to topic 'buzzline_json': {'message': 'Have a great day!', 'author': 'Diana'}
2025-09-10 20:45:55 | INFO | Sent message to topic 'buzzline_json': {'message': 'Streaming data is fun.', 'author': 'Alice'}
2025-09-10 20:45:56 | INFO | Sent message to topic 'buzzline_json': {'message': 'This is a buzz message.', 'author': 'Diana'}
2025-09-10 20:45:57 | INFO | Sent message to topic 'buzzline_json': {'message': 'Data engineering is my passion.', 'author': 'Bob'}
2025-09-10 20:45:58 | INFO | Sent message to topic 'buzzline_json': {'message': 'Have a great day!', 'author': 'Diana'}
2025-09-10 20:45:59 | INFO | Sent message to topic 'buzzline_json': {'message': 'Kafka is awesome.', 'author': 'Alice'}
2025-09-10 20:46:00 | INFO | Sent message to topic 'buzzline_json': {'message': 'Kafka is awesome.', 'author': 'Eve'}
2025-09-10 20:46:01 | INFO | Sent message to topic 'buzzline_json': {'message': 'Have a great day!', 'author': 'Diana'}
2025-09-10 20:46:02 | INFO | Sent message to topic 'buzzline_json': {'message': 'Buzz messages for everyone.', 'author': 'Charlie'}
2025-09-10 20:46:03 | INFO | Sent message to topic 'buzzline_json': {'message': 'This is a buzz message.', 'author': 'Charlie'}
2025-09-10 20:46:04 | INFO | Sent message to topic 'buzzline_json': {'message': 'Streaming data is fun.', 'author': 'Alice'}
2025-09-10 20:46:05 | INFO | Sent message to topic 'buzzline_json': {'message': 'Hello, Kafka world!', 'author': 'Diana'}
2025-09-10 20:46:06 | INFO | Sent message to topic 'buzzline_json': {'message': 'Kafka is awesome.', 'author': 'Bob'}
2025-09-10 20:46:07 | INFO | Sent message to topic 'buzzline_json': {'message': 'I love Python!', 'author': 'Eve'}
2025-09-10 20:46:08 | INFO | Sent message to topic 'buzzline_json': {'message': 'JSON makes life easier.', 'author': 'Charlie'}
2025-09-10 20:46:09 | INFO | Sent message to topic 'buzzline_json': {'message': 'I love Python!', 'author': 'Charlie'}
2025-09-10 20:46:10 | INFO | Sent message to topic 'buzzline_json': {'message': 'I love Python!', 'author': 'Charlie'}
2025-09-10 20:46:11 | INFO | Sent message to topic 'buzzline_json': {'message': 'I love Python!', 'author': 'Diana'}
2025-09-10 20:46:12 | INFO | Sent message to topic 'buzzline_json': {'message': 'Streaming data is fun.', 'author': 'Diana'}
2025-09-10 20:46:13 | INFO | Sent message to topic 'buzzline_json': {'message': 'Data engineering is my passion.', 'author': 'Eve'}
2025-09-10 20:46:14 | INFO | Sent message to topic 'buzzline_json': {'message': 'Buzz messages for everyone.', 'author': 'Eve'}
2025-09-10 20:46:15 | INFO | Sent message to topic 'buzzline_json': {'message': 'JSON makes life easier.', 'author': 'Eve'}
2025-09-10 20:46:16 | INFO | Sent message to topic 'buzzline_json': {'message': 'Have a great day!', 'author': 'Alice'}
2025-09-10 20:46:17 | INFO | Sent message to topic 'buzzline_json': {'message': 'I love Python!', 'author': 'Bob'}
2025-09-10 20:46:18 | INFO | Sent message to topic 'buzzline_json': {'message': 'I love Python!', 'author': 'Bob'}
2025-09-10 20:46:19 | INFO | Sent message to topic 'buzzline_json': {'message': 'This is a buzz message.', 'author': 'Eve'}
2025-09-10 20:46:20 | INFO | Logging to file: logs/project_log.log
2025-09-10 20:46:20 | INFO | Log sanitization enabled, personal info removed
2025-09-10 20:46:20 | INFO | Kafka broker address: localhost:9092
2025-09-10 20:46:20 | INFO | Creating Kafka consumer. Topic='test_topic' and group ID='fintel_group'.
2025-09-10 20:46:20 | INFO | Kafka consumer created successfully.
2025-09-10 20:46:20 | INFO | Starting JSON consumer on topic 'test_topic'...
2025-09-10 20:46:20 | ERROR | Consumer error: Invalid file descriptor: -1
2025-09-10 20:46:20 | INFO | Sent message to topic 'buzzline_json': {'message': 'This is a buzz message.', 'author': 'Alice'}
2025-09-10 20:46:21 | INFO | Sent message to topic 'buzzline_json': {'message': 'Distributed systems are fascinating.', 'author': 'Diana'}
2025-09-10 20:46:22 | INFO | Sent message to topic 'buzzline_json': {'message': 'Streaming data is fun.', 'author': 'Eve'}
2025-09-10 20:46:23 | INFO | Kafka consumer closed.
2025-09-10 20:46:23 | INFO | Sent message to topic 'buzzline_json': {'message': 'Have a great day!', 'author': 'Charlie'}
2025-09-10 20:46:24 | INFO | Sent message to topic 'buzzline_json': {'message': 'JSON makes life easier.', 'author': 'Eve'}
2025-09-10 20:46:25 | INFO | Sent message to topic 'buzzline_json': {'message': 'Buzz messages for everyone.', 'author': 'Diana'}
2025-09-10 20:46:26 | INFO | Sent message to topic 'buzzline_json': {'message': 'This is a buzz message.', 'author': 'Charlie'}
2025-09-10 20:46:27 | INFO | Sent message to topic 'buzzline_json': {'message': 'Distributed systems are fascinating.', 'author': 'Charlie'}
2025-09-10 20:46:28 | INFO | Sent message to topic 'buzzline_json': {'message': 'Buzz messages for everyone.', 'author': 'Bob'}
2025-09-10 20:46:29 | INFO | Sent message to topic 'buzzline_json': {'message': 'This is a buzz message.', 'author': 'Eve'}
2025-09-10 20:46:30 | INFO | Sent message to topic 'buzzline_json': {'message': 'Data engineering is my passion.', 'author': 'Diana'}
2025-09-10 20:46:31 | INFO | Sent message to topic 'buzzline_json': {'message': 'Data engineering is my passion.', 'author': 'Alice'}
2025-09-10 20:46:32 | INFO | Sent message to topic 'buzzline_json': {'message': 'Buzz messages for everyone.', 'author': 'Diana'}
2025-09-10 20:46:33 | INFO | Sent message to topic 'buzzline_json': {'message': 'JSON makes life easier.', 'author': 'Alice'}
2025-09-10 20:46:34 | INFO | Opening data file in read mode: PROJECT_ROOT/data/buzz.json
2025-09-10 20:46:34 | INFO | Reading data from file: PROJECT_ROOT/data/buzz.json
2025-09-10 20:46:34 | INFO | Sent message to topic 'buzzline_json': {'message': 'Data engineering is my passion.', 'author': 'Eve'}
2025-09-10 20:46:35 | INFO | Sent message to topic 'buzzline_json': {'message': 'Distributed systems are fascinating.', 'author': 'Alice'}
2025-09-10 20:46:36 | INFO | Sent message to topic 'buzzline_json': {'message': 'Have a great day!', 'author': 'Charlie'}
2025-09-10 20:46:37 | INFO | Sent message to topic 'buzzline_json': {'message': 'Data engineering is my passion.', 'author': 'Alice'}
2025-09-10 20:46:38 | INFO | Sent message to topic 'buzzline_json': {'message': 'Distributed systems are fascinating.', 'author': 'Diana'}
2025-09-10 20:46:39 | INFO | Sent message to topic 'buzzline_json': {'message': 'Buzz messages for everyone.', 'author': 'Alice'}
2025-09-10 20:46:40 | INFO | Sent message to topic 'buzzline_json': {'message': 'Hello, Kafka world!', 'author': 'Diana'}
2025-09-10 20:46:41 | INFO | Sent message to topic 'buzzline_json': {'message': 'This is a buzz message.', 'author': 'Eve'}
2025-09-10 20:46:42 | INFO | Sent message to topic 'buzzline_json': {'message': 'JSON makes life easier.', 'author': 'Eve'}
2025-09-10 20:46:43 | INFO | Sent message to topic 'buzzline_json': {'message': 'JSON makes life easier.', 'author': 'Alice'}
2025-09-10 20:46:44 | INFO | Sent message to topic 'buzzline_json': {'message': 'Data engineering is my passion.', 'author': 'Diana'}
2025-09-10 20:46:45 | INFO | Sent message to topic 'buzzline_json': {'message': 'JSON makes life easier.', 'author': 'Diana'}
2025-09-10 20:46:46 | INFO | Sent message to topic 'buzzline_json': {'message': 'Kafka is awesome.', 'author': 'Charlie'}
2025-09-10 20:46:47 | INFO | Sent message to topic 'buzzline_json': {'message': 'JSON makes life easier.', 'author': 'Bob'}
2025-09-10 20:46:48 | INFO | Sent message to topic 'buzzline_json': {'message': 'I love Python!', 'author': 'Bob'}
2025-09-10 20:46:49 | INFO | Sent message to topic 'buzzline_json': {'message': 'This is a buzz message.', 'author': 'Eve'}
2025-09-10 20:46:50 | INFO | Sent message to topic 'buzzline_json': {'message': 'I love Python!', 'author': 'Eve'}
2025-09-10 20:46:51 | INFO | Sent message to topic 'buzzline_json': {'message': 'Buzz messages for everyone.', 'author': 'Alice'}
2025-09-10 20:46:52 | INFO | Sent message to topic 'buzzline_json': {'message': 'This is a buzz message.', 'author': 'Alice'}
2025-09-10 20:46:53 | INFO | Sent message to topic 'buzzline_json': {'message': 'Data engineering is my passion.', 'author': 'Diana'}
2025-09-10 20:46:54 | INFO | Sent message to topic 'buzzline_json': {'message': 'I love Python!', 'author': 'Eve'}
2025-09-10 20:46:55 | INFO | Sent message to topic 'buzzline_json': {'message': 'JSON makes life easier.', 'author': 'Charlie'}
2025-09-10 20:46:56 | INFO | Sent message to topic 'buzzline_json': {'message': 'Have a great day!', 'author': 'Bob'}
2025-09-10 20:46:57 | INFO | Sent message to topic 'buzzline_json': {'message': 'Data engineering is my passion.', 'author': 'Alice'}
2025-09-10 20:46:58 | INFO | Sent message to topic 'buzzline_json': {'message': 'Kafka is awesome.', 'author': 'Diana'}
2025-09-10 20:46:59 | INFO | Sent message to topic 'buzzline_json': {'message': 'Kafka is awesome.', 'author': 'Diana'}
2025-09-10 20:47:00 | INFO | Sent message to topic 'buzzline_json': {'message': 'Hello, Kafka world!', 'author': 'Bob'}
2025-09-10 20:47:01 | INFO | Sent message to topic 'buzzline_json': {'message': 'Distributed systems are fascinating.', 'author': 'Diana'}
2025-09-10 20:47:02 | INFO | Sent message to topic 'buzzline_json': {'message': 'I love Python!', 'author': 'Diana'}
2025-09-10 20:47:03 | INFO | Sent message to topic 'buzzline_json': {'message': 'Have a great day!', 'author': 'Alice'}
2025-09-10 20:47:04 | INFO | Sent message to topic 'buzzline_json': {'message': 'Hello, Kafka world!', 'author': 'Charlie'}
2025-09-10 20:47:05 | INFO | Sent message to topic 'buzzline_json': {'message': 'JSON makes life easier.', 'author': 'Diana'}
2025-09-10 20:47:06 | INFO | Sent message to topic 'buzzline_json': {'message': 'I love Python!', 'author': 'Bob'}
2025-09-10 20:47:07 | INFO | Sent message to topic 'buzzline_json': {'message': 'Have a great day!', 'author': 'Diana'}
2025-09-10 20:47:08 | INFO | Sent message to topic 'buzzline_json': {'message': 'Hello, Kafka world!', 'author': 'Alice'}
2025-09-10 20:47:09 | INFO | Sent message to topic 'buzzline_json': {'message': 'JSON makes life easier.', 'author': 'Alice'}
2025-09-10 20:47:10 | INFO | Sent message to topic 'buzzline_json': {'message': 'Buzz messages for everyone.', 'author': 'Charlie'}
2025-09-10 20:47:11 | INFO | Sent message to topic 'buzzline_json': {'message': 'Buzz messages for everyone.', 'author': 'Bob'}
2025-09-10 20:47:12 | INFO | Sent message to topic 'buzzline_json': {'message': 'Streaming data is fun.', 'author': 'Diana'}
2025-09-10 20:47:13 | INFO | Sent message to topic 'buzzline_json': {'message': 'Have a great day!', 'author': 'Diana'}
2025-09-10 20:47:14 | INFO | Sent message to topic 'buzzline_json': {'message': 'I love Python!', 'author': 'Alice'}
2025-09-10 20:47:15 | INFO | Sent message to topic 'buzzline_json': {'message': 'Streaming data is fun.', 'author': 'Charlie'}
2025-09-10 20:47:16 | INFO | Sent message to topic 'buzzline_json': {'message': 'Kafka is awesome.', 'author': 'Alice'}
2025-09-10 20:47:17 | INFO | Sent message to topic 'buzzline_json': {'message': 'Kafka is awesome.', 'author': 'Diana'}
2025-09-10 20:47:18 | INFO | Sent message to topic 'buzzline_json': {'message': 'Kafka is awesome.', 'author': 'Alice'}
2025-09-10 20:47:19 | INFO | Sent message to topic 'buzzline_json': {'message': 'JSON makes life easier.', 'author': 'Bob'}
2025-09-10 20:47:20 | INFO | Sent message to topic 'buzzline_json': {'message': 'This is a buzz message.', 'author': 'Bob'}
2025-09-10 20:47:21 | INFO | Sent message to topic 'buzzline_json': {'message': 'Streaming data is fun.', 'author': 'Diana'}
2025-09-10 20:47:22 | INFO | Sent message to topic 'buzzline_json': {'message': 'Have a great day!', 'author': 'Bob'}
2025-09-10 20:47:23 | INFO | Sent message to topic 'buzzline_json': {'message': 'This is a buzz message.', 'author': 'Eve'}
2025-09-10 20:47:24 | INFO | Sent message to topic 'buzzline_json': {'message': 'Hello, Kafka world!', 'author': 'Bob'}
2025-09-10 20:47:25 | INFO | Sent message to topic 'buzzline_json': {'message': 'This is a buzz message.', 'author': 'Alice'}
2025-09-10 20:47:26 | INFO | Sent message to topic 'buzzline_json': {'message': 'Streaming data is fun.', 'author': 'Eve'}
2025-09-10 20:47:27 | INFO | Sent message to topic 'buzzline_json': {'message': 'Kafka is awesome.', 'author': 'Alice'}
2025-09-10 20:47:28 | INFO | Sent message to topic 'buzzline_json': {'message': 'JSON makes life easier.', 'author': 'Bob'}
2025-09-10 20:47:29 | INFO | Sent message to topic 'buzzline_json': {'message': 'This is a buzz message.', 'author': 'Charlie'}
2025-09-10 20:47:30 | INFO | Sent message to topic 'buzzline_json': {'message': 'Have a great day!', 'author': 'Diana'}
2025-09-10 20:47:31 | INFO | Logging to file: logs/project_log.log
2025-09-10 20:47:31 | INFO | Log sanitization enabled, personal info removed
2025-09-10 20:47:31 | INFO | Kafka broker address: localhost:9092
2025-09-10 20:47:31 | INFO | Kafka consumer created for topic 'test_topic' with group 'fintel_group'.
2025-09-10 20:47:31 | INFO | Assigned partitions: set()
2025-09-10 20:47:31 | INFO | Starting JSON consumer on topic 'test_topic'...
2025-09-10 20:47:31 | INFO | Sent message to topic 'buzzline_json': {'message': 'Distributed systems are fascinating.', 'author': 'Bob'}
2025-09-10 20:47:32 | INFO | Sent message to topic 'buzzline_json': {'message': 'Kafka is awesome.', 'author': 'Alice'}
2025-09-10 20:47:33 | INFO | Sent message to topic 'buzzline_json': {'message': 'Streaming data is fun.', 'author': 'Alice'}
2025-09-10 20:47:34 | INFO | Sent message to topic 'buzzline_json': {'message': 'Have a great day!', 'author': 'Diana'}
2025-09-10 20:47:35 | INFO | Sent message to topic 'buzzline_json': {'message': 'Streaming data is fun.', 'author': 'Alice'}
2025-09-10 20:47:37 | INFO | Sent message to topic 'buzzline_json': {'message': 'This is a buzz message.', 'author': 'Diana'}
2025-09-10 20:47:38 | INFO | Sent message to topic 'buzzline_json': {'message': 'Data engineering is my passion.', 'author': 'Bob'}
2025-09-10 20:47:39 | INFO | Sent message to topic 'buzzline_json': {'message': 'Have a great day!', 'author': 'Diana'}
2025-09-10 20:47:40 | INFO | Sent message to topic 'buzzline_json': {'message': 'Kafka is awesome.', 'author': 'Alice'}
