2025-09-10 22:33:05 | INFO | Sent message to topic 'buzzline_json': {'message': 'Buzz messages for everyone.', 'author': 'Bob'}
2025-09-10 22:33:06 | INFO | Processed JSON message: {'message': 'Streaming data is fun.', 'author': 'Diana'}
2025-09-10 22:33:06 | INFO | Message received from author: Diana
2025-09-10 22:33:06 | INFO | Updated author counts: {'Charlie': 158, 'Alice': 243, 'Diana': 275, 'Bob': 174, 'Eve': 178}
2025-09-10 22:33:06 | INFO | Sent message to topic 'buzzline_json': {'message': 'Streaming data is fun.', 'author': 'Diana'}
2025-09-10 22:33:07 | INFO | Processed JSON message: {'message': 'Have a great day!', 'author': 'Diana'}
2025-09-10 22:33:07 | INFO | Message received from author: Diana
2025-09-10 22:33:07 | INFO | Updated author counts: {'Charlie': 158, 'Alice': 243, 'Diana': 276, 'Bob': 174, 'Eve': 178}
2025-09-10 22:33:07 | INFO | Sent message to topic 'buzzline_json': {'message': 'Have a great day!', 'author': 'Diana'}
2025-09-10 22:33:08 | INFO | Sent message to topic 'buzzline_json': {'message': 'I love Python!', 'author': 'Alice'}
2025-09-10 22:33:08 | INFO | Processed JSON message: {'message': 'I love Python!', 'author': 'Alice'}
2025-09-10 22:33:08 | INFO | Message received from author: Alice
2025-09-10 22:33:08 | INFO | Updated author counts: {'Charlie': 158, 'Alice': 244, 'Diana': 276, 'Bob': 174, 'Eve': 178}
2025-09-10 22:33:09 | INFO | Sent message to topic 'buzzline_json': {'message': 'Streaming data is fun.', 'author': 'Charlie'}
2025-09-10 22:33:09 | INFO | Processed JSON message: {'message': 'Streaming data is fun.', 'author': 'Charlie'}
2025-09-10 22:33:09 | INFO | Message received from author: Charlie
2025-09-10 22:33:09 | INFO | Updated author counts: {'Charlie': 159, 'Alice': 244, 'Diana': 276, 'Bob': 174, 'Eve': 178}
2025-09-10 22:33:10 | INFO | Sent message to topic 'buzzline_json': {'message': 'Kafka is awesome.', 'author': 'Alice'}
2025-09-10 22:33:10 | INFO | Processed JSON message: {'message': 'Kafka is awesome.', 'author': 'Alice'}
2025-09-10 22:33:10 | INFO | Message received from author: Alice
2025-09-10 22:33:10 | INFO | Updated author counts: {'Charlie': 159, 'Alice': 245, 'Diana': 276, 'Bob': 174, 'Eve': 178}
2025-09-10 22:33:11 | INFO | Sent message to topic 'buzzline_json': {'message': 'Kafka is awesome.', 'author': 'Diana'}
2025-09-10 22:33:11 | INFO | Processed JSON message: {'message': 'Kafka is awesome.', 'author': 'Diana'}
2025-09-10 22:33:11 | INFO | Message received from author: Diana
2025-09-10 22:33:11 | INFO | Updated author counts: {'Charlie': 159, 'Alice': 245, 'Diana': 277, 'Bob': 174, 'Eve': 178}
2025-09-10 22:33:12 | INFO | Sent message to topic 'buzzline_json': {'message': 'Kafka is awesome.', 'author': 'Alice'}
2025-09-10 22:33:12 | INFO | Processed JSON message: {'message': 'Kafka is awesome.', 'author': 'Alice'}
2025-09-10 22:33:12 | INFO | Message received from author: Alice
2025-09-10 22:33:12 | INFO | Updated author counts: {'Charlie': 159, 'Alice': 246, 'Diana': 277, 'Bob': 174, 'Eve': 178}
2025-09-10 22:33:13 | INFO | Sent message to topic 'buzzline_json': {'message': 'JSON makes life easier.', 'author': 'Bob'}
2025-09-10 22:33:13 | INFO | Processed JSON message: {'message': 'JSON makes life easier.', 'author': 'Bob'}
2025-09-10 22:33:13 | INFO | Message received from author: Bob
2025-09-10 22:33:13 | INFO | Updated author counts: {'Charlie': 159, 'Alice': 246, 'Diana': 277, 'Bob': 175, 'Eve': 178}
2025-09-10 22:33:14 | INFO | Processed JSON message: {'message': 'This is a buzz message.', 'author': 'Bob'}
2025-09-10 22:33:14 | INFO | Message received from author: Bob
2025-09-10 22:33:14 | INFO | Updated author counts: {'Charlie': 159, 'Alice': 246, 'Diana': 277, 'Bob': 176, 'Eve': 178}
2025-09-10 22:33:14 | INFO | Sent message to topic 'buzzline_json': {'message': 'This is a buzz message.', 'author': 'Bob'}
2025-09-10 22:33:15 | INFO | Sent message to topic 'buzzline_json': {'message': 'Streaming data is fun.', 'author': 'Diana'}
2025-09-10 22:33:15 | INFO | Processed JSON message: {'message': 'Streaming data is fun.', 'author': 'Diana'}
2025-09-10 22:33:15 | INFO | Message received from author: Diana
2025-09-10 22:33:15 | INFO | Updated author counts: {'Charlie': 159, 'Alice': 246, 'Diana': 278, 'Bob': 176, 'Eve': 178}
2025-09-10 22:33:16 | INFO | Sent message to topic 'buzzline_json': {'message': 'Have a great day!', 'author': 'Bob'}
2025-09-10 22:33:16 | INFO | Processed JSON message: {'message': 'Have a great day!', 'author': 'Bob'}
2025-09-10 22:33:16 | INFO | Message received from author: Bob
2025-09-10 22:33:16 | INFO | Updated author counts: {'Charlie': 159, 'Alice': 246, 'Diana': 278, 'Bob': 177, 'Eve': 178}
2025-09-10 22:33:17 | INFO | Sent message to topic 'buzzline_json': {'message': 'This is a buzz message.', 'author': 'Eve'}
2025-09-10 22:33:17 | INFO | Processed JSON message: {'message': 'This is a buzz message.', 'author': 'Eve'}
2025-09-10 22:33:17 | INFO | Message received from author: Eve
2025-09-10 22:33:17 | INFO | Updated author counts: {'Charlie': 159, 'Alice': 246, 'Diana': 278, 'Bob': 177, 'Eve': 179}
2025-09-10 22:33:18 | INFO | Sent message to topic 'buzzline_json': {'message': 'Hello, Kafka world!', 'author': 'Bob'}
2025-09-10 22:33:18 | INFO | Processed JSON message: {'message': 'Hello, Kafka world!', 'author': 'Bob'}
2025-09-10 22:33:18 | INFO | Message received from author: Bob
2025-09-10 22:33:18 | INFO | Updated author counts: {'Charlie': 159, 'Alice': 246, 'Diana': 278, 'Bob': 178, 'Eve': 179}
2025-09-10 22:33:19 | INFO | Processed JSON message: {'message': 'This is a buzz message.', 'author': 'Alice'}
2025-09-10 22:33:19 | INFO | Message received from author: Alice
2025-09-10 22:33:19 | INFO | Updated author counts: {'Charlie': 159, 'Alice': 247, 'Diana': 278, 'Bob': 178, 'Eve': 179}
2025-09-10 22:33:19 | INFO | Sent message to topic 'buzzline_json': {'message': 'This is a buzz message.', 'author': 'Alice'}
2025-09-10 22:33:20 | INFO | Sent message to topic 'buzzline_json': {'message': 'Streaming data is fun.', 'author': 'Eve'}
2025-09-10 22:33:20 | INFO | Processed JSON message: {'message': 'Streaming data is fun.', 'author': 'Eve'}
2025-09-10 22:33:20 | INFO | Message received from author: Eve
2025-09-10 22:33:20 | INFO | Updated author counts: {'Charlie': 159, 'Alice': 247, 'Diana': 278, 'Bob': 178, 'Eve': 180}
2025-09-10 22:33:21 | INFO | Sent message to topic 'buzzline_json': {'message': 'Kafka is awesome.', 'author': 'Alice'}
2025-09-10 22:33:21 | INFO | Processed JSON message: {'message': 'Kafka is awesome.', 'author': 'Alice'}
2025-09-10 22:33:21 | INFO | Message received from author: Alice
2025-09-10 22:33:21 | INFO | Updated author counts: {'Charlie': 159, 'Alice': 248, 'Diana': 278, 'Bob': 178, 'Eve': 180}
2025-09-10 22:33:22 | INFO | Processed JSON message: {'message': 'JSON makes life easier.', 'author': 'Bob'}
2025-09-10 22:33:22 | INFO | Message received from author: Bob
2025-09-10 22:33:22 | INFO | Updated author counts: {'Charlie': 159, 'Alice': 248, 'Diana': 278, 'Bob': 179, 'Eve': 180}
2025-09-10 22:33:22 | INFO | Sent message to topic 'buzzline_json': {'message': 'JSON makes life easier.', 'author': 'Bob'}
2025-09-10 22:33:24 | INFO | Processed JSON message: {'message': 'This is a buzz message.', 'author': 'Charlie'}
2025-09-10 22:33:24 | INFO | Message received from author: Charlie
2025-09-10 22:33:24 | INFO | Updated author counts: {'Charlie': 160, 'Alice': 248, 'Diana': 278, 'Bob': 179, 'Eve': 180}
2025-09-10 22:33:24 | INFO | Sent message to topic 'buzzline_json': {'message': 'This is a buzz message.', 'author': 'Charlie'}
2025-09-10 22:33:25 | INFO | Sent message to topic 'buzzline_json': {'message': 'Have a great day!', 'author': 'Diana'}
2025-09-10 22:33:25 | INFO | Processed JSON message: {'message': 'Have a great day!', 'author': 'Diana'}
2025-09-10 22:33:25 | INFO | Message received from author: Diana
2025-09-10 22:33:25 | INFO | Updated author counts: {'Charlie': 160, 'Alice': 248, 'Diana': 279, 'Bob': 179, 'Eve': 180}
2025-09-10 22:33:26 | INFO | Sent message to topic 'buzzline_json': {'message': 'Distributed systems are fascinating.', 'author': 'Bob'}
2025-09-10 22:33:26 | INFO | Processed JSON message: {'message': 'Distributed systems are fascinating.', 'author': 'Bob'}
2025-09-10 22:33:26 | INFO | Message received from author: Bob
2025-09-10 22:33:26 | INFO | Updated author counts: {'Charlie': 160, 'Alice': 248, 'Diana': 279, 'Bob': 180, 'Eve': 180}
2025-09-10 22:33:27 | INFO | Sent message to topic 'buzzline_json': {'message': 'Kafka is awesome.', 'author': 'Alice'}
2025-09-10 22:33:27 | INFO | Processed JSON message: {'message': 'Kafka is awesome.', 'author': 'Alice'}
2025-09-10 22:33:27 | INFO | Message received from author: Alice
2025-09-10 22:33:27 | INFO | Updated author counts: {'Charlie': 160, 'Alice': 249, 'Diana': 279, 'Bob': 180, 'Eve': 180}
2025-09-10 22:33:28 | INFO | Sent message to topic 'buzzline_json': {'message': 'Streaming data is fun.', 'author': 'Alice'}
2025-09-10 22:33:28 | INFO | Processed JSON message: {'message': 'Streaming data is fun.', 'author': 'Alice'}
2025-09-10 22:33:28 | INFO | Message received from author: Alice
2025-09-10 22:33:28 | INFO | Updated author counts: {'Charlie': 160, 'Alice': 250, 'Diana': 279, 'Bob': 180, 'Eve': 180}
2025-09-10 22:33:29 | INFO | Processed JSON message: {'message': 'Have a great day!', 'author': 'Diana'}
2025-09-10 22:33:29 | INFO | Message received from author: Diana
2025-09-10 22:33:29 | INFO | Updated author counts: {'Charlie': 160, 'Alice': 250, 'Diana': 280, 'Bob': 180, 'Eve': 180}
2025-09-10 22:33:29 | INFO | Sent message to topic 'buzzline_json': {'message': 'Have a great day!', 'author': 'Diana'}
2025-09-10 22:33:30 | INFO | Processed JSON message: {'message': 'Streaming data is fun.', 'author': 'Alice'}
2025-09-10 22:33:30 | INFO | Message received from author: Alice
2025-09-10 22:33:30 | INFO | Updated author counts: {'Charlie': 160, 'Alice': 251, 'Diana': 280, 'Bob': 180, 'Eve': 180}
2025-09-10 22:33:30 | INFO | Sent message to topic 'buzzline_json': {'message': 'Streaming data is fun.', 'author': 'Alice'}
2025-09-10 22:33:31 | INFO | Sent message to topic 'buzzline_json': {'message': 'This is a buzz message.', 'author': 'Diana'}
2025-09-10 22:33:31 | INFO | Processed JSON message: {'message': 'This is a buzz message.', 'author': 'Diana'}
2025-09-10 22:33:31 | INFO | Message received from author: Diana
2025-09-10 22:33:31 | INFO | Updated author counts: {'Charlie': 160, 'Alice': 251, 'Diana': 281, 'Bob': 180, 'Eve': 180}
2025-09-10 22:33:32 | INFO | Sent message to topic 'buzzline_json': {'message': 'Data engineering is my passion.', 'author': 'Bob'}
2025-09-10 22:33:32 | INFO | Processed JSON message: {'message': 'Data engineering is my passion.', 'author': 'Bob'}
2025-09-10 22:33:32 | INFO | Message received from author: Bob
2025-09-10 22:33:32 | INFO | Updated author counts: {'Charlie': 160, 'Alice': 251, 'Diana': 281, 'Bob': 181, 'Eve': 180}
2025-09-10 22:33:33 | INFO | Processed JSON message: {'message': 'Have a great day!', 'author': 'Diana'}
2025-09-10 22:33:33 | INFO | Message received from author: Diana
2025-09-10 22:33:33 | INFO | Updated author counts: {'Charlie': 160, 'Alice': 251, 'Diana': 282, 'Bob': 181, 'Eve': 180}
2025-09-10 22:33:33 | INFO | Sent message to topic 'buzzline_json': {'message': 'Have a great day!', 'author': 'Diana'}
2025-09-10 22:33:34 | INFO | Sent message to topic 'buzzline_json': {'message': 'Kafka is awesome.', 'author': 'Alice'}
2025-09-10 22:33:34 | INFO | Processed JSON message: {'message': 'Kafka is awesome.', 'author': 'Alice'}
2025-09-10 22:33:34 | INFO | Message received from author: Alice
2025-09-10 22:33:34 | INFO | Updated author counts: {'Charlie': 160, 'Alice': 252, 'Diana': 282, 'Bob': 181, 'Eve': 180}
2025-09-10 22:33:35 | INFO | Sent message to topic 'buzzline_json': {'message': 'Kafka is awesome.', 'author': 'Eve'}
2025-09-10 22:33:35 | INFO | Processed JSON message: {'message': 'Kafka is awesome.', 'author': 'Eve'}
2025-09-10 22:33:35 | INFO | Message received from author: Eve
2025-09-10 22:33:35 | INFO | Updated author counts: {'Charlie': 160, 'Alice': 252, 'Diana': 282, 'Bob': 181, 'Eve': 181}
2025-09-10 22:33:36 | INFO | Processed JSON message: {'message': 'Have a great day!', 'author': 'Diana'}
2025-09-10 22:33:36 | INFO | Message received from author: Diana
2025-09-10 22:33:36 | INFO | Updated author counts: {'Charlie': 160, 'Alice': 252, 'Diana': 283, 'Bob': 181, 'Eve': 181}
2025-09-10 22:33:36 | INFO | Sent message to topic 'buzzline_json': {'message': 'Have a great day!', 'author': 'Diana'}
2025-09-10 22:33:37 | INFO | Sent message to topic 'buzzline_json': {'message': 'Buzz messages for everyone.', 'author': 'Charlie'}
2025-09-10 22:33:37 | INFO | Processed JSON message: {'message': 'Buzz messages for everyone.', 'author': 'Charlie'}
2025-09-10 22:33:37 | INFO | Message received from author: Charlie
2025-09-10 22:33:37 | INFO | Updated author counts: {'Charlie': 161, 'Alice': 252, 'Diana': 283, 'Bob': 181, 'Eve': 181}
2025-09-10 22:33:38 | INFO | Processed JSON message: {'message': 'This is a buzz message.', 'author': 'Charlie'}
2025-09-10 22:33:38 | INFO | Message received from author: Charlie
2025-09-10 22:33:38 | INFO | Updated author counts: {'Charlie': 162, 'Alice': 252, 'Diana': 283, 'Bob': 181, 'Eve': 181}
2025-09-10 22:33:38 | INFO | Sent message to topic 'buzzline_json': {'message': 'This is a buzz message.', 'author': 'Charlie'}
2025-09-10 22:33:39 | INFO | Sent message to topic 'buzzline_json': {'message': 'Streaming data is fun.', 'author': 'Alice'}
2025-09-10 22:33:39 | INFO | Processed JSON message: {'message': 'Streaming data is fun.', 'author': 'Alice'}
2025-09-10 22:33:39 | INFO | Message received from author: Alice
2025-09-10 22:33:39 | INFO | Updated author counts: {'Charlie': 162, 'Alice': 253, 'Diana': 283, 'Bob': 181, 'Eve': 181}
2025-09-10 22:33:40 | INFO | Sent message to topic 'buzzline_json': {'message': 'Hello, Kafka world!', 'author': 'Diana'}
2025-09-10 22:33:40 | INFO | Processed JSON message: {'message': 'Hello, Kafka world!', 'author': 'Diana'}
2025-09-10 22:33:40 | INFO | Message received from author: Diana
2025-09-10 22:33:40 | INFO | Updated author counts: {'Charlie': 162, 'Alice': 253, 'Diana': 284, 'Bob': 181, 'Eve': 181}
2025-09-10 22:33:41 | INFO | Sent message to topic 'buzzline_json': {'message': 'Kafka is awesome.', 'author': 'Bob'}
2025-09-10 22:33:41 | INFO | Processed JSON message: {'message': 'Kafka is awesome.', 'author': 'Bob'}
2025-09-10 22:33:41 | INFO | Message received from author: Bob
2025-09-10 22:33:41 | INFO | Updated author counts: {'Charlie': 162, 'Alice': 253, 'Diana': 284, 'Bob': 182, 'Eve': 181}
2025-09-10 22:33:42 | INFO | Sent message to topic 'buzzline_json': {'message': 'I love Python!', 'author': 'Eve'}
2025-09-10 22:33:42 | INFO | Processed JSON message: {'message': 'I love Python!', 'author': 'Eve'}
2025-09-10 22:33:42 | INFO | Message received from author: Eve
2025-09-10 22:33:42 | INFO | Updated author counts: {'Charlie': 162, 'Alice': 253, 'Diana': 284, 'Bob': 182, 'Eve': 182}
2025-09-10 22:33:43 | INFO | Processed JSON message: {'message': 'JSON makes life easier.', 'author': 'Charlie'}
2025-09-10 22:33:43 | INFO | Message received from author: Charlie
2025-09-10 22:33:43 | INFO | Updated author counts: {'Charlie': 163, 'Alice': 253, 'Diana': 284, 'Bob': 182, 'Eve': 182}
2025-09-10 22:33:43 | INFO | Sent message to topic 'buzzline_json': {'message': 'JSON makes life easier.', 'author': 'Charlie'}
2025-09-10 22:33:44 | INFO | Sent message to topic 'buzzline_json': {'message': 'I love Python!', 'author': 'Charlie'}
2025-09-10 22:33:44 | INFO | Processed JSON message: {'message': 'I love Python!', 'author': 'Charlie'}
2025-09-10 22:33:44 | INFO | Message received from author: Charlie
2025-09-10 22:33:44 | INFO | Updated author counts: {'Charlie': 164, 'Alice': 253, 'Diana': 284, 'Bob': 182, 'Eve': 182}
2025-09-10 22:33:45 | INFO | Sent message to topic 'buzzline_json': {'message': 'I love Python!', 'author': 'Charlie'}
2025-09-10 22:33:45 | INFO | Processed JSON message: {'message': 'I love Python!', 'author': 'Charlie'}
2025-09-10 22:33:45 | INFO | Message received from author: Charlie
2025-09-10 22:33:45 | INFO | Updated author counts: {'Charlie': 165, 'Alice': 253, 'Diana': 284, 'Bob': 182, 'Eve': 182}
2025-09-10 22:33:46 | INFO | Sent message to topic 'buzzline_json': {'message': 'I love Python!', 'author': 'Diana'}
2025-09-10 22:33:46 | INFO | Processed JSON message: {'message': 'I love Python!', 'author': 'Diana'}
2025-09-10 22:33:46 | INFO | Message received from author: Diana
2025-09-10 22:33:46 | INFO | Updated author counts: {'Charlie': 165, 'Alice': 253, 'Diana': 285, 'Bob': 182, 'Eve': 182}
2025-09-10 22:33:47 | INFO | Sent message to topic 'buzzline_json': {'message': 'Streaming data is fun.', 'author': 'Diana'}
2025-09-10 22:33:47 | INFO | Processed JSON message: {'message': 'Streaming data is fun.', 'author': 'Diana'}
2025-09-10 22:33:47 | INFO | Message received from author: Diana
2025-09-10 22:33:47 | INFO | Updated author counts: {'Charlie': 165, 'Alice': 253, 'Diana': 286, 'Bob': 182, 'Eve': 182}
2025-09-10 22:33:48 | INFO | Sent message to topic 'buzzline_json': {'message': 'Data engineering is my passion.', 'author': 'Eve'}
2025-09-10 22:33:48 | INFO | Processed JSON message: {'message': 'Data engineering is my passion.', 'author': 'Eve'}
2025-09-10 22:33:48 | INFO | Message received from author: Eve
2025-09-10 22:33:48 | INFO | Updated author counts: {'Charlie': 165, 'Alice': 253, 'Diana': 286, 'Bob': 182, 'Eve': 183}
2025-09-10 22:33:49 | INFO | Processed JSON message: {'message': 'Buzz messages for everyone.', 'author': 'Eve'}
2025-09-10 22:33:49 | INFO | Message received from author: Eve
2025-09-10 22:33:49 | INFO | Updated author counts: {'Charlie': 165, 'Alice': 253, 'Diana': 286, 'Bob': 182, 'Eve': 184}
2025-09-10 22:33:49 | INFO | Sent message to topic 'buzzline_json': {'message': 'Buzz messages for everyone.', 'author': 'Eve'}
2025-09-10 22:33:50 | INFO | Processed JSON message: {'message': 'JSON makes life easier.', 'author': 'Eve'}
2025-09-10 22:33:50 | INFO | Message received from author: Eve
2025-09-10 22:33:50 | INFO | Updated author counts: {'Charlie': 165, 'Alice': 253, 'Diana': 286, 'Bob': 182, 'Eve': 185}
2025-09-10 22:33:50 | INFO | Sent message to topic 'buzzline_json': {'message': 'JSON makes life easier.', 'author': 'Eve'}
2025-09-10 22:33:51 | INFO | Sent message to topic 'buzzline_json': {'message': 'Have a great day!', 'author': 'Alice'}
2025-09-10 22:33:51 | INFO | Processed JSON message: {'message': 'Have a great day!', 'author': 'Alice'}
2025-09-10 22:33:51 | INFO | Message received from author: Alice
2025-09-10 22:33:51 | INFO | Updated author counts: {'Charlie': 165, 'Alice': 254, 'Diana': 286, 'Bob': 182, 'Eve': 185}
2025-09-10 22:33:52 | INFO | Processed JSON message: {'message': 'I love Python!', 'author': 'Bob'}
2025-09-10 22:33:52 | INFO | Message received from author: Bob
2025-09-10 22:33:52 | INFO | Updated author counts: {'Charlie': 165, 'Alice': 254, 'Diana': 286, 'Bob': 183, 'Eve': 185}
2025-09-10 22:33:52 | INFO | Sent message to topic 'buzzline_json': {'message': 'I love Python!', 'author': 'Bob'}
2025-09-10 22:33:53 | INFO | Sent message to topic 'buzzline_json': {'message': 'I love Python!', 'author': 'Bob'}
2025-09-10 22:33:53 | INFO | Processed JSON message: {'message': 'I love Python!', 'author': 'Bob'}
2025-09-10 22:33:53 | INFO | Message received from author: Bob
2025-09-10 22:33:53 | INFO | Updated author counts: {'Charlie': 165, 'Alice': 254, 'Diana': 286, 'Bob': 184, 'Eve': 185}
2025-09-10 22:33:54 | INFO | Sent message to topic 'buzzline_json': {'message': 'This is a buzz message.', 'author': 'Eve'}
2025-09-10 22:33:54 | INFO | Processed JSON message: {'message': 'This is a buzz message.', 'author': 'Eve'}
2025-09-10 22:33:54 | INFO | Message received from author: Eve
2025-09-10 22:33:54 | INFO | Updated author counts: {'Charlie': 165, 'Alice': 254, 'Diana': 286, 'Bob': 184, 'Eve': 186}
2025-09-10 22:33:55 | INFO | Sent message to topic 'buzzline_json': {'message': 'This is a buzz message.', 'author': 'Alice'}
2025-09-10 22:33:55 | INFO | Processed JSON message: {'message': 'This is a buzz message.', 'author': 'Alice'}
2025-09-10 22:33:55 | INFO | Message received from author: Alice
2025-09-10 22:33:55 | INFO | Updated author counts: {'Charlie': 165, 'Alice': 255, 'Diana': 286, 'Bob': 184, 'Eve': 186}
2025-09-10 22:33:56 | INFO | Sent message to topic 'buzzline_json': {'message': 'Distributed systems are fascinating.', 'author': 'Diana'}
2025-09-10 22:33:56 | INFO | Processed JSON message: {'message': 'Distributed systems are fascinating.', 'author': 'Diana'}
2025-09-10 22:33:56 | INFO | Message received from author: Diana
2025-09-10 22:33:56 | INFO | Updated author counts: {'Charlie': 165, 'Alice': 255, 'Diana': 287, 'Bob': 184, 'Eve': 186}
2025-09-10 22:33:57 | INFO | Sent message to topic 'buzzline_json': {'message': 'Streaming data is fun.', 'author': 'Eve'}
2025-09-10 22:33:57 | INFO | Processed JSON message: {'message': 'Streaming data is fun.', 'author': 'Eve'}
2025-09-10 22:33:57 | INFO | Message received from author: Eve
2025-09-10 22:33:57 | INFO | Updated author counts: {'Charlie': 165, 'Alice': 255, 'Diana': 287, 'Bob': 184, 'Eve': 187}
2025-09-10 22:33:58 | INFO | Sent message to topic 'buzzline_json': {'message': 'Have a great day!', 'author': 'Charlie'}
2025-09-10 22:33:58 | INFO | Processed JSON message: {'message': 'Have a great day!', 'author': 'Charlie'}
2025-09-10 22:33:58 | INFO | Message received from author: Charlie
2025-09-10 22:33:58 | INFO | Updated author counts: {'Charlie': 166, 'Alice': 255, 'Diana': 287, 'Bob': 184, 'Eve': 187}
2025-09-10 22:33:59 | INFO | Sent message to topic 'buzzline_json': {'message': 'JSON makes life easier.', 'author': 'Eve'}
2025-09-10 22:33:59 | INFO | Processed JSON message: {'message': 'JSON makes life easier.', 'author': 'Eve'}
2025-09-10 22:33:59 | INFO | Message received from author: Eve
2025-09-10 22:33:59 | INFO | Updated author counts: {'Charlie': 166, 'Alice': 255, 'Diana': 287, 'Bob': 184, 'Eve': 188}
2025-09-10 22:34:00 | INFO | Sent message to topic 'buzzline_json': {'message': 'Buzz messages for everyone.', 'author': 'Diana'}
2025-09-10 22:34:00 | INFO | Processed JSON message: {'message': 'Buzz messages for everyone.', 'author': 'Diana'}
2025-09-10 22:34:00 | INFO | Message received from author: Diana
2025-09-10 22:34:00 | INFO | Updated author counts: {'Charlie': 166, 'Alice': 255, 'Diana': 288, 'Bob': 184, 'Eve': 188}
2025-09-10 22:34:01 | INFO | Sent message to topic 'buzzline_json': {'message': 'This is a buzz message.', 'author': 'Charlie'}
2025-09-10 22:34:01 | INFO | Processed JSON message: {'message': 'This is a buzz message.', 'author': 'Charlie'}
2025-09-10 22:34:01 | INFO | Message received from author: Charlie
2025-09-10 22:34:01 | INFO | Updated author counts: {'Charlie': 167, 'Alice': 255, 'Diana': 288, 'Bob': 184, 'Eve': 188}
2025-09-10 22:34:02 | INFO | Sent message to topic 'buzzline_json': {'message': 'Distributed systems are fascinating.', 'author': 'Charlie'}
2025-09-10 22:34:02 | INFO | Processed JSON message: {'message': 'Distributed systems are fascinating.', 'author': 'Charlie'}
2025-09-10 22:34:02 | INFO | Message received from author: Charlie
2025-09-10 22:34:02 | INFO | Updated author counts: {'Charlie': 168, 'Alice': 255, 'Diana': 288, 'Bob': 184, 'Eve': 188}
2025-09-10 22:34:03 | INFO | Processed JSON message: {'message': 'Buzz messages for everyone.', 'author': 'Bob'}
2025-09-10 22:34:03 | INFO | Message received from author: Bob
2025-09-10 22:34:03 | INFO | Updated author counts: {'Charlie': 168, 'Alice': 255, 'Diana': 288, 'Bob': 185, 'Eve': 188}
2025-09-10 22:34:03 | INFO | Sent message to topic 'buzzline_json': {'message': 'Buzz messages for everyone.', 'author': 'Bob'}
2025-09-10 22:34:04 | INFO | Processed JSON message: {'message': 'This is a buzz message.', 'author': 'Eve'}
2025-09-10 22:34:04 | INFO | Message received from author: Eve
2025-09-10 22:34:04 | INFO | Updated author counts: {'Charlie': 168, 'Alice': 255, 'Diana': 288, 'Bob': 185, 'Eve': 189}
2025-09-10 22:34:04 | INFO | Sent message to topic 'buzzline_json': {'message': 'This is a buzz message.', 'author': 'Eve'}
2025-09-10 22:36:37 | INFO | Sent message to topic 'buzzline_json': {'message': 'Data engineering is my passion.', 'author': 'Diana'}
2025-09-10 22:36:38 | INFO | Sent message to topic 'buzzline_json': {'message': 'Data engineering is my passion.', 'author': 'Alice'}
2025-09-10 22:36:39 | INFO | Sent message to topic 'buzzline_json': {'message': 'Buzz messages for everyone.', 'author': 'Diana'}
2025-09-10 22:36:40 | INFO | Sent message to topic 'buzzline_json': {'message': 'JSON makes life easier.', 'author': 'Alice'}
2025-09-10 22:36:41 | INFO | Opening data file in read mode: PROJECT_ROOT/data/buzz.json
2025-09-10 22:36:41 | INFO | Reading data from file: PROJECT_ROOT/data/buzz.json
2025-09-10 22:36:41 | INFO | Sent message to topic 'buzzline_json': {'message': 'Data engineering is my passion.', 'author': 'Eve'}
2025-09-10 22:36:42 | INFO | Sent message to topic 'buzzline_json': {'message': 'Distributed systems are fascinating.', 'author': 'Alice'}
2025-09-10 22:36:43 | INFO | Sent message to topic 'buzzline_json': {'message': 'Have a great day!', 'author': 'Charlie'}
2025-09-10 22:36:44 | INFO | Sent message to topic 'buzzline_json': {'message': 'Data engineering is my passion.', 'author': 'Alice'}
2025-09-10 22:36:45 | INFO | Sent message to topic 'buzzline_json': {'message': 'Distributed systems are fascinating.', 'author': 'Diana'}
2025-09-10 22:36:46 | INFO | Sent message to topic 'buzzline_json': {'message': 'Buzz messages for everyone.', 'author': 'Alice'}
2025-09-10 22:36:47 | INFO | Sent message to topic 'buzzline_json': {'message': 'Hello, Kafka world!', 'author': 'Diana'}
2025-09-10 22:36:47 | WARNING | Producer interrupted by user.
2025-09-10 22:36:47 | INFO | Kafka producer closed.
2025-09-10 22:36:47 | INFO | END producer.
2025-09-10 22:36:50 | WARNING | Consumer interrupted by user.
2025-09-10 22:37:07 | INFO | Kafka consumer for topic 'buzzline_json' closed.
2025-09-10 22:37:07 | INFO | END consumer for topic 'buzzline_json' and group 'buzz_group'.
