2025-09-10 20:29:39 | INFO | Sent message to topic 'buzzline_json': {'message': 'This is a buzz message.', 'author': 'Bob'}
2025-09-10 20:29:39 | INFO | Processed JSON message: {'message': 'This is a buzz message.', 'author': 'Bob'}
2025-09-10 20:29:39 | INFO | Message received from author: Bob
2025-09-10 20:29:39 | INFO | Updated author counts: {'Alice': 37, 'Charlie': 21, 'Diana': 41, 'Eve': 22, 'Bob': 25}
2025-09-10 20:29:40 | INFO | Sent message to topic 'buzzline_json': {'message': 'Streaming data is fun.', 'author': 'Diana'}
2025-09-10 20:29:40 | INFO | Processed JSON message: {'message': 'Streaming data is fun.', 'author': 'Diana'}
2025-09-10 20:29:40 | INFO | Message received from author: Diana
2025-09-10 20:29:40 | INFO | Updated author counts: {'Alice': 37, 'Charlie': 21, 'Diana': 42, 'Eve': 22, 'Bob': 25}
2025-09-10 20:29:41 | INFO | Sent message to topic 'buzzline_json': {'message': 'Have a great day!', 'author': 'Bob'}
2025-09-10 20:29:41 | INFO | Processed JSON message: {'message': 'Have a great day!', 'author': 'Bob'}
2025-09-10 20:29:41 | INFO | Message received from author: Bob
2025-09-10 20:29:41 | INFO | Updated author counts: {'Alice': 37, 'Charlie': 21, 'Diana': 42, 'Eve': 22, 'Bob': 26}
2025-09-10 20:29:42 | INFO | Sent message to topic 'buzzline_json': {'message': 'This is a buzz message.', 'author': 'Eve'}
2025-09-10 20:29:42 | INFO | Processed JSON message: {'message': 'This is a buzz message.', 'author': 'Eve'}
2025-09-10 20:29:42 | INFO | Message received from author: Eve
2025-09-10 20:29:42 | INFO | Updated author counts: {'Alice': 37, 'Charlie': 21, 'Diana': 42, 'Eve': 23, 'Bob': 26}
2025-09-10 20:29:43 | INFO | Processed JSON message: {'message': 'Hello, Kafka world!', 'author': 'Bob'}
2025-09-10 20:29:43 | INFO | Message received from author: Bob
2025-09-10 20:29:43 | INFO | Updated author counts: {'Alice': 37, 'Charlie': 21, 'Diana': 42, 'Eve': 23, 'Bob': 27}
2025-09-10 20:29:43 | INFO | Sent message to topic 'buzzline_json': {'message': 'Hello, Kafka world!', 'author': 'Bob'}
2025-09-10 20:29:44 | INFO | Sent message to topic 'buzzline_json': {'message': 'This is a buzz message.', 'author': 'Alice'}
2025-09-10 20:29:44 | INFO | Processed JSON message: {'message': 'This is a buzz message.', 'author': 'Alice'}
2025-09-10 20:29:44 | INFO | Message received from author: Alice
2025-09-10 20:29:44 | INFO | Updated author counts: {'Alice': 38, 'Charlie': 21, 'Diana': 42, 'Eve': 23, 'Bob': 27}
2025-09-10 20:29:45 | INFO | Sent message to topic 'buzzline_json': {'message': 'Streaming data is fun.', 'author': 'Eve'}
2025-09-10 20:29:45 | INFO | Processed JSON message: {'message': 'Streaming data is fun.', 'author': 'Eve'}
2025-09-10 20:29:45 | INFO | Message received from author: Eve
2025-09-10 20:29:45 | INFO | Updated author counts: {'Alice': 38, 'Charlie': 21, 'Diana': 42, 'Eve': 24, 'Bob': 27}
2025-09-10 20:29:46 | INFO | Sent message to topic 'buzzline_json': {'message': 'Kafka is awesome.', 'author': 'Alice'}
2025-09-10 20:29:46 | INFO | Processed JSON message: {'message': 'Kafka is awesome.', 'author': 'Alice'}
2025-09-10 20:29:46 | INFO | Message received from author: Alice
2025-09-10 20:29:46 | INFO | Updated author counts: {'Alice': 39, 'Charlie': 21, 'Diana': 42, 'Eve': 24, 'Bob': 27}
2025-09-10 20:29:47 | INFO | Processed JSON message: {'message': 'JSON makes life easier.', 'author': 'Bob'}
2025-09-10 20:29:47 | INFO | Message received from author: Bob
2025-09-10 20:29:47 | INFO | Updated author counts: {'Alice': 39, 'Charlie': 21, 'Diana': 42, 'Eve': 24, 'Bob': 28}
2025-09-10 20:29:47 | INFO | Sent message to topic 'buzzline_json': {'message': 'JSON makes life easier.', 'author': 'Bob'}
2025-09-10 20:29:48 | INFO | Sent message to topic 'buzzline_json': {'message': 'This is a buzz message.', 'author': 'Charlie'}
2025-09-10 20:29:48 | INFO | Processed JSON message: {'message': 'This is a buzz message.', 'author': 'Charlie'}
2025-09-10 20:29:48 | INFO | Message received from author: Charlie
2025-09-10 20:29:48 | INFO | Updated author counts: {'Alice': 39, 'Charlie': 22, 'Diana': 42, 'Eve': 24, 'Bob': 28}
2025-09-10 20:29:49 | INFO | Sent message to topic 'buzzline_json': {'message': 'Have a great day!', 'author': 'Diana'}
2025-09-10 20:29:49 | INFO | Processed JSON message: {'message': 'Have a great day!', 'author': 'Diana'}
2025-09-10 20:29:49 | INFO | Message received from author: Diana
2025-09-10 20:29:49 | INFO | Updated author counts: {'Alice': 39, 'Charlie': 22, 'Diana': 43, 'Eve': 24, 'Bob': 28}
2025-09-10 20:29:50 | INFO | Sent message to topic 'buzzline_json': {'message': 'Distributed systems are fascinating.', 'author': 'Bob'}
2025-09-10 20:29:50 | INFO | Processed JSON message: {'message': 'Distributed systems are fascinating.', 'author': 'Bob'}
2025-09-10 20:29:50 | INFO | Message received from author: Bob
2025-09-10 20:29:50 | INFO | Updated author counts: {'Alice': 39, 'Charlie': 22, 'Diana': 43, 'Eve': 24, 'Bob': 29}
2025-09-10 20:29:51 | INFO | Sent message to topic 'buzzline_json': {'message': 'Kafka is awesome.', 'author': 'Alice'}
2025-09-10 20:29:51 | INFO | Processed JSON message: {'message': 'Kafka is awesome.', 'author': 'Alice'}
2025-09-10 20:29:51 | INFO | Message received from author: Alice
2025-09-10 20:29:51 | INFO | Updated author counts: {'Alice': 40, 'Charlie': 22, 'Diana': 43, 'Eve': 24, 'Bob': 29}
2025-09-10 20:29:52 | INFO | Sent message to topic 'buzzline_json': {'message': 'Streaming data is fun.', 'author': 'Alice'}
2025-09-10 20:29:52 | INFO | Processed JSON message: {'message': 'Streaming data is fun.', 'author': 'Alice'}
2025-09-10 20:29:52 | INFO | Message received from author: Alice
2025-09-10 20:29:52 | INFO | Updated author counts: {'Alice': 41, 'Charlie': 22, 'Diana': 43, 'Eve': 24, 'Bob': 29}
2025-09-10 20:29:53 | INFO | Sent message to topic 'buzzline_json': {'message': 'Have a great day!', 'author': 'Diana'}
2025-09-10 20:29:53 | INFO | Processed JSON message: {'message': 'Have a great day!', 'author': 'Diana'}
2025-09-10 20:29:53 | INFO | Message received from author: Diana
2025-09-10 20:29:53 | INFO | Updated author counts: {'Alice': 41, 'Charlie': 22, 'Diana': 44, 'Eve': 24, 'Bob': 29}
2025-09-10 20:29:54 | INFO | Sent message to topic 'buzzline_json': {'message': 'Streaming data is fun.', 'author': 'Alice'}
2025-09-10 20:29:54 | INFO | Processed JSON message: {'message': 'Streaming data is fun.', 'author': 'Alice'}
2025-09-10 20:29:54 | INFO | Message received from author: Alice
2025-09-10 20:29:54 | INFO | Updated author counts: {'Alice': 42, 'Charlie': 22, 'Diana': 44, 'Eve': 24, 'Bob': 29}
2025-09-10 20:29:55 | INFO | Sent message to topic 'buzzline_json': {'message': 'This is a buzz message.', 'author': 'Diana'}
2025-09-10 20:29:55 | INFO | Processed JSON message: {'message': 'This is a buzz message.', 'author': 'Diana'}
2025-09-10 20:29:55 | INFO | Message received from author: Diana
2025-09-10 20:29:55 | INFO | Updated author counts: {'Alice': 42, 'Charlie': 22, 'Diana': 45, 'Eve': 24, 'Bob': 29}
2025-09-10 20:29:56 | INFO | Sent message to topic 'buzzline_json': {'message': 'Data engineering is my passion.', 'author': 'Bob'}
2025-09-10 20:29:56 | INFO | Processed JSON message: {'message': 'Data engineering is my passion.', 'author': 'Bob'}
2025-09-10 20:29:56 | INFO | Message received from author: Bob
2025-09-10 20:29:56 | INFO | Updated author counts: {'Alice': 42, 'Charlie': 22, 'Diana': 45, 'Eve': 24, 'Bob': 30}
2025-09-10 20:29:57 | INFO | Processed JSON message: {'message': 'Have a great day!', 'author': 'Diana'}
2025-09-10 20:29:57 | INFO | Sent message to topic 'buzzline_json': {'message': 'Have a great day!', 'author': 'Diana'}
2025-09-10 20:29:57 | INFO | Message received from author: Diana
2025-09-10 20:29:57 | INFO | Updated author counts: {'Alice': 42, 'Charlie': 22, 'Diana': 46, 'Eve': 24, 'Bob': 30}
2025-09-10 20:29:58 | INFO | Sent message to topic 'buzzline_json': {'message': 'Kafka is awesome.', 'author': 'Alice'}
2025-09-10 20:29:58 | INFO | Processed JSON message: {'message': 'Kafka is awesome.', 'author': 'Alice'}
2025-09-10 20:29:58 | INFO | Message received from author: Alice
2025-09-10 20:29:58 | INFO | Updated author counts: {'Alice': 43, 'Charlie': 22, 'Diana': 46, 'Eve': 24, 'Bob': 30}
2025-09-10 20:29:59 | INFO | Sent message to topic 'buzzline_json': {'message': 'Kafka is awesome.', 'author': 'Eve'}
2025-09-10 20:29:59 | INFO | Processed JSON message: {'message': 'Kafka is awesome.', 'author': 'Eve'}
2025-09-10 20:29:59 | INFO | Message received from author: Eve
2025-09-10 20:29:59 | INFO | Updated author counts: {'Alice': 43, 'Charlie': 22, 'Diana': 46, 'Eve': 25, 'Bob': 30}
2025-09-10 20:30:00 | INFO | Sent message to topic 'buzzline_json': {'message': 'Have a great day!', 'author': 'Diana'}
2025-09-10 20:30:00 | INFO | Processed JSON message: {'message': 'Have a great day!', 'author': 'Diana'}
2025-09-10 20:30:00 | INFO | Message received from author: Diana
2025-09-10 20:30:00 | INFO | Updated author counts: {'Alice': 43, 'Charlie': 22, 'Diana': 47, 'Eve': 25, 'Bob': 30}
2025-09-10 20:30:01 | INFO | Sent message to topic 'buzzline_json': {'message': 'Buzz messages for everyone.', 'author': 'Charlie'}
2025-09-10 20:30:01 | INFO | Processed JSON message: {'message': 'Buzz messages for everyone.', 'author': 'Charlie'}
2025-09-10 20:30:01 | INFO | Message received from author: Charlie
2025-09-10 20:30:01 | INFO | Updated author counts: {'Alice': 43, 'Charlie': 23, 'Diana': 47, 'Eve': 25, 'Bob': 30}
2025-09-10 20:30:02 | INFO | Sent message to topic 'buzzline_json': {'message': 'This is a buzz message.', 'author': 'Charlie'}
2025-09-10 20:30:02 | INFO | Processed JSON message: {'message': 'This is a buzz message.', 'author': 'Charlie'}
2025-09-10 20:30:02 | INFO | Message received from author: Charlie
2025-09-10 20:30:02 | INFO | Updated author counts: {'Alice': 43, 'Charlie': 24, 'Diana': 47, 'Eve': 25, 'Bob': 30}
2025-09-10 20:30:03 | INFO | Sent message to topic 'buzzline_json': {'message': 'Streaming data is fun.', 'author': 'Alice'}
2025-09-10 20:30:03 | INFO | Processed JSON message: {'message': 'Streaming data is fun.', 'author': 'Alice'}
2025-09-10 20:30:03 | INFO | Message received from author: Alice
2025-09-10 20:30:03 | INFO | Updated author counts: {'Alice': 44, 'Charlie': 24, 'Diana': 47, 'Eve': 25, 'Bob': 30}
2025-09-10 20:30:04 | INFO | Sent message to topic 'buzzline_json': {'message': 'Hello, Kafka world!', 'author': 'Diana'}
2025-09-10 20:30:04 | INFO | Processed JSON message: {'message': 'Hello, Kafka world!', 'author': 'Diana'}
2025-09-10 20:30:04 | INFO | Message received from author: Diana
2025-09-10 20:30:04 | INFO | Updated author counts: {'Alice': 44, 'Charlie': 24, 'Diana': 48, 'Eve': 25, 'Bob': 30}
2025-09-10 20:30:05 | INFO | Sent message to topic 'buzzline_json': {'message': 'Kafka is awesome.', 'author': 'Bob'}
2025-09-10 20:30:05 | INFO | Processed JSON message: {'message': 'Kafka is awesome.', 'author': 'Bob'}
2025-09-10 20:30:05 | INFO | Message received from author: Bob
2025-09-10 20:30:05 | INFO | Updated author counts: {'Alice': 44, 'Charlie': 24, 'Diana': 48, 'Eve': 25, 'Bob': 31}
2025-09-10 20:30:06 | INFO | Sent message to topic 'buzzline_json': {'message': 'I love Python!', 'author': 'Eve'}
2025-09-10 20:30:06 | INFO | Processed JSON message: {'message': 'I love Python!', 'author': 'Eve'}
2025-09-10 20:30:06 | INFO | Message received from author: Eve
2025-09-10 20:30:06 | INFO | Updated author counts: {'Alice': 44, 'Charlie': 24, 'Diana': 48, 'Eve': 26, 'Bob': 31}
2025-09-10 20:30:07 | INFO | Sent message to topic 'buzzline_json': {'message': 'JSON makes life easier.', 'author': 'Charlie'}
2025-09-10 20:30:07 | INFO | Processed JSON message: {'message': 'JSON makes life easier.', 'author': 'Charlie'}
2025-09-10 20:30:07 | INFO | Message received from author: Charlie
2025-09-10 20:30:07 | INFO | Updated author counts: {'Alice': 44, 'Charlie': 25, 'Diana': 48, 'Eve': 26, 'Bob': 31}
2025-09-10 20:30:08 | INFO | Sent message to topic 'buzzline_json': {'message': 'I love Python!', 'author': 'Charlie'}
2025-09-10 20:30:08 | INFO | Processed JSON message: {'message': 'I love Python!', 'author': 'Charlie'}
2025-09-10 20:30:08 | INFO | Message received from author: Charlie
2025-09-10 20:30:08 | INFO | Updated author counts: {'Alice': 44, 'Charlie': 26, 'Diana': 48, 'Eve': 26, 'Bob': 31}
2025-09-10 20:30:09 | INFO | Processed JSON message: {'message': 'I love Python!', 'author': 'Charlie'}
2025-09-10 20:30:09 | INFO | Message received from author: Charlie
2025-09-10 20:30:09 | INFO | Updated author counts: {'Alice': 44, 'Charlie': 27, 'Diana': 48, 'Eve': 26, 'Bob': 31}
2025-09-10 20:30:09 | INFO | Sent message to topic 'buzzline_json': {'message': 'I love Python!', 'author': 'Charlie'}
2025-09-10 20:30:10 | INFO | Sent message to topic 'buzzline_json': {'message': 'I love Python!', 'author': 'Diana'}
2025-09-10 20:30:10 | INFO | Processed JSON message: {'message': 'I love Python!', 'author': 'Diana'}
2025-09-10 20:30:10 | INFO | Message received from author: Diana
2025-09-10 20:30:10 | INFO | Updated author counts: {'Alice': 44, 'Charlie': 27, 'Diana': 49, 'Eve': 26, 'Bob': 31}
2025-09-10 20:30:11 | INFO | Sent message to topic 'buzzline_json': {'message': 'Streaming data is fun.', 'author': 'Diana'}
2025-09-10 20:30:11 | INFO | Processed JSON message: {'message': 'Streaming data is fun.', 'author': 'Diana'}
2025-09-10 20:30:11 | INFO | Message received from author: Diana
2025-09-10 20:30:11 | INFO | Updated author counts: {'Alice': 44, 'Charlie': 27, 'Diana': 50, 'Eve': 26, 'Bob': 31}
2025-09-10 20:30:12 | INFO | Sent message to topic 'buzzline_json': {'message': 'Data engineering is my passion.', 'author': 'Eve'}
2025-09-10 20:30:12 | INFO | Processed JSON message: {'message': 'Data engineering is my passion.', 'author': 'Eve'}
2025-09-10 20:30:12 | INFO | Message received from author: Eve
2025-09-10 20:30:12 | INFO | Updated author counts: {'Alice': 44, 'Charlie': 27, 'Diana': 50, 'Eve': 27, 'Bob': 31}
2025-09-10 20:30:13 | INFO | Sent message to topic 'buzzline_json': {'message': 'Buzz messages for everyone.', 'author': 'Eve'}
2025-09-10 20:30:13 | INFO | Processed JSON message: {'message': 'Buzz messages for everyone.', 'author': 'Eve'}
2025-09-10 20:30:13 | INFO | Message received from author: Eve
2025-09-10 20:30:13 | INFO | Updated author counts: {'Alice': 44, 'Charlie': 27, 'Diana': 50, 'Eve': 28, 'Bob': 31}
2025-09-10 20:30:14 | INFO | Sent message to topic 'buzzline_json': {'message': 'JSON makes life easier.', 'author': 'Eve'}
2025-09-10 20:30:14 | INFO | Processed JSON message: {'message': 'JSON makes life easier.', 'author': 'Eve'}
2025-09-10 20:30:14 | INFO | Message received from author: Eve
2025-09-10 20:30:14 | INFO | Updated author counts: {'Alice': 44, 'Charlie': 27, 'Diana': 50, 'Eve': 29, 'Bob': 31}
2025-09-10 20:30:15 | INFO | Sent message to topic 'buzzline_json': {'message': 'Have a great day!', 'author': 'Alice'}
2025-09-10 20:30:15 | INFO | Processed JSON message: {'message': 'Have a great day!', 'author': 'Alice'}
2025-09-10 20:30:15 | INFO | Message received from author: Alice
2025-09-10 20:30:15 | INFO | Updated author counts: {'Alice': 45, 'Charlie': 27, 'Diana': 50, 'Eve': 29, 'Bob': 31}
2025-09-10 20:30:16 | INFO | Sent message to topic 'buzzline_json': {'message': 'I love Python!', 'author': 'Bob'}
2025-09-10 20:30:16 | INFO | Processed JSON message: {'message': 'I love Python!', 'author': 'Bob'}
2025-09-10 20:30:16 | INFO | Message received from author: Bob
2025-09-10 20:30:16 | INFO | Updated author counts: {'Alice': 45, 'Charlie': 27, 'Diana': 50, 'Eve': 29, 'Bob': 32}
2025-09-10 20:30:17 | INFO | Sent message to topic 'buzzline_json': {'message': 'I love Python!', 'author': 'Bob'}
2025-09-10 20:30:17 | INFO | Processed JSON message: {'message': 'I love Python!', 'author': 'Bob'}
2025-09-10 20:30:17 | INFO | Message received from author: Bob
2025-09-10 20:30:17 | INFO | Updated author counts: {'Alice': 45, 'Charlie': 27, 'Diana': 50, 'Eve': 29, 'Bob': 33}
2025-09-10 20:30:18 | INFO | Sent message to topic 'buzzline_json': {'message': 'This is a buzz message.', 'author': 'Eve'}
2025-09-10 20:30:18 | INFO | Processed JSON message: {'message': 'This is a buzz message.', 'author': 'Eve'}
2025-09-10 20:30:18 | INFO | Message received from author: Eve
2025-09-10 20:30:18 | INFO | Updated author counts: {'Alice': 45, 'Charlie': 27, 'Diana': 50, 'Eve': 30, 'Bob': 33}
2025-09-10 20:30:19 | INFO | Sent message to topic 'buzzline_json': {'message': 'This is a buzz message.', 'author': 'Alice'}
2025-09-10 20:30:19 | INFO | Processed JSON message: {'message': 'This is a buzz message.', 'author': 'Alice'}
2025-09-10 20:30:19 | INFO | Message received from author: Alice
2025-09-10 20:30:19 | INFO | Updated author counts: {'Alice': 46, 'Charlie': 27, 'Diana': 50, 'Eve': 30, 'Bob': 33}
2025-09-10 20:30:20 | INFO | Sent message to topic 'buzzline_json': {'message': 'Distributed systems are fascinating.', 'author': 'Diana'}
2025-09-10 20:30:20 | INFO | Processed JSON message: {'message': 'Distributed systems are fascinating.', 'author': 'Diana'}
2025-09-10 20:30:20 | INFO | Message received from author: Diana
2025-09-10 20:30:20 | INFO | Updated author counts: {'Alice': 46, 'Charlie': 27, 'Diana': 51, 'Eve': 30, 'Bob': 33}
2025-09-10 20:30:21 | INFO | Sent message to topic 'buzzline_json': {'message': 'Streaming data is fun.', 'author': 'Eve'}
2025-09-10 20:30:21 | INFO | Processed JSON message: {'message': 'Streaming data is fun.', 'author': 'Eve'}
2025-09-10 20:30:21 | INFO | Message received from author: Eve
2025-09-10 20:30:21 | INFO | Updated author counts: {'Alice': 46, 'Charlie': 27, 'Diana': 51, 'Eve': 31, 'Bob': 33}
2025-09-10 20:30:22 | INFO | Sent message to topic 'buzzline_json': {'message': 'Have a great day!', 'author': 'Charlie'}
2025-09-10 20:30:22 | INFO | Processed JSON message: {'message': 'Have a great day!', 'author': 'Charlie'}
2025-09-10 20:30:22 | INFO | Message received from author: Charlie
2025-09-10 20:30:22 | INFO | Updated author counts: {'Alice': 46, 'Charlie': 28, 'Diana': 51, 'Eve': 31, 'Bob': 33}
2025-09-10 20:30:23 | INFO | Sent message to topic 'buzzline_json': {'message': 'JSON makes life easier.', 'author': 'Eve'}
2025-09-10 20:30:23 | INFO | Processed JSON message: {'message': 'JSON makes life easier.', 'author': 'Eve'}
2025-09-10 20:30:23 | INFO | Message received from author: Eve
2025-09-10 20:30:23 | INFO | Updated author counts: {'Alice': 46, 'Charlie': 28, 'Diana': 51, 'Eve': 32, 'Bob': 33}
2025-09-10 20:30:24 | INFO | Sent message to topic 'buzzline_json': {'message': 'Buzz messages for everyone.', 'author': 'Diana'}
2025-09-10 20:30:24 | INFO | Processed JSON message: {'message': 'Buzz messages for everyone.', 'author': 'Diana'}
2025-09-10 20:30:24 | INFO | Message received from author: Diana
2025-09-10 20:30:24 | INFO | Updated author counts: {'Alice': 46, 'Charlie': 28, 'Diana': 52, 'Eve': 32, 'Bob': 33}
2025-09-10 20:30:25 | INFO | Sent message to topic 'buzzline_json': {'message': 'This is a buzz message.', 'author': 'Charlie'}
2025-09-10 20:30:25 | INFO | Processed JSON message: {'message': 'This is a buzz message.', 'author': 'Charlie'}
2025-09-10 20:30:25 | INFO | Message received from author: Charlie
2025-09-10 20:30:25 | INFO | Updated author counts: {'Alice': 46, 'Charlie': 29, 'Diana': 52, 'Eve': 32, 'Bob': 33}
2025-09-10 20:30:26 | INFO | Sent message to topic 'buzzline_json': {'message': 'Distributed systems are fascinating.', 'author': 'Charlie'}
2025-09-10 20:30:26 | INFO | Processed JSON message: {'message': 'Distributed systems are fascinating.', 'author': 'Charlie'}
2025-09-10 20:30:26 | INFO | Message received from author: Charlie
2025-09-10 20:30:26 | INFO | Updated author counts: {'Alice': 46, 'Charlie': 30, 'Diana': 52, 'Eve': 32, 'Bob': 33}
2025-09-10 20:30:27 | INFO | Sent message to topic 'buzzline_json': {'message': 'Buzz messages for everyone.', 'author': 'Bob'}
2025-09-10 20:30:27 | INFO | Processed JSON message: {'message': 'Buzz messages for everyone.', 'author': 'Bob'}
2025-09-10 20:30:27 | INFO | Message received from author: Bob
2025-09-10 20:30:27 | INFO | Updated author counts: {'Alice': 46, 'Charlie': 30, 'Diana': 52, 'Eve': 32, 'Bob': 34}
2025-09-10 20:30:28 | INFO | Sent message to topic 'buzzline_json': {'message': 'This is a buzz message.', 'author': 'Eve'}
2025-09-10 20:30:28 | INFO | Processed JSON message: {'message': 'This is a buzz message.', 'author': 'Eve'}
2025-09-10 20:30:28 | INFO | Message received from author: Eve
2025-09-10 20:30:28 | INFO | Updated author counts: {'Alice': 46, 'Charlie': 30, 'Diana': 52, 'Eve': 33, 'Bob': 34}
2025-09-10 20:30:29 | INFO | Sent message to topic 'buzzline_json': {'message': 'Data engineering is my passion.', 'author': 'Diana'}
2025-09-10 20:30:29 | INFO | Processed JSON message: {'message': 'Data engineering is my passion.', 'author': 'Diana'}
2025-09-10 20:30:29 | INFO | Message received from author: Diana
2025-09-10 20:30:29 | INFO | Updated author counts: {'Alice': 46, 'Charlie': 30, 'Diana': 53, 'Eve': 33, 'Bob': 34}
2025-09-10 20:30:30 | INFO | Sent message to topic 'buzzline_json': {'message': 'Data engineering is my passion.', 'author': 'Alice'}
2025-09-10 20:30:30 | INFO | Processed JSON message: {'message': 'Data engineering is my passion.', 'author': 'Alice'}
2025-09-10 20:30:30 | INFO | Message received from author: Alice
2025-09-10 20:30:30 | INFO | Updated author counts: {'Alice': 47, 'Charlie': 30, 'Diana': 53, 'Eve': 33, 'Bob': 34}
2025-09-10 20:30:31 | INFO | Sent message to topic 'buzzline_json': {'message': 'Buzz messages for everyone.', 'author': 'Diana'}
2025-09-10 20:30:31 | INFO | Processed JSON message: {'message': 'Buzz messages for everyone.', 'author': 'Diana'}
2025-09-10 20:30:31 | INFO | Message received from author: Diana
2025-09-10 20:30:31 | INFO | Updated author counts: {'Alice': 47, 'Charlie': 30, 'Diana': 54, 'Eve': 33, 'Bob': 34}
2025-09-10 20:30:32 | INFO | Sent message to topic 'buzzline_json': {'message': 'JSON makes life easier.', 'author': 'Alice'}
2025-09-10 20:30:32 | INFO | Processed JSON message: {'message': 'JSON makes life easier.', 'author': 'Alice'}
2025-09-10 20:30:32 | INFO | Message received from author: Alice
2025-09-10 20:30:32 | INFO | Updated author counts: {'Alice': 48, 'Charlie': 30, 'Diana': 54, 'Eve': 33, 'Bob': 34}
2025-09-10 20:30:33 | INFO | Opening data file in read mode: PROJECT_ROOT/data/buzz.json
2025-09-10 20:30:33 | INFO | Reading data from file: PROJECT_ROOT/data/buzz.json
2025-09-10 20:30:33 | INFO | Sent message to topic 'buzzline_json': {'message': 'Data engineering is my passion.', 'author': 'Eve'}
2025-09-10 20:30:33 | INFO | Processed JSON message: {'message': 'Data engineering is my passion.', 'author': 'Eve'}
2025-09-10 20:30:33 | INFO | Message received from author: Eve
2025-09-10 20:30:33 | INFO | Updated author counts: {'Alice': 48, 'Charlie': 30, 'Diana': 54, 'Eve': 34, 'Bob': 34}
2025-09-10 20:30:34 | INFO | Sent message to topic 'buzzline_json': {'message': 'Distributed systems are fascinating.', 'author': 'Alice'}
2025-09-10 20:30:34 | INFO | Processed JSON message: {'message': 'Distributed systems are fascinating.', 'author': 'Alice'}
2025-09-10 20:30:34 | INFO | Message received from author: Alice
2025-09-10 20:30:34 | INFO | Updated author counts: {'Alice': 49, 'Charlie': 30, 'Diana': 54, 'Eve': 34, 'Bob': 34}
2025-09-10 20:30:35 | INFO | Sent message to topic 'buzzline_json': {'message': 'Have a great day!', 'author': 'Charlie'}
2025-09-10 20:30:35 | INFO | Processed JSON message: {'message': 'Have a great day!', 'author': 'Charlie'}
2025-09-10 20:30:35 | INFO | Message received from author: Charlie
2025-09-10 20:30:35 | INFO | Updated author counts: {'Alice': 49, 'Charlie': 31, 'Diana': 54, 'Eve': 34, 'Bob': 34}
2025-09-10 20:30:36 | INFO | Sent message to topic 'buzzline_json': {'message': 'Data engineering is my passion.', 'author': 'Alice'}
2025-09-10 20:30:36 | INFO | Processed JSON message: {'message': 'Data engineering is my passion.', 'author': 'Alice'}
2025-09-10 20:30:36 | INFO | Message received from author: Alice
2025-09-10 20:30:36 | INFO | Updated author counts: {'Alice': 50, 'Charlie': 31, 'Diana': 54, 'Eve': 34, 'Bob': 34}
2025-09-10 20:30:37 | INFO | Sent message to topic 'buzzline_json': {'message': 'Distributed systems are fascinating.', 'author': 'Diana'}
2025-09-10 20:30:37 | INFO | Processed JSON message: {'message': 'Distributed systems are fascinating.', 'author': 'Diana'}
2025-09-10 20:30:37 | INFO | Message received from author: Diana
2025-09-10 20:30:37 | INFO | Updated author counts: {'Alice': 50, 'Charlie': 31, 'Diana': 55, 'Eve': 34, 'Bob': 34}
2025-09-10 20:30:38 | INFO | Sent message to topic 'buzzline_json': {'message': 'Buzz messages for everyone.', 'author': 'Alice'}
2025-09-10 20:30:38 | INFO | Processed JSON message: {'message': 'Buzz messages for everyone.', 'author': 'Alice'}
2025-09-10 20:30:38 | INFO | Message received from author: Alice
2025-09-10 20:30:38 | INFO | Updated author counts: {'Alice': 51, 'Charlie': 31, 'Diana': 55, 'Eve': 34, 'Bob': 34}
2025-09-10 20:30:39 | INFO | Sent message to topic 'buzzline_json': {'message': 'Hello, Kafka world!', 'author': 'Diana'}
2025-09-10 20:30:39 | INFO | Processed JSON message: {'message': 'Hello, Kafka world!', 'author': 'Diana'}
2025-09-10 20:30:39 | INFO | Message received from author: Diana
2025-09-10 20:30:39 | INFO | Updated author counts: {'Alice': 51, 'Charlie': 31, 'Diana': 56, 'Eve': 34, 'Bob': 34}
2025-09-10 20:30:40 | INFO | Sent message to topic 'buzzline_json': {'message': 'This is a buzz message.', 'author': 'Eve'}
2025-09-10 20:30:40 | INFO | Processed JSON message: {'message': 'This is a buzz message.', 'author': 'Eve'}
2025-09-10 20:30:40 | INFO | Message received from author: Eve
2025-09-10 20:30:40 | INFO | Updated author counts: {'Alice': 51, 'Charlie': 31, 'Diana': 56, 'Eve': 35, 'Bob': 34}
2025-09-10 20:30:41 | INFO | Sent message to topic 'buzzline_json': {'message': 'JSON makes life easier.', 'author': 'Eve'}
2025-09-10 20:30:41 | INFO | Processed JSON message: {'message': 'JSON makes life easier.', 'author': 'Eve'}
2025-09-10 20:30:41 | INFO | Message received from author: Eve
2025-09-10 20:30:41 | INFO | Updated author counts: {'Alice': 51, 'Charlie': 31, 'Diana': 56, 'Eve': 36, 'Bob': 34}
2025-09-10 20:30:42 | INFO | Sent message to topic 'buzzline_json': {'message': 'JSON makes life easier.', 'author': 'Alice'}
2025-09-10 20:30:42 | INFO | Processed JSON message: {'message': 'JSON makes life easier.', 'author': 'Alice'}
2025-09-10 20:30:42 | INFO | Message received from author: Alice
2025-09-10 20:30:42 | INFO | Updated author counts: {'Alice': 52, 'Charlie': 31, 'Diana': 56, 'Eve': 36, 'Bob': 34}
2025-09-10 20:30:43 | INFO | Processed JSON message: {'message': 'Data engineering is my passion.', 'author': 'Diana'}
2025-09-10 20:30:43 | INFO | Message received from author: Diana
2025-09-10 20:30:43 | INFO | Updated author counts: {'Alice': 52, 'Charlie': 31, 'Diana': 57, 'Eve': 36, 'Bob': 34}
2025-09-10 20:30:43 | INFO | Sent message to topic 'buzzline_json': {'message': 'Data engineering is my passion.', 'author': 'Diana'}
2025-09-10 20:30:44 | INFO | Sent message to topic 'buzzline_json': {'message': 'JSON makes life easier.', 'author': 'Diana'}
2025-09-10 20:30:44 | INFO | Processed JSON message: {'message': 'JSON makes life easier.', 'author': 'Diana'}
2025-09-10 20:30:44 | INFO | Message received from author: Diana
2025-09-10 20:30:44 | INFO | Updated author counts: {'Alice': 52, 'Charlie': 31, 'Diana': 58, 'Eve': 36, 'Bob': 34}
2025-09-10 20:30:45 | INFO | Sent message to topic 'buzzline_json': {'message': 'Kafka is awesome.', 'author': 'Charlie'}
2025-09-10 20:30:45 | INFO | Processed JSON message: {'message': 'Kafka is awesome.', 'author': 'Charlie'}
2025-09-10 20:30:45 | INFO | Message received from author: Charlie
2025-09-10 20:30:45 | INFO | Updated author counts: {'Alice': 52, 'Charlie': 32, 'Diana': 58, 'Eve': 36, 'Bob': 34}
2025-09-10 20:30:46 | INFO | Sent message to topic 'buzzline_json': {'message': 'JSON makes life easier.', 'author': 'Bob'}
2025-09-10 20:30:46 | INFO | Processed JSON message: {'message': 'JSON makes life easier.', 'author': 'Bob'}
2025-09-10 20:30:46 | INFO | Message received from author: Bob
2025-09-10 20:30:46 | INFO | Updated author counts: {'Alice': 52, 'Charlie': 32, 'Diana': 58, 'Eve': 36, 'Bob': 35}
2025-09-10 20:30:47 | INFO | Sent message to topic 'buzzline_json': {'message': 'I love Python!', 'author': 'Bob'}
2025-09-10 20:30:47 | INFO | Processed JSON message: {'message': 'I love Python!', 'author': 'Bob'}
2025-09-10 20:30:47 | INFO | Message received from author: Bob
2025-09-10 20:30:47 | INFO | Updated author counts: {'Alice': 52, 'Charlie': 32, 'Diana': 58, 'Eve': 36, 'Bob': 36}
2025-09-10 20:30:48 | INFO | Sent message to topic 'buzzline_json': {'message': 'This is a buzz message.', 'author': 'Eve'}
2025-09-10 20:30:48 | INFO | Processed JSON message: {'message': 'This is a buzz message.', 'author': 'Eve'}
2025-09-10 20:30:48 | INFO | Message received from author: Eve
2025-09-10 20:30:48 | INFO | Updated author counts: {'Alice': 52, 'Charlie': 32, 'Diana': 58, 'Eve': 37, 'Bob': 36}
2025-09-10 20:30:49 | INFO | Sent message to topic 'buzzline_json': {'message': 'I love Python!', 'author': 'Eve'}
2025-09-10 20:30:49 | INFO | Processed JSON message: {'message': 'I love Python!', 'author': 'Eve'}
2025-09-10 20:30:49 | INFO | Message received from author: Eve
2025-09-10 20:30:49 | INFO | Updated author counts: {'Alice': 52, 'Charlie': 32, 'Diana': 58, 'Eve': 38, 'Bob': 36}
2025-09-10 20:30:51 | INFO | Processed JSON message: {'message': 'Buzz messages for everyone.', 'author': 'Alice'}
2025-09-10 20:30:51 | INFO | Sent message to topic 'buzzline_json': {'message': 'Buzz messages for everyone.', 'author': 'Alice'}
2025-09-10 20:30:51 | INFO | Message received from author: Alice
2025-09-10 20:30:51 | INFO | Updated author counts: {'Alice': 53, 'Charlie': 32, 'Diana': 58, 'Eve': 38, 'Bob': 36}
2025-09-10 20:30:52 | INFO | Sent message to topic 'buzzline_json': {'message': 'This is a buzz message.', 'author': 'Alice'}
2025-09-10 20:30:52 | INFO | Processed JSON message: {'message': 'This is a buzz message.', 'author': 'Alice'}
2025-09-10 20:30:52 | INFO | Message received from author: Alice
2025-09-10 20:30:52 | INFO | Updated author counts: {'Alice': 54, 'Charlie': 32, 'Diana': 58, 'Eve': 38, 'Bob': 36}
2025-09-10 20:30:53 | INFO | Sent message to topic 'buzzline_json': {'message': 'Data engineering is my passion.', 'author': 'Diana'}
2025-09-10 20:30:53 | INFO | Processed JSON message: {'message': 'Data engineering is my passion.', 'author': 'Diana'}
2025-09-10 20:30:53 | INFO | Message received from author: Diana
2025-09-10 20:30:53 | INFO | Updated author counts: {'Alice': 54, 'Charlie': 32, 'Diana': 59, 'Eve': 38, 'Bob': 36}
2025-09-10 20:30:54 | INFO | Sent message to topic 'buzzline_json': {'message': 'I love Python!', 'author': 'Eve'}
2025-09-10 20:30:54 | INFO | Processed JSON message: {'message': 'I love Python!', 'author': 'Eve'}
2025-09-10 20:30:54 | INFO | Message received from author: Eve
2025-09-10 20:30:54 | INFO | Updated author counts: {'Alice': 54, 'Charlie': 32, 'Diana': 59, 'Eve': 39, 'Bob': 36}
2025-09-10 20:30:55 | INFO | Sent message to topic 'buzzline_json': {'message': 'JSON makes life easier.', 'author': 'Charlie'}
2025-09-10 20:30:55 | INFO | Processed JSON message: {'message': 'JSON makes life easier.', 'author': 'Charlie'}
2025-09-10 20:30:55 | INFO | Message received from author: Charlie
2025-09-10 20:30:55 | INFO | Updated author counts: {'Alice': 54, 'Charlie': 33, 'Diana': 59, 'Eve': 39, 'Bob': 36}
2025-09-10 20:30:56 | INFO | Sent message to topic 'buzzline_json': {'message': 'Have a great day!', 'author': 'Bob'}
2025-09-10 20:30:56 | INFO | Processed JSON message: {'message': 'Have a great day!', 'author': 'Bob'}
2025-09-10 20:30:56 | INFO | Message received from author: Bob
2025-09-10 20:30:56 | INFO | Updated author counts: {'Alice': 54, 'Charlie': 33, 'Diana': 59, 'Eve': 39, 'Bob': 37}
2025-09-10 20:30:57 | INFO | Sent message to topic 'buzzline_json': {'message': 'Data engineering is my passion.', 'author': 'Alice'}
2025-09-10 20:30:57 | INFO | Processed JSON message: {'message': 'Data engineering is my passion.', 'author': 'Alice'}
2025-09-10 20:30:57 | INFO | Message received from author: Alice
2025-09-10 20:30:57 | INFO | Updated author counts: {'Alice': 55, 'Charlie': 33, 'Diana': 59, 'Eve': 39, 'Bob': 37}
2025-09-10 20:30:58 | INFO | Sent message to topic 'buzzline_json': {'message': 'Kafka is awesome.', 'author': 'Diana'}
2025-09-10 20:30:58 | INFO | Processed JSON message: {'message': 'Kafka is awesome.', 'author': 'Diana'}
2025-09-10 20:30:58 | INFO | Message received from author: Diana
2025-09-10 20:30:58 | INFO | Updated author counts: {'Alice': 55, 'Charlie': 33, 'Diana': 60, 'Eve': 39, 'Bob': 37}
2025-09-10 20:30:59 | INFO | Sent message to topic 'buzzline_json': {'message': 'Kafka is awesome.', 'author': 'Diana'}
2025-09-10 20:30:59 | INFO | Processed JSON message: {'message': 'Kafka is awesome.', 'author': 'Diana'}
2025-09-10 20:30:59 | INFO | Message received from author: Diana
2025-09-10 20:30:59 | INFO | Updated author counts: {'Alice': 55, 'Charlie': 33, 'Diana': 61, 'Eve': 39, 'Bob': 37}
2025-09-10 20:31:00 | INFO | Sent message to topic 'buzzline_json': {'message': 'Hello, Kafka world!', 'author': 'Bob'}
2025-09-10 20:31:00 | INFO | Processed JSON message: {'message': 'Hello, Kafka world!', 'author': 'Bob'}
2025-09-10 20:31:00 | INFO | Message received from author: Bob
2025-09-10 20:31:00 | INFO | Updated author counts: {'Alice': 55, 'Charlie': 33, 'Diana': 61, 'Eve': 39, 'Bob': 38}
2025-09-10 20:31:01 | INFO | Sent message to topic 'buzzline_json': {'message': 'Distributed systems are fascinating.', 'author': 'Diana'}
2025-09-10 20:31:01 | INFO | Processed JSON message: {'message': 'Distributed systems are fascinating.', 'author': 'Diana'}
2025-09-10 20:31:01 | INFO | Message received from author: Diana
2025-09-10 20:31:01 | INFO | Updated author counts: {'Alice': 55, 'Charlie': 33, 'Diana': 62, 'Eve': 39, 'Bob': 38}
2025-09-10 20:31:02 | INFO | Sent message to topic 'buzzline_json': {'message': 'I love Python!', 'author': 'Diana'}
2025-09-10 20:31:02 | INFO | Processed JSON message: {'message': 'I love Python!', 'author': 'Diana'}
2025-09-10 20:31:02 | INFO | Message received from author: Diana
2025-09-10 20:31:02 | INFO | Updated author counts: {'Alice': 55, 'Charlie': 33, 'Diana': 63, 'Eve': 39, 'Bob': 38}
2025-09-10 20:31:03 | INFO | Sent message to topic 'buzzline_json': {'message': 'Have a great day!', 'author': 'Alice'}
2025-09-10 20:31:03 | INFO | Processed JSON message: {'message': 'Have a great day!', 'author': 'Alice'}
2025-09-10 20:31:03 | INFO | Message received from author: Alice
2025-09-10 20:31:03 | INFO | Updated author counts: {'Alice': 56, 'Charlie': 33, 'Diana': 63, 'Eve': 39, 'Bob': 38}
2025-09-10 20:31:04 | INFO | Sent message to topic 'buzzline_json': {'message': 'Hello, Kafka world!', 'author': 'Charlie'}
2025-09-10 20:31:04 | INFO | Processed JSON message: {'message': 'Hello, Kafka world!', 'author': 'Charlie'}
2025-09-10 20:31:04 | INFO | Message received from author: Charlie
2025-09-10 20:31:04 | INFO | Updated author counts: {'Alice': 56, 'Charlie': 34, 'Diana': 63, 'Eve': 39, 'Bob': 38}
2025-09-10 20:31:05 | INFO | Sent message to topic 'buzzline_json': {'message': 'JSON makes life easier.', 'author': 'Diana'}
2025-09-10 20:31:05 | INFO | Processed JSON message: {'message': 'JSON makes life easier.', 'author': 'Diana'}
2025-09-10 20:31:05 | INFO | Message received from author: Diana
2025-09-10 20:31:05 | INFO | Updated author counts: {'Alice': 56, 'Charlie': 34, 'Diana': 64, 'Eve': 39, 'Bob': 38}
2025-09-10 20:31:06 | INFO | Sent message to topic 'buzzline_json': {'message': 'I love Python!', 'author': 'Bob'}
2025-09-10 20:31:06 | INFO | Processed JSON message: {'message': 'I love Python!', 'author': 'Bob'}
2025-09-10 20:31:06 | INFO | Message received from author: Bob
2025-09-10 20:31:06 | INFO | Updated author counts: {'Alice': 56, 'Charlie': 34, 'Diana': 64, 'Eve': 39, 'Bob': 39}
2025-09-10 20:31:07 | INFO | Sent message to topic 'buzzline_json': {'message': 'Have a great day!', 'author': 'Diana'}
2025-09-10 20:31:07 | INFO | Processed JSON message: {'message': 'Have a great day!', 'author': 'Diana'}
2025-09-10 20:31:07 | INFO | Message received from author: Diana
2025-09-10 20:31:07 | INFO | Updated author counts: {'Alice': 56, 'Charlie': 34, 'Diana': 65, 'Eve': 39, 'Bob': 39}
2025-09-10 20:31:08 | INFO | Sent message to topic 'buzzline_json': {'message': 'Hello, Kafka world!', 'author': 'Alice'}
2025-09-10 20:31:08 | INFO | Processed JSON message: {'message': 'Hello, Kafka world!', 'author': 'Alice'}
2025-09-10 20:31:08 | INFO | Message received from author: Alice
2025-09-10 20:31:08 | INFO | Updated author counts: {'Alice': 57, 'Charlie': 34, 'Diana': 65, 'Eve': 39, 'Bob': 39}
2025-09-10 20:31:09 | INFO | Sent message to topic 'buzzline_json': {'message': 'JSON makes life easier.', 'author': 'Alice'}
2025-09-10 20:31:09 | INFO | Processed JSON message: {'message': 'JSON makes life easier.', 'author': 'Alice'}
2025-09-10 20:31:09 | INFO | Message received from author: Alice
2025-09-10 20:31:09 | INFO | Updated author counts: {'Alice': 58, 'Charlie': 34, 'Diana': 65, 'Eve': 39, 'Bob': 39}
2025-09-10 20:31:10 | INFO | Sent message to topic 'buzzline_json': {'message': 'Buzz messages for everyone.', 'author': 'Charlie'}
2025-09-10 20:31:10 | INFO | Processed JSON message: {'message': 'Buzz messages for everyone.', 'author': 'Charlie'}
2025-09-10 20:31:10 | INFO | Message received from author: Charlie
2025-09-10 20:31:10 | INFO | Updated author counts: {'Alice': 58, 'Charlie': 35, 'Diana': 65, 'Eve': 39, 'Bob': 39}
2025-09-10 20:31:11 | INFO | Sent message to topic 'buzzline_json': {'message': 'Buzz messages for everyone.', 'author': 'Bob'}
2025-09-10 20:31:11 | INFO | Processed JSON message: {'message': 'Buzz messages for everyone.', 'author': 'Bob'}
2025-09-10 20:31:11 | INFO | Message received from author: Bob
2025-09-10 20:31:11 | INFO | Updated author counts: {'Alice': 58, 'Charlie': 35, 'Diana': 65, 'Eve': 39, 'Bob': 40}
2025-09-10 20:31:12 | INFO | Sent message to topic 'buzzline_json': {'message': 'Streaming data is fun.', 'author': 'Diana'}
2025-09-10 20:31:12 | INFO | Processed JSON message: {'message': 'Streaming data is fun.', 'author': 'Diana'}
2025-09-10 20:31:12 | INFO | Message received from author: Diana
2025-09-10 20:31:12 | INFO | Updated author counts: {'Alice': 58, 'Charlie': 35, 'Diana': 66, 'Eve': 39, 'Bob': 40}
2025-09-10 20:31:13 | INFO | Sent message to topic 'buzzline_json': {'message': 'Have a great day!', 'author': 'Diana'}
2025-09-10 20:31:13 | INFO | Processed JSON message: {'message': 'Have a great day!', 'author': 'Diana'}
2025-09-10 20:31:13 | INFO | Message received from author: Diana
2025-09-10 20:31:13 | INFO | Updated author counts: {'Alice': 58, 'Charlie': 35, 'Diana': 67, 'Eve': 39, 'Bob': 40}
2025-09-10 20:31:14 | INFO | Sent message to topic 'buzzline_json': {'message': 'I love Python!', 'author': 'Alice'}
2025-09-10 20:31:14 | INFO | Processed JSON message: {'message': 'I love Python!', 'author': 'Alice'}
2025-09-10 20:31:14 | INFO | Message received from author: Alice
2025-09-10 20:31:14 | INFO | Updated author counts: {'Alice': 59, 'Charlie': 35, 'Diana': 67, 'Eve': 39, 'Bob': 40}
2025-09-10 20:31:15 | INFO | Sent message to topic 'buzzline_json': {'message': 'Streaming data is fun.', 'author': 'Charlie'}
2025-09-10 20:31:15 | INFO | Processed JSON message: {'message': 'Streaming data is fun.', 'author': 'Charlie'}
2025-09-10 20:31:15 | INFO | Message received from author: Charlie
2025-09-10 20:31:15 | INFO | Updated author counts: {'Alice': 59, 'Charlie': 36, 'Diana': 67, 'Eve': 39, 'Bob': 40}
2025-09-10 20:31:16 | INFO | Sent message to topic 'buzzline_json': {'message': 'Kafka is awesome.', 'author': 'Alice'}
2025-09-10 20:31:16 | INFO | Processed JSON message: {'message': 'Kafka is awesome.', 'author': 'Alice'}
2025-09-10 20:31:16 | INFO | Message received from author: Alice
2025-09-10 20:31:16 | INFO | Updated author counts: {'Alice': 60, 'Charlie': 36, 'Diana': 67, 'Eve': 39, 'Bob': 40}
2025-09-10 20:31:17 | INFO | Sent message to topic 'buzzline_json': {'message': 'Kafka is awesome.', 'author': 'Diana'}
2025-09-10 20:31:17 | INFO | Processed JSON message: {'message': 'Kafka is awesome.', 'author': 'Diana'}
2025-09-10 20:31:17 | INFO | Message received from author: Diana
2025-09-10 20:31:17 | INFO | Updated author counts: {'Alice': 60, 'Charlie': 36, 'Diana': 68, 'Eve': 39, 'Bob': 40}
2025-09-10 20:31:18 | INFO | Sent message to topic 'buzzline_json': {'message': 'Kafka is awesome.', 'author': 'Alice'}
2025-09-10 20:31:18 | INFO | Processed JSON message: {'message': 'Kafka is awesome.', 'author': 'Alice'}
2025-09-10 20:31:18 | INFO | Message received from author: Alice
2025-09-10 20:31:18 | INFO | Updated author counts: {'Alice': 61, 'Charlie': 36, 'Diana': 68, 'Eve': 39, 'Bob': 40}
2025-09-10 20:31:19 | INFO | Sent message to topic 'buzzline_json': {'message': 'JSON makes life easier.', 'author': 'Bob'}
2025-09-10 20:31:19 | INFO | Processed JSON message: {'message': 'JSON makes life easier.', 'author': 'Bob'}
2025-09-10 20:31:19 | INFO | Message received from author: Bob
2025-09-10 20:31:19 | INFO | Updated author counts: {'Alice': 61, 'Charlie': 36, 'Diana': 68, 'Eve': 39, 'Bob': 41}
2025-09-10 20:31:20 | INFO | Sent message to topic 'buzzline_json': {'message': 'This is a buzz message.', 'author': 'Bob'}
2025-09-10 20:31:20 | INFO | Processed JSON message: {'message': 'This is a buzz message.', 'author': 'Bob'}
2025-09-10 20:31:20 | INFO | Message received from author: Bob
2025-09-10 20:31:20 | INFO | Updated author counts: {'Alice': 61, 'Charlie': 36, 'Diana': 68, 'Eve': 39, 'Bob': 42}
2025-09-10 20:31:21 | INFO | Sent message to topic 'buzzline_json': {'message': 'Streaming data is fun.', 'author': 'Diana'}
2025-09-10 20:31:21 | INFO | Processed JSON message: {'message': 'Streaming data is fun.', 'author': 'Diana'}
2025-09-10 20:31:21 | INFO | Message received from author: Diana
2025-09-10 20:31:21 | INFO | Updated author counts: {'Alice': 61, 'Charlie': 36, 'Diana': 69, 'Eve': 39, 'Bob': 42}
2025-09-10 20:31:22 | INFO | Sent message to topic 'buzzline_json': {'message': 'Have a great day!', 'author': 'Bob'}
2025-09-10 20:31:22 | INFO | Processed JSON message: {'message': 'Have a great day!', 'author': 'Bob'}
2025-09-10 20:31:22 | INFO | Message received from author: Bob
2025-09-10 20:31:22 | INFO | Updated author counts: {'Alice': 61, 'Charlie': 36, 'Diana': 69, 'Eve': 39, 'Bob': 43}
2025-09-10 20:31:23 | INFO | Sent message to topic 'buzzline_json': {'message': 'This is a buzz message.', 'author': 'Eve'}
2025-09-10 20:31:23 | INFO | Processed JSON message: {'message': 'This is a buzz message.', 'author': 'Eve'}
2025-09-10 20:31:23 | INFO | Message received from author: Eve
2025-09-10 20:31:23 | INFO | Updated author counts: {'Alice': 61, 'Charlie': 36, 'Diana': 69, 'Eve': 40, 'Bob': 43}
2025-09-10 20:31:24 | INFO | Sent message to topic 'buzzline_json': {'message': 'Hello, Kafka world!', 'author': 'Bob'}
2025-09-10 20:31:24 | INFO | Processed JSON message: {'message': 'Hello, Kafka world!', 'author': 'Bob'}
2025-09-10 20:31:24 | INFO | Message received from author: Bob
2025-09-10 20:31:24 | INFO | Updated author counts: {'Alice': 61, 'Charlie': 36, 'Diana': 69, 'Eve': 40, 'Bob': 44}
2025-09-10 20:31:25 | INFO | Sent message to topic 'buzzline_json': {'message': 'This is a buzz message.', 'author': 'Alice'}
2025-09-10 20:31:25 | INFO | Processed JSON message: {'message': 'This is a buzz message.', 'author': 'Alice'}
2025-09-10 20:31:25 | INFO | Message received from author: Alice
2025-09-10 20:31:25 | INFO | Updated author counts: {'Alice': 62, 'Charlie': 36, 'Diana': 69, 'Eve': 40, 'Bob': 44}
2025-09-10 20:31:26 | INFO | Sent message to topic 'buzzline_json': {'message': 'Streaming data is fun.', 'author': 'Eve'}
2025-09-10 20:31:26 | INFO | Processed JSON message: {'message': 'Streaming data is fun.', 'author': 'Eve'}
2025-09-10 20:31:26 | INFO | Message received from author: Eve
2025-09-10 20:31:26 | INFO | Updated author counts: {'Alice': 62, 'Charlie': 36, 'Diana': 69, 'Eve': 41, 'Bob': 44}
2025-09-10 20:31:27 | INFO | Sent message to topic 'buzzline_json': {'message': 'Kafka is awesome.', 'author': 'Alice'}
2025-09-10 20:31:27 | INFO | Processed JSON message: {'message': 'Kafka is awesome.', 'author': 'Alice'}
2025-09-10 20:31:27 | INFO | Message received from author: Alice
2025-09-10 20:31:27 | INFO | Updated author counts: {'Alice': 63, 'Charlie': 36, 'Diana': 69, 'Eve': 41, 'Bob': 44}
2025-09-10 20:31:28 | INFO | Sent message to topic 'buzzline_json': {'message': 'JSON makes life easier.', 'author': 'Bob'}
2025-09-10 20:31:28 | INFO | Processed JSON message: {'message': 'JSON makes life easier.', 'author': 'Bob'}
2025-09-10 20:31:28 | INFO | Message received from author: Bob
2025-09-10 20:31:28 | INFO | Updated author counts: {'Alice': 63, 'Charlie': 36, 'Diana': 69, 'Eve': 41, 'Bob': 45}
2025-09-10 20:31:29 | INFO | Sent message to topic 'buzzline_json': {'message': 'This is a buzz message.', 'author': 'Charlie'}
2025-09-10 20:31:29 | INFO | Processed JSON message: {'message': 'This is a buzz message.', 'author': 'Charlie'}
2025-09-10 20:31:29 | INFO | Message received from author: Charlie
2025-09-10 20:31:29 | INFO | Updated author counts: {'Alice': 63, 'Charlie': 37, 'Diana': 69, 'Eve': 41, 'Bob': 45}
2025-09-10 20:31:30 | INFO | Sent message to topic 'buzzline_json': {'message': 'Have a great day!', 'author': 'Diana'}
2025-09-10 20:31:30 | INFO | Processed JSON message: {'message': 'Have a great day!', 'author': 'Diana'}
2025-09-10 20:31:30 | INFO | Message received from author: Diana
2025-09-10 20:31:30 | INFO | Updated author counts: {'Alice': 63, 'Charlie': 37, 'Diana': 70, 'Eve': 41, 'Bob': 45}
2025-09-10 20:31:31 | INFO | Sent message to topic 'buzzline_json': {'message': 'Distributed systems are fascinating.', 'author': 'Bob'}
2025-09-10 20:31:31 | INFO | Processed JSON message: {'message': 'Distributed systems are fascinating.', 'author': 'Bob'}
2025-09-10 20:31:31 | INFO | Message received from author: Bob
2025-09-10 20:31:31 | INFO | Updated author counts: {'Alice': 63, 'Charlie': 37, 'Diana': 70, 'Eve': 41, 'Bob': 46}
2025-09-10 20:31:32 | INFO | Sent message to topic 'buzzline_json': {'message': 'Kafka is awesome.', 'author': 'Alice'}
2025-09-10 20:31:32 | INFO | Processed JSON message: {'message': 'Kafka is awesome.', 'author': 'Alice'}
2025-09-10 20:31:32 | INFO | Message received from author: Alice
2025-09-10 20:31:32 | INFO | Updated author counts: {'Alice': 64, 'Charlie': 37, 'Diana': 70, 'Eve': 41, 'Bob': 46}
2025-09-10 20:31:33 | INFO | Sent message to topic 'buzzline_json': {'message': 'Streaming data is fun.', 'author': 'Alice'}
2025-09-10 20:31:33 | INFO | Processed JSON message: {'message': 'Streaming data is fun.', 'author': 'Alice'}
2025-09-10 20:31:33 | INFO | Message received from author: Alice
2025-09-10 20:31:33 | INFO | Updated author counts: {'Alice': 65, 'Charlie': 37, 'Diana': 70, 'Eve': 41, 'Bob': 46}
2025-09-10 20:31:34 | INFO | Sent message to topic 'buzzline_json': {'message': 'Have a great day!', 'author': 'Diana'}
2025-09-10 20:31:34 | INFO | Processed JSON message: {'message': 'Have a great day!', 'author': 'Diana'}
2025-09-10 20:31:34 | INFO | Message received from author: Diana
2025-09-10 20:31:34 | INFO | Updated author counts: {'Alice': 65, 'Charlie': 37, 'Diana': 71, 'Eve': 41, 'Bob': 46}
2025-09-10 20:31:35 | INFO | Sent message to topic 'buzzline_json': {'message': 'Streaming data is fun.', 'author': 'Alice'}
2025-09-10 20:31:35 | INFO | Processed JSON message: {'message': 'Streaming data is fun.', 'author': 'Alice'}
2025-09-10 20:31:35 | INFO | Message received from author: Alice
2025-09-10 20:31:35 | INFO | Updated author counts: {'Alice': 66, 'Charlie': 37, 'Diana': 71, 'Eve': 41, 'Bob': 46}
2025-09-10 20:31:36 | INFO | Sent message to topic 'buzzline_json': {'message': 'This is a buzz message.', 'author': 'Diana'}
2025-09-10 20:31:36 | INFO | Processed JSON message: {'message': 'This is a buzz message.', 'author': 'Diana'}
2025-09-10 20:31:36 | INFO | Message received from author: Diana
2025-09-10 20:31:36 | INFO | Updated author counts: {'Alice': 66, 'Charlie': 37, 'Diana': 72, 'Eve': 41, 'Bob': 46}
2025-09-10 20:31:37 | INFO | Sent message to topic 'buzzline_json': {'message': 'Data engineering is my passion.', 'author': 'Bob'}
2025-09-10 20:31:37 | INFO | Processed JSON message: {'message': 'Data engineering is my passion.', 'author': 'Bob'}
2025-09-10 20:31:37 | INFO | Message received from author: Bob
2025-09-10 20:31:37 | INFO | Updated author counts: {'Alice': 66, 'Charlie': 37, 'Diana': 72, 'Eve': 41, 'Bob': 47}
2025-09-10 20:31:38 | INFO | Sent message to topic 'buzzline_json': {'message': 'Have a great day!', 'author': 'Diana'}
2025-09-10 20:31:38 | INFO | Processed JSON message: {'message': 'Have a great day!', 'author': 'Diana'}
2025-09-10 20:31:38 | INFO | Message received from author: Diana
