2025-09-11 10:36:31 | INFO | Sent message to topic 'smoker_csv': {'timestamp': '2025-09-11T15:36:31.040589', 'temperature': 129.6}
2025-09-11 10:36:36 | INFO | Sent message to topic 'smoker_csv': {'timestamp': '2025-09-11T15:36:36.044411', 'temperature': 130.0}
2025-09-11 10:36:41 | INFO | Sent message to topic 'smoker_csv': {'timestamp': '2025-09-11T15:36:41.047459', 'temperature': 130.4}
2025-09-11 10:36:46 | INFO | Sent message to topic 'smoker_csv': {'timestamp': '2025-09-11T15:36:46.052131', 'temperature': 130.8}
2025-09-11 10:36:51 | INFO | Sent message to topic 'smoker_csv': {'timestamp': '2025-09-11T15:36:51.057363', 'temperature': 131.2}
2025-09-11 10:36:56 | INFO | Sent message to topic 'smoker_csv': {'timestamp': '2025-09-11T15:36:56.061999', 'temperature': 131.6}
2025-09-11 10:37:01 | INFO | Sent message to topic 'smoker_csv': {'timestamp': '2025-09-11T15:37:01.067780', 'temperature': 132.0}
2025-09-11 10:37:06 | INFO | Sent message to topic 'smoker_csv': {'timestamp': '2025-09-11T15:37:06.073347', 'temperature': 132.4}
2025-09-11 10:37:11 | INFO | Sent message to topic 'smoker_csv': {'timestamp': '2025-09-11T15:37:11.076225', 'temperature': 132.8}
2025-09-11 10:37:16 | INFO | Sent message to topic 'smoker_csv': {'timestamp': '2025-09-11T15:37:16.083254', 'temperature': 133.2}
2025-09-11 10:37:21 | INFO | Sent message to topic 'smoker_csv': {'timestamp': '2025-09-11T15:37:21.087067', 'temperature': 133.6}
2025-09-11 10:37:26 | INFO | Sent message to topic 'smoker_csv': {'timestamp': '2025-09-11T15:37:26.091606', 'temperature': 134.0}
2025-09-11 10:37:31 | INFO | Sent message to topic 'smoker_csv': {'timestamp': '2025-09-11T15:37:31.095889', 'temperature': 134.4}
2025-09-11 10:37:36 | INFO | Sent message to topic 'smoker_csv': {'timestamp': '2025-09-11T15:37:36.097981', 'temperature': 134.8}
2025-09-11 10:37:41 | INFO | Sent message to topic 'smoker_csv': {'timestamp': '2025-09-11T15:37:41.104356', 'temperature': 135.2}
2025-09-11 10:37:46 | INFO | Sent message to topic 'smoker_csv': {'timestamp': '2025-09-11T15:37:46.109307', 'temperature': 135.6}
2025-09-11 10:37:51 | INFO | Sent message to topic 'smoker_csv': {'timestamp': '2025-09-11T15:37:51.111958', 'temperature': 136.0}
2025-09-11 10:37:56 | INFO | Sent message to topic 'smoker_csv': {'timestamp': '2025-09-11T15:37:56.114585', 'temperature': 136.4}
2025-09-11 10:38:01 | INFO | Sent message to topic 'smoker_csv': {'timestamp': '2025-09-11T15:38:01.118548', 'temperature': 136.8}
2025-09-11 10:38:06 | INFO | Sent message to topic 'smoker_csv': {'timestamp': '2025-09-11T15:38:06.123834', 'temperature': 137.2}
2025-09-11 10:38:11 | INFO | Sent message to topic 'smoker_csv': {'timestamp': '2025-09-11T15:38:11.131543', 'temperature': 137.6}
2025-09-11 10:38:16 | INFO | Sent message to topic 'smoker_csv': {'timestamp': '2025-09-11T15:38:16.134891', 'temperature': 138.0}
2025-09-11 10:38:21 | INFO | Sent message to topic 'smoker_csv': {'timestamp': '2025-09-11T15:38:21.139945', 'temperature': 138.4}
2025-09-11 10:38:26 | INFO | Sent message to topic 'smoker_csv': {'timestamp': '2025-09-11T15:38:26.145543', 'temperature': 138.8}
2025-09-11 10:38:31 | INFO | Sent message to topic 'smoker_csv': {'timestamp': '2025-09-11T15:38:31.148330', 'temperature': 139.2}
2025-09-11 10:38:36 | INFO | Sent message to topic 'smoker_csv': {'timestamp': '2025-09-11T15:38:36.152355', 'temperature': 139.6}
2025-09-11 10:38:41 | INFO | Sent message to topic 'smoker_csv': {'timestamp': '2025-09-11T15:38:41.157783', 'temperature': 140.0}
2025-09-11 10:38:46 | INFO | Sent message to topic 'smoker_csv': {'timestamp': '2025-09-11T15:38:46.163833', 'temperature': 140.4}
2025-09-11 10:38:51 | INFO | Sent message to topic 'smoker_csv': {'timestamp': '2025-09-11T15:38:51.168477', 'temperature': 140.8}
2025-09-11 10:38:56 | INFO | Sent message to topic 'smoker_csv': {'timestamp': '2025-09-11T15:38:56.176450', 'temperature': 141.2}
2025-09-11 10:39:01 | INFO | Sent message to topic 'smoker_csv': {'timestamp': '2025-09-11T15:39:01.179636', 'temperature': 141.6}
2025-09-11 10:39:06 | INFO | Sent message to topic 'smoker_csv': {'timestamp': '2025-09-11T15:39:06.183311', 'temperature': 142.0}
2025-09-11 10:39:11 | INFO | Sent message to topic 'smoker_csv': {'timestamp': '2025-09-11T15:39:11.186663', 'temperature': 142.2}
2025-09-11 10:39:16 | INFO | Sent message to topic 'smoker_csv': {'timestamp': '2025-09-11T15:39:16.194861', 'temperature': 142.0}
2025-09-11 10:39:21 | INFO | Sent message to topic 'smoker_csv': {'timestamp': '2025-09-11T15:39:21.199701', 'temperature': 142.2}
2025-09-11 10:39:26 | INFO | Sent message to topic 'smoker_csv': {'timestamp': '2025-09-11T15:39:26.206003', 'temperature': 142.0}
2025-09-11 10:39:31 | INFO | Sent message to topic 'smoker_csv': {'timestamp': '2025-09-11T15:39:31.212732', 'temperature': 142.2}
2025-09-11 10:39:36 | INFO | Sent message to topic 'smoker_csv': {'timestamp': '2025-09-11T15:39:36.215045', 'temperature': 142.0}
2025-09-11 10:39:41 | INFO | Sent message to topic 'smoker_csv': {'timestamp': '2025-09-11T15:39:41.221233', 'temperature': 142.2}
2025-09-11 10:39:46 | INFO | Sent message to topic 'smoker_csv': {'timestamp': '2025-09-11T15:39:46.228237', 'temperature': 142.0}
2025-09-11 10:39:51 | INFO | Sent message to topic 'smoker_csv': {'timestamp': '2025-09-11T15:39:51.235802', 'temperature': 142.2}
2025-09-11 10:39:56 | INFO | Sent message to topic 'smoker_csv': {'timestamp': '2025-09-11T15:39:56.242730', 'temperature': 142.0}
2025-09-11 10:40:01 | INFO | Sent message to topic 'smoker_csv': {'timestamp': '2025-09-11T15:40:01.249087', 'temperature': 142.2}
2025-09-11 10:40:06 | INFO | Sent message to topic 'smoker_csv': {'timestamp': '2025-09-11T15:40:06.256132', 'temperature': 142.0}
2025-09-11 10:40:11 | INFO | Sent message to topic 'smoker_csv': {'timestamp': '2025-09-11T15:40:11.259744', 'temperature': 142.2}
2025-09-11 10:40:16 | INFO | Sent message to topic 'smoker_csv': {'timestamp': '2025-09-11T15:40:16.263992', 'temperature': 142.0}
2025-09-11 10:40:21 | INFO | Sent message to topic 'smoker_csv': {'timestamp': '2025-09-11T15:40:21.269629', 'temperature': 142.2}
2025-09-11 10:40:26 | INFO | Sent message to topic 'smoker_csv': {'timestamp': '2025-09-11T15:40:26.277562', 'temperature': 142.0}
2025-09-11 10:40:31 | INFO | Sent message to topic 'smoker_csv': {'timestamp': '2025-09-11T15:40:31.281786', 'temperature': 142.2}
2025-09-11 10:40:36 | INFO | Sent message to topic 'smoker_csv': {'timestamp': '2025-09-11T15:40:36.288938', 'temperature': 142.0}
2025-09-11 10:40:41 | INFO | Sent message to topic 'smoker_csv': {'timestamp': '2025-09-11T15:40:41.293031', 'temperature': 142.2}
2025-09-11 10:40:46 | INFO | Sent message to topic 'smoker_csv': {'timestamp': '2025-09-11T15:40:46.299547', 'temperature': 142.0}
2025-09-11 10:40:51 | INFO | Sent message to topic 'smoker_csv': {'timestamp': '2025-09-11T15:40:51.304834', 'temperature': 142.2}
2025-09-11 10:40:56 | INFO | Sent message to topic 'smoker_csv': {'timestamp': '2025-09-11T15:40:56.310111', 'temperature': 142.0}
2025-09-11 10:41:01 | INFO | Sent message to topic 'smoker_csv': {'timestamp': '2025-09-11T15:41:01.314331', 'temperature': 142.2}
2025-09-11 10:41:06 | INFO | Sent message to topic 'smoker_csv': {'timestamp': '2025-09-11T15:41:06.320025', 'temperature': 142.0}
2025-09-11 10:41:11 | INFO | Sent message to topic 'smoker_csv': {'timestamp': '2025-09-11T15:41:11.325365', 'temperature': 142.2}
2025-09-11 10:41:16 | INFO | Sent message to topic 'smoker_csv': {'timestamp': '2025-09-11T15:41:16.329729', 'temperature': 142.0}
2025-09-11 10:41:21 | INFO | Sent message to topic 'smoker_csv': {'timestamp': '2025-09-11T15:41:21.335561', 'temperature': 142.2}
2025-09-11 10:41:26 | INFO | Sent message to topic 'smoker_csv': {'timestamp': '2025-09-11T15:41:26.342963', 'temperature': 142.0}
2025-09-11 10:41:31 | INFO | Sent message to topic 'smoker_csv': {'timestamp': '2025-09-11T15:41:31.347318', 'temperature': 142.2}
2025-09-11 10:41:36 | INFO | Sent message to topic 'smoker_csv': {'timestamp': '2025-09-11T15:41:36.351875', 'temperature': 142.0}
2025-09-11 10:41:41 | INFO | Sent message to topic 'smoker_csv': {'timestamp': '2025-09-11T15:41:41.358300', 'temperature': 142.2}
2025-09-11 10:41:46 | INFO | Sent message to topic 'smoker_csv': {'timestamp': '2025-09-11T15:41:46.362929', 'temperature': 142.0}
2025-09-11 10:41:51 | INFO | Sent message to topic 'smoker_csv': {'timestamp': '2025-09-11T15:41:51.367165', 'temperature': 142.2}
2025-09-11 10:41:56 | INFO | Sent message to topic 'smoker_csv': {'timestamp': '2025-09-11T15:41:56.371451', 'temperature': 142.0}
2025-09-11 10:42:01 | INFO | Sent message to topic 'smoker_csv': {'timestamp': '2025-09-11T15:42:01.374858', 'temperature': 142.2}
2025-09-11 10:42:06 | INFO | Sent message to topic 'smoker_csv': {'timestamp': '2025-09-11T15:42:06.379429', 'temperature': 142.0}
2025-09-11 10:42:11 | INFO | Sent message to topic 'smoker_csv': {'timestamp': '2025-09-11T15:42:11.384135', 'temperature': 142.2}
2025-09-11 10:42:16 | INFO | Sent message to topic 'smoker_csv': {'timestamp': '2025-09-11T15:42:16.386567', 'temperature': 142.0}
2025-09-11 10:42:21 | INFO | Sent message to topic 'smoker_csv': {'timestamp': '2025-09-11T15:42:21.392724', 'temperature': 142.2}
2025-09-11 10:42:26 | INFO | Sent message to topic 'smoker_csv': {'timestamp': '2025-09-11T15:42:26.396236', 'temperature': 142.0}
2025-09-11 10:42:31 | INFO | Sent message to topic 'smoker_csv': {'timestamp': '2025-09-11T15:42:31.401406', 'temperature': 142.2}
2025-09-11 10:42:36 | INFO | Sent message to topic 'smoker_csv': {'timestamp': '2025-09-11T15:42:36.404411', 'temperature': 142.0}
2025-09-11 10:42:41 | INFO | Sent message to topic 'smoker_csv': {'timestamp': '2025-09-11T15:42:41.424754', 'temperature': 142.2}
2025-09-11 10:42:46 | INFO | Sent message to topic 'smoker_csv': {'timestamp': '2025-09-11T15:42:46.426222', 'temperature': 142.0}
2025-09-11 10:42:51 | INFO | Sent message to topic 'smoker_csv': {'timestamp': '2025-09-11T15:42:51.431976', 'temperature': 142.2}
2025-09-11 10:42:56 | INFO | Sent message to topic 'smoker_csv': {'timestamp': '2025-09-11T15:42:56.436008', 'temperature': 142.0}
2025-09-11 10:43:01 | INFO | Sent message to topic 'smoker_csv': {'timestamp': '2025-09-11T15:43:01.440438', 'temperature': 142.2}
2025-09-11 10:43:06 | INFO | Sent message to topic 'smoker_csv': {'timestamp': '2025-09-11T15:43:06.443340', 'temperature': 142.0}
2025-09-11 10:43:11 | INFO | Sent message to topic 'smoker_csv': {'timestamp': '2025-09-11T15:43:11.448838', 'temperature': 142.2}
2025-09-11 10:43:16 | INFO | Sent message to topic 'smoker_csv': {'timestamp': '2025-09-11T15:43:16.453158', 'temperature': 142.0}
2025-09-11 10:43:21 | INFO | Sent message to topic 'smoker_csv': {'timestamp': '2025-09-11T15:43:21.458156', 'temperature': 142.2}
2025-09-11 10:43:26 | INFO | Sent message to topic 'smoker_csv': {'timestamp': '2025-09-11T15:43:26.462675', 'temperature': 142.0}
2025-09-11 10:43:31 | INFO | Sent message to topic 'smoker_csv': {'timestamp': '2025-09-11T15:43:31.466128', 'temperature': 142.2}
2025-09-11 10:43:36 | INFO | Sent message to topic 'smoker_csv': {'timestamp': '2025-09-11T15:43:36.471541', 'temperature': 142.0}
2025-09-11 10:43:41 | INFO | Sent message to topic 'smoker_csv': {'timestamp': '2025-09-11T15:43:41.473682', 'temperature': 142.2}
2025-09-11 10:43:46 | INFO | Sent message to topic 'smoker_csv': {'timestamp': '2025-09-11T15:43:46.474761', 'temperature': 142.0}
2025-09-11 14:26:46 | INFO | Sent message to topic 'smoker_csv': {'timestamp': '2025-09-11T19:26:46.444010', 'temperature': 142.2}
2025-09-11 14:26:51 | INFO | Sent message to topic 'smoker_csv': {'timestamp': '2025-09-11T19:26:51.446335', 'temperature': 142.0}
2025-09-11 14:26:56 | INFO | Sent message to topic 'smoker_csv': {'timestamp': '2025-09-11T19:26:56.447963', 'temperature': 142.2}
2025-09-11 14:27:01 | INFO | Sent message to topic 'smoker_csv': {'timestamp': '2025-09-11T19:27:01.449903', 'temperature': 142.0}
2025-09-11 14:27:06 | INFO | Opening data file in read mode: PROJECT_ROOT/data/smoker_temps.csv
2025-09-11 14:27:06 | INFO | Reading data from file: PROJECT_ROOT/data/smoker_temps.csv
2025-09-11 14:27:06 | INFO | Sent message to topic 'smoker_csv': {'timestamp': '2025-09-11T19:27:06.455310', 'temperature': 70.4}
2025-09-11 14:27:11 | INFO | Sent message to topic 'smoker_csv': {'timestamp': '2025-09-11T19:27:11.457975', 'temperature': 70.8}
2025-09-11 14:27:16 | INFO | Sent message to topic 'smoker_csv': {'timestamp': '2025-09-11T19:27:16.464678', 'temperature': 71.2}
2025-09-11 14:27:21 | INFO | Sent message to topic 'smoker_csv': {'timestamp': '2025-09-11T19:27:21.466456', 'temperature': 71.6}
2025-09-11 14:27:26 | INFO | Sent message to topic 'smoker_csv': {'timestamp': '2025-09-11T19:27:26.473140', 'temperature': 72.0}
2025-09-11 14:27:31 | INFO | Sent message to topic 'smoker_csv': {'timestamp': '2025-09-11T19:27:31.477363', 'temperature': 72.4}
2025-09-11 14:27:36 | INFO | Sent message to topic 'smoker_csv': {'timestamp': '2025-09-11T19:27:36.482464', 'temperature': 72.8}
2025-09-11 14:27:41 | INFO | Sent message to topic 'smoker_csv': {'timestamp': '2025-09-11T19:27:41.486956', 'temperature': 73.2}
2025-09-11 14:27:46 | INFO | Sent message to topic 'smoker_csv': {'timestamp': '2025-09-11T19:27:46.492404', 'temperature': 73.6}
2025-09-11 14:27:51 | INFO | Sent message to topic 'smoker_csv': {'timestamp': '2025-09-11T19:27:51.494848', 'temperature': 74.0}
2025-09-11 14:27:56 | INFO | Sent message to topic 'smoker_csv': {'timestamp': '2025-09-11T19:27:56.498751', 'temperature': 74.4}
2025-09-11 14:28:01 | INFO | Sent message to topic 'smoker_csv': {'timestamp': '2025-09-11T19:28:01.504003', 'temperature': 74.8}
2025-09-11 14:28:06 | INFO | Sent message to topic 'smoker_csv': {'timestamp': '2025-09-11T19:28:06.509323', 'temperature': 75.2}
2025-09-11 14:28:11 | INFO | Sent message to topic 'smoker_csv': {'timestamp': '2025-09-11T19:28:11.513983', 'temperature': 75.6}
2025-09-11 14:28:16 | INFO | Sent message to topic 'smoker_csv': {'timestamp': '2025-09-11T19:28:16.519270', 'temperature': 76.0}
2025-09-11 14:28:21 | INFO | Sent message to topic 'smoker_csv': {'timestamp': '2025-09-11T19:28:21.522135', 'temperature': 76.4}
2025-09-11 14:28:26 | INFO | Sent message to topic 'smoker_csv': {'timestamp': '2025-09-11T19:28:26.528432', 'temperature': 76.8}
2025-09-11 14:28:31 | INFO | Sent message to topic 'smoker_csv': {'timestamp': '2025-09-11T19:28:31.533808', 'temperature': 77.2}
2025-09-11 14:28:36 | INFO | Sent message to topic 'smoker_csv': {'timestamp': '2025-09-11T19:28:36.539126', 'temperature': 77.6}
2025-09-11 14:28:41 | INFO | Sent message to topic 'smoker_csv': {'timestamp': '2025-09-11T19:28:41.545169', 'temperature': 78.0}
2025-09-11 14:28:46 | INFO | Sent message to topic 'smoker_csv': {'timestamp': '2025-09-11T19:28:46.547399', 'temperature': 78.4}
2025-09-11 14:28:51 | INFO | Sent message to topic 'smoker_csv': {'timestamp': '2025-09-11T19:28:51.552124', 'temperature': 78.8}
2025-09-11 14:28:56 | INFO | Sent message to topic 'smoker_csv': {'timestamp': '2025-09-11T19:28:56.556720', 'temperature': 79.2}
2025-09-11 14:29:01 | INFO | Sent message to topic 'smoker_csv': {'timestamp': '2025-09-11T19:29:01.562337', 'temperature': 79.6}
2025-09-11 14:29:06 | INFO | Sent message to topic 'smoker_csv': {'timestamp': '2025-09-11T19:29:06.567149', 'temperature': 80.0}
2025-09-11 14:29:11 | INFO | Sent message to topic 'smoker_csv': {'timestamp': '2025-09-11T19:29:11.572031', 'temperature': 80.4}
2025-09-11 14:29:16 | INFO | Sent message to topic 'smoker_csv': {'timestamp': '2025-09-11T19:29:16.580751', 'temperature': 80.8}
2025-09-11 14:29:21 | INFO | Sent message to topic 'smoker_csv': {'timestamp': '2025-09-11T19:29:21.585632', 'temperature': 81.2}
2025-09-11 14:29:26 | INFO | Sent message to topic 'smoker_csv': {'timestamp': '2025-09-11T19:29:26.593132', 'temperature': 81.6}
2025-09-11 14:29:31 | INFO | Sent message to topic 'smoker_csv': {'timestamp': '2025-09-11T19:29:31.599262', 'temperature': 82.0}
2025-09-11 14:29:36 | INFO | Sent message to topic 'smoker_csv': {'timestamp': '2025-09-11T19:29:36.601898', 'temperature': 82.4}
2025-09-11 14:29:41 | INFO | Sent message to topic 'smoker_csv': {'timestamp': '2025-09-11T19:29:41.606339', 'temperature': 82.8}
2025-09-11 14:29:46 | INFO | Sent message to topic 'smoker_csv': {'timestamp': '2025-09-11T19:29:46.611091', 'temperature': 83.2}
2025-09-11 14:29:51 | INFO | Sent message to topic 'smoker_csv': {'timestamp': '2025-09-11T19:29:51.615138', 'temperature': 83.6}
2025-09-11 14:29:56 | INFO | Sent message to topic 'smoker_csv': {'timestamp': '2025-09-11T19:29:56.620271', 'temperature': 84.0}
2025-09-11 14:30:01 | INFO | Sent message to topic 'smoker_csv': {'timestamp': '2025-09-11T19:30:01.624334', 'temperature': 84.4}
2025-09-11 14:30:06 | INFO | Sent message to topic 'smoker_csv': {'timestamp': '2025-09-11T19:30:06.626997', 'temperature': 84.8}
2025-09-11 14:30:11 | INFO | Sent message to topic 'smoker_csv': {'timestamp': '2025-09-11T19:30:11.632289', 'temperature': 85.2}
2025-09-11 14:30:16 | INFO | Sent message to topic 'smoker_csv': {'timestamp': '2025-09-11T19:30:16.638154', 'temperature': 85.6}
2025-09-11 14:30:21 | INFO | Sent message to topic 'smoker_csv': {'timestamp': '2025-09-11T19:30:21.643024', 'temperature': 86.0}
2025-09-11 14:30:26 | INFO | Sent message to topic 'smoker_csv': {'timestamp': '2025-09-11T19:30:26.647346', 'temperature': 86.4}
2025-09-11 14:30:31 | INFO | Sent message to topic 'smoker_csv': {'timestamp': '2025-09-11T19:30:31.652207', 'temperature': 86.8}
2025-09-11 14:30:36 | INFO | Sent message to topic 'smoker_csv': {'timestamp': '2025-09-11T19:30:36.657979', 'temperature': 87.2}
2025-09-11 14:30:41 | INFO | Sent message to topic 'smoker_csv': {'timestamp': '2025-09-11T19:30:41.660096', 'temperature': 87.6}
2025-09-11 14:30:46 | INFO | Sent message to topic 'smoker_csv': {'timestamp': '2025-09-11T19:30:46.665419', 'temperature': 88.0}
2025-09-11 14:30:51 | INFO | Sent message to topic 'smoker_csv': {'timestamp': '2025-09-11T19:30:51.668425', 'temperature': 88.4}
2025-09-11 14:30:56 | INFO | Sent message to topic 'smoker_csv': {'timestamp': '2025-09-11T19:30:56.674750', 'temperature': 88.8}
2025-09-11 14:31:01 | INFO | Sent message to topic 'smoker_csv': {'timestamp': '2025-09-11T19:31:01.680536', 'temperature': 89.2}
2025-09-11 14:31:06 | INFO | Sent message to topic 'smoker_csv': {'timestamp': '2025-09-11T19:31:06.684676', 'temperature': 89.6}
2025-09-11 14:31:11 | INFO | Sent message to topic 'smoker_csv': {'timestamp': '2025-09-11T19:31:11.689666', 'temperature': 90.0}
2025-09-11 14:31:16 | INFO | Sent message to topic 'smoker_csv': {'timestamp': '2025-09-11T19:31:16.693160', 'temperature': 90.4}
2025-09-11 14:31:21 | INFO | Sent message to topic 'smoker_csv': {'timestamp': '2025-09-11T19:31:21.697328', 'temperature': 90.8}
2025-09-11 14:31:26 | INFO | Sent message to topic 'smoker_csv': {'timestamp': '2025-09-11T19:31:26.700298', 'temperature': 91.2}
2025-09-11 14:31:31 | INFO | Sent message to topic 'smoker_csv': {'timestamp': '2025-09-11T19:31:31.708068', 'temperature': 91.6}
2025-09-11 14:31:36 | INFO | Sent message to topic 'smoker_csv': {'timestamp': '2025-09-11T19:31:36.711250', 'temperature': 92.0}
2025-09-11 14:31:41 | INFO | Sent message to topic 'smoker_csv': {'timestamp': '2025-09-11T19:31:41.716522', 'temperature': 92.4}
2025-09-11 14:31:46 | INFO | Sent message to topic 'smoker_csv': {'timestamp': '2025-09-11T19:31:46.720445', 'temperature': 92.8}
2025-09-11 14:31:51 | INFO | Sent message to topic 'smoker_csv': {'timestamp': '2025-09-11T19:31:51.721819', 'temperature': 93.2}
2025-09-11 14:31:56 | INFO | Sent message to topic 'smoker_csv': {'timestamp': '2025-09-11T19:31:56.726617', 'temperature': 93.6}
2025-09-11 14:32:01 | INFO | Sent message to topic 'smoker_csv': {'timestamp': '2025-09-11T19:32:01.729205', 'temperature': 94.0}
2025-09-11 14:32:04 | INFO | Logging to file: logs/project_log.log
2025-09-11 14:32:04 | INFO | Log sanitization enabled, personal info removed
2025-09-11 14:32:04 | INFO | START consumer.
2025-09-11 14:32:04 | INFO | Kafka topic: smoker_csv
2025-09-11 14:32:04 | INFO | Kafka consumer group id: smoker_group
2025-09-11 14:32:04 | INFO | Rolling window size: 10
2025-09-11 14:32:04 | INFO | Consumer: Topic 'smoker_csv' and group 'smoker_group'...
2025-09-11 14:32:04 | INFO | Rolling window size: 10
2025-09-11 14:32:04 | INFO | Kafka broker address: localhost:9092
2025-09-11 14:32:04 | INFO | Creating Kafka consumer. Topic='smoker_csv' and group ID='smoker_group'.
2025-09-11 14:32:04 | INFO | Kafka consumer created successfully.
2025-09-11 14:32:04 | INFO | Polling messages from topic 'smoker_csv'...
2025-09-11 14:32:04 | ERROR | Error while consuming messages: Invalid file descriptor: -1
2025-09-11 14:32:06 | INFO | Sent message to topic 'smoker_csv': {'timestamp': '2025-09-11T19:32:06.732811', 'temperature': 94.4}
2025-09-11 14:32:07 | INFO | Kafka consumer for topic 'smoker_csv' closed.
2025-09-11 14:32:11 | INFO | Sent message to topic 'smoker_csv': {'timestamp': '2025-09-11T19:32:11.734998', 'temperature': 94.8}
2025-09-11 14:32:16 | INFO | Sent message to topic 'smoker_csv': {'timestamp': '2025-09-11T19:32:16.739309', 'temperature': 95.2}
2025-09-11 14:32:21 | INFO | Sent message to topic 'smoker_csv': {'timestamp': '2025-09-11T19:32:21.744789', 'temperature': 95.6}
2025-09-11 14:32:26 | INFO | Sent message to topic 'smoker_csv': {'timestamp': '2025-09-11T19:32:26.749861', 'temperature': 96.0}
2025-09-11 14:32:31 | INFO | Sent message to topic 'smoker_csv': {'timestamp': '2025-09-11T19:32:31.755437', 'temperature': 96.4}
2025-09-11 14:32:36 | INFO | Sent message to topic 'smoker_csv': {'timestamp': '2025-09-11T19:32:36.760284', 'temperature': 96.8}
2025-09-11 14:32:41 | INFO | Sent message to topic 'smoker_csv': {'timestamp': '2025-09-11T19:32:41.763715', 'temperature': 97.2}
2025-09-11 14:32:46 | INFO | Sent message to topic 'smoker_csv': {'timestamp': '2025-09-11T19:32:46.765733', 'temperature': 97.6}
2025-09-11 14:32:51 | INFO | Sent message to topic 'smoker_csv': {'timestamp': '2025-09-11T19:32:51.771977', 'temperature': 98.0}
2025-09-11 14:32:56 | INFO | Sent message to topic 'smoker_csv': {'timestamp': '2025-09-11T19:32:56.777765', 'temperature': 98.4}
2025-09-11 14:33:01 | WARNING | Producer interrupted by user.
2025-09-11 14:33:01 | INFO | Kafka producer closed.
2025-09-11 14:33:01 | INFO | END producer.
2025-09-11 14:33:08 | INFO | Logging to file: logs/project_log.log
2025-09-11 14:33:08 | INFO | Log sanitization enabled, personal info removed
2025-09-11 14:33:08 | INFO | Project root: PROJECT_ROOT
2025-09-11 14:33:08 | INFO | Data folder: PROJECT_ROOT/data
2025-09-11 14:33:08 | INFO | Data file: PROJECT_ROOT/data/smoker_temps.csv
2025-09-11 14:33:08 | INFO | START producer.
2025-09-11 14:33:08 | INFO | Kafka broker address: localhost:9092
2025-09-11 14:33:09 | INFO | Kafka is ready. Brokers: {'throttle_time_ms': 0, 'brokers': [{'node_id': 1, 'host': 'localhost', 'port': 9092, 'rack': None}], 'cluster_id': 'JjY4WKawQ-GFC8VniCM2Xw', 'controller_id': 1}
2025-09-11 14:33:09 | INFO | Kafka topic: smoker_csv
2025-09-11 14:33:09 | INFO | Message interval: 5 seconds
2025-09-11 14:33:09 | INFO | Kafka broker address: localhost:9092
2025-09-11 14:33:09 | INFO | Connecting to Kafka broker at localhost:9092...
2025-09-11 14:33:09 | INFO | Kafka producer successfully created.
2025-09-11 14:33:09 | INFO | Kafka broker address: localhost:9092
2025-09-11 14:33:09 | INFO | Topic 'smoker_csv' already exists. Recreating fresh...
2025-09-11 14:33:09 | INFO | Requested deletion of topic 'smoker_csv'.
2025-09-11 14:33:09 | INFO | Topic 'smoker_csv' created successfully.
2025-09-11 14:33:09 | INFO | Kafka topic 'smoker_csv' is ready.
2025-09-11 14:33:09 | INFO | Starting message production to topic 'smoker_csv'...
2025-09-11 14:33:09 | INFO | Opening data file in read mode: PROJECT_ROOT/data/smoker_temps.csv
2025-09-11 14:33:09 | INFO | Reading data from file: PROJECT_ROOT/data/smoker_temps.csv
2025-09-11 14:33:09 | INFO | Sent message to topic 'smoker_csv': {'timestamp': '2025-09-11T19:33:09.615843', 'temperature': 70.4}
2025-09-11 14:33:14 | INFO | Sent message to topic 'smoker_csv': {'timestamp': '2025-09-11T19:33:14.616828', 'temperature': 70.8}
2025-09-11 14:33:19 | INFO | Sent message to topic 'smoker_csv': {'timestamp': '2025-09-11T19:33:19.621864', 'temperature': 71.2}
2025-09-11 14:33:20 | INFO | Logging to file: logs/project_log.log
2025-09-11 14:33:20 | INFO | Log sanitization enabled, personal info removed
2025-09-11 14:33:20 | INFO | START consumer.
2025-09-11 14:33:20 | INFO | Kafka topic: smoker_csv
2025-09-11 14:33:20 | INFO | Kafka consumer group id: smoker_group
2025-09-11 14:33:20 | INFO | Rolling window size: 10
2025-09-11 14:33:20 | INFO | Consumer: Topic 'smoker_csv' and group 'smoker_group'...
2025-09-11 14:33:20 | INFO | Rolling window size: 10
2025-09-11 14:33:20 | INFO | Kafka broker address: localhost:9092
2025-09-11 14:33:20 | INFO | Creating Kafka consumer. Topic='smoker_csv' and group ID='smoker_group'.
2025-09-11 14:33:21 | INFO | Kafka consumer created successfully.
2025-09-11 14:33:21 | INFO | Polling messages from topic 'smoker_csv'...
2025-09-11 14:33:24 | INFO | Processed JSON message: {'timestamp': '2025-09-11T19:33:09.615843', 'temperature': 70.4}
2025-09-11 14:33:24 | INFO | Rolling window size: 10
2025-09-11 14:33:24 | INFO | Processed JSON message: {'timestamp': '2025-09-11T19:33:14.616828', 'temperature': 70.8}
2025-09-11 14:33:24 | INFO | Rolling window size: 10
2025-09-11 14:33:24 | INFO | Processed JSON message: {'timestamp': '2025-09-11T19:33:19.621864', 'temperature': 71.2}
2025-09-11 14:33:24 | INFO | Rolling window size: 10
2025-09-11 14:33:24 | INFO | Sent message to topic 'smoker_csv': {'timestamp': '2025-09-11T19:33:24.625853', 'temperature': 71.6}
2025-09-11 14:33:24 | INFO | Processed JSON message: {'timestamp': '2025-09-11T19:33:24.625853', 'temperature': 71.6}
2025-09-11 14:33:24 | INFO | Rolling window size: 10
2025-09-11 14:33:29 | INFO | Sent message to topic 'smoker_csv': {'timestamp': '2025-09-11T19:33:29.628843', 'temperature': 72.0}
2025-09-11 14:33:29 | INFO | Processed JSON message: {'timestamp': '2025-09-11T19:33:29.628843', 'temperature': 72.0}
2025-09-11 14:33:29 | INFO | Rolling window size: 10
2025-09-11 14:33:34 | INFO | Sent message to topic 'smoker_csv': {'timestamp': '2025-09-11T19:33:34.635150', 'temperature': 72.4}
2025-09-11 14:33:34 | INFO | Processed JSON message: {'timestamp': '2025-09-11T19:33:34.635150', 'temperature': 72.4}
2025-09-11 14:33:34 | INFO | Rolling window size: 10
2025-09-11 14:33:39 | INFO | Sent message to topic 'smoker_csv': {'timestamp': '2025-09-11T19:33:39.640752', 'temperature': 72.8}
2025-09-11 14:33:39 | INFO | Processed JSON message: {'timestamp': '2025-09-11T19:33:39.640752', 'temperature': 72.8}
2025-09-11 14:33:39 | INFO | Rolling window size: 10
2025-09-11 14:33:44 | INFO | Sent message to topic 'smoker_csv': {'timestamp': '2025-09-11T19:33:44.642806', 'temperature': 73.2}
2025-09-11 14:33:44 | INFO | Processed JSON message: {'timestamp': '2025-09-11T19:33:44.642806', 'temperature': 73.2}
2025-09-11 14:33:44 | INFO | Rolling window size: 10
2025-09-11 14:33:49 | INFO | Sent message to topic 'smoker_csv': {'timestamp': '2025-09-11T19:33:49.648563', 'temperature': 73.6}
2025-09-11 14:33:49 | INFO | Processed JSON message: {'timestamp': '2025-09-11T19:33:49.648563', 'temperature': 73.6}
2025-09-11 14:33:49 | INFO | Rolling window size: 10
2025-09-11 14:33:54 | INFO | Sent message to topic 'smoker_csv': {'timestamp': '2025-09-11T19:33:54.654738', 'temperature': 74.0}
2025-09-11 14:33:54 | INFO | Processed JSON message: {'timestamp': '2025-09-11T19:33:54.654738', 'temperature': 74.0}
2025-09-11 14:33:54 | INFO | Rolling window size: 10
2025-09-11 14:33:54 | INFO | Max stall temperature range: 0.2 F
2025-09-11 14:33:59 | INFO | Sent message to topic 'smoker_csv': {'timestamp': '2025-09-11T19:33:59.660821', 'temperature': 74.4}
2025-09-11 14:33:59 | INFO | Processed JSON message: {'timestamp': '2025-09-11T19:33:59.660821', 'temperature': 74.4}
2025-09-11 14:33:59 | INFO | Rolling window size: 10
2025-09-11 14:33:59 | INFO | Max stall temperature range: 0.2 F
2025-09-11 14:34:04 | INFO | Sent message to topic 'smoker_csv': {'timestamp': '2025-09-11T19:34:04.665501', 'temperature': 74.8}
2025-09-11 14:34:04 | INFO | Processed JSON message: {'timestamp': '2025-09-11T19:34:04.665501', 'temperature': 74.8}
2025-09-11 14:34:04 | INFO | Rolling window size: 10
2025-09-11 14:34:04 | INFO | Max stall temperature range: 0.2 F
2025-09-11 14:34:09 | INFO | Sent message to topic 'smoker_csv': {'timestamp': '2025-09-11T19:34:09.671893', 'temperature': 75.2}
2025-09-11 14:34:09 | INFO | Processed JSON message: {'timestamp': '2025-09-11T19:34:09.671893', 'temperature': 75.2}
2025-09-11 14:34:09 | INFO | Rolling window size: 10
2025-09-11 14:34:09 | INFO | Max stall temperature range: 0.2 F
2025-09-11 14:34:14 | INFO | Sent message to topic 'smoker_csv': {'timestamp': '2025-09-11T19:34:14.680195', 'temperature': 75.6}
2025-09-11 14:34:14 | INFO | Processed JSON message: {'timestamp': '2025-09-11T19:34:14.680195', 'temperature': 75.6}
2025-09-11 14:34:14 | INFO | Rolling window size: 10
2025-09-11 14:34:14 | INFO | Max stall temperature range: 0.2 F
2025-09-11 14:34:19 | INFO | Sent message to topic 'smoker_csv': {'timestamp': '2025-09-11T19:34:19.686087', 'temperature': 76.0}
2025-09-11 14:34:19 | INFO | Processed JSON message: {'timestamp': '2025-09-11T19:34:19.686087', 'temperature': 76.0}
2025-09-11 14:34:19 | INFO | Rolling window size: 10
2025-09-11 14:34:19 | INFO | Max stall temperature range: 0.2 F
2025-09-11 14:34:24 | INFO | Sent message to topic 'smoker_csv': {'timestamp': '2025-09-11T19:34:24.696921', 'temperature': 76.4}
2025-09-11 14:34:24 | INFO | Processed JSON message: {'timestamp': '2025-09-11T19:34:24.696921', 'temperature': 76.4}
2025-09-11 14:34:24 | INFO | Rolling window size: 10
2025-09-11 14:34:24 | INFO | Max stall temperature range: 0.2 F
2025-09-11 14:34:29 | INFO | Sent message to topic 'smoker_csv': {'timestamp': '2025-09-11T19:34:29.701108', 'temperature': 76.8}
2025-09-11 14:34:29 | INFO | Processed JSON message: {'timestamp': '2025-09-11T19:34:29.701108', 'temperature': 76.8}
2025-09-11 14:34:29 | INFO | Rolling window size: 10
2025-09-11 14:34:29 | INFO | Max stall temperature range: 0.2 F
2025-09-11 14:34:34 | INFO | Sent message to topic 'smoker_csv': {'timestamp': '2025-09-11T19:34:34.707245', 'temperature': 77.2}
2025-09-11 14:34:34 | INFO | Processed JSON message: {'timestamp': '2025-09-11T19:34:34.707245', 'temperature': 77.2}
2025-09-11 14:34:34 | INFO | Rolling window size: 10
2025-09-11 14:34:34 | INFO | Max stall temperature range: 0.2 F
2025-09-11 14:34:39 | INFO | Sent message to topic 'smoker_csv': {'timestamp': '2025-09-11T19:34:39.712417', 'temperature': 77.6}
2025-09-11 14:34:39 | INFO | Processed JSON message: {'timestamp': '2025-09-11T19:34:39.712417', 'temperature': 77.6}
2025-09-11 14:34:39 | INFO | Rolling window size: 10
2025-09-11 14:34:39 | INFO | Max stall temperature range: 0.2 F
2025-09-11 14:34:44 | INFO | Sent message to topic 'smoker_csv': {'timestamp': '2025-09-11T19:34:44.716471', 'temperature': 78.0}
2025-09-11 14:34:44 | INFO | Processed JSON message: {'timestamp': '2025-09-11T19:34:44.716471', 'temperature': 78.0}
2025-09-11 14:34:44 | INFO | Rolling window size: 10
2025-09-11 14:34:44 | INFO | Max stall temperature range: 0.2 F
2025-09-11 14:34:49 | INFO | Sent message to topic 'smoker_csv': {'timestamp': '2025-09-11T19:34:49.720436', 'temperature': 78.4}
2025-09-11 14:34:49 | INFO | Processed JSON message: {'timestamp': '2025-09-11T19:34:49.720436', 'temperature': 78.4}
2025-09-11 14:34:49 | INFO | Rolling window size: 10
2025-09-11 14:34:49 | INFO | Max stall temperature range: 0.2 F
2025-09-11 14:34:54 | INFO | Sent message to topic 'smoker_csv': {'timestamp': '2025-09-11T19:34:54.722513', 'temperature': 78.8}
2025-09-11 14:34:54 | INFO | Processed JSON message: {'timestamp': '2025-09-11T19:34:54.722513', 'temperature': 78.8}
2025-09-11 14:34:54 | INFO | Rolling window size: 10
2025-09-11 14:34:54 | INFO | Max stall temperature range: 0.2 F
2025-09-11 14:34:59 | INFO | Sent message to topic 'smoker_csv': {'timestamp': '2025-09-11T19:34:59.730243', 'temperature': 79.2}
2025-09-11 14:34:59 | INFO | Processed JSON message: {'timestamp': '2025-09-11T19:34:59.730243', 'temperature': 79.2}
2025-09-11 14:34:59 | INFO | Rolling window size: 10
2025-09-11 14:34:59 | INFO | Max stall temperature range: 0.2 F
2025-09-11 14:35:04 | INFO | Sent message to topic 'smoker_csv': {'timestamp': '2025-09-11T19:35:04.735876', 'temperature': 79.6}
2025-09-11 14:35:04 | INFO | Processed JSON message: {'timestamp': '2025-09-11T19:35:04.735876', 'temperature': 79.6}
2025-09-11 14:35:04 | INFO | Rolling window size: 10
2025-09-11 14:35:04 | INFO | Max stall temperature range: 0.2 F
2025-09-11 14:35:09 | INFO | Sent message to topic 'smoker_csv': {'timestamp': '2025-09-11T19:35:09.740718', 'temperature': 80.0}
2025-09-11 14:35:09 | INFO | Processed JSON message: {'timestamp': '2025-09-11T19:35:09.740718', 'temperature': 80.0}
2025-09-11 14:35:09 | INFO | Rolling window size: 10
2025-09-11 14:35:09 | INFO | Max stall temperature range: 0.2 F
2025-09-11 14:35:14 | INFO | Sent message to topic 'smoker_csv': {'timestamp': '2025-09-11T19:35:14.748001', 'temperature': 80.4}
2025-09-11 14:35:14 | INFO | Processed JSON message: {'timestamp': '2025-09-11T19:35:14.748001', 'temperature': 80.4}
2025-09-11 14:35:14 | INFO | Rolling window size: 10
2025-09-11 14:35:14 | INFO | Max stall temperature range: 0.2 F
2025-09-11 14:35:19 | INFO | Sent message to topic 'smoker_csv': {'timestamp': '2025-09-11T19:35:19.752222', 'temperature': 80.8}
2025-09-11 14:35:19 | INFO | Processed JSON message: {'timestamp': '2025-09-11T19:35:19.752222', 'temperature': 80.8}
2025-09-11 14:35:19 | INFO | Rolling window size: 10
2025-09-11 14:35:19 | INFO | Max stall temperature range: 0.2 F
2025-09-11 14:35:24 | INFO | Processed JSON message: {'timestamp': '2025-09-11T19:35:24.757172', 'temperature': 81.2}
2025-09-11 14:35:24 | INFO | Rolling window size: 10
2025-09-11 14:35:24 | INFO | Max stall temperature range: 0.2 F
2025-09-11 14:35:24 | INFO | Sent message to topic 'smoker_csv': {'timestamp': '2025-09-11T19:35:24.757172', 'temperature': 81.2}
2025-09-11 14:35:29 | INFO | Sent message to topic 'smoker_csv': {'timestamp': '2025-09-11T19:35:29.774129', 'temperature': 81.6}
2025-09-11 14:35:29 | INFO | Processed JSON message: {'timestamp': '2025-09-11T19:35:29.774129', 'temperature': 81.6}
2025-09-11 14:35:29 | INFO | Rolling window size: 10
2025-09-11 14:35:29 | INFO | Max stall temperature range: 0.2 F
2025-09-11 14:35:34 | INFO | Sent message to topic 'smoker_csv': {'timestamp': '2025-09-11T19:35:34.778692', 'temperature': 82.0}
2025-09-11 14:35:34 | INFO | Processed JSON message: {'timestamp': '2025-09-11T19:35:34.778692', 'temperature': 82.0}
2025-09-11 14:35:34 | INFO | Rolling window size: 10
2025-09-11 14:35:34 | INFO | Max stall temperature range: 0.2 F
2025-09-11 14:35:39 | INFO | Sent message to topic 'smoker_csv': {'timestamp': '2025-09-11T19:35:39.785863', 'temperature': 82.4}
2025-09-11 14:35:39 | INFO | Processed JSON message: {'timestamp': '2025-09-11T19:35:39.785863', 'temperature': 82.4}
2025-09-11 14:35:39 | INFO | Rolling window size: 10
2025-09-11 14:35:39 | INFO | Max stall temperature range: 0.2 F
2025-09-11 14:35:44 | INFO | Sent message to topic 'smoker_csv': {'timestamp': '2025-09-11T19:35:44.790879', 'temperature': 82.8}
2025-09-11 14:35:44 | INFO | Processed JSON message: {'timestamp': '2025-09-11T19:35:44.790879', 'temperature': 82.8}
2025-09-11 14:35:44 | INFO | Rolling window size: 10
2025-09-11 14:35:44 | INFO | Max stall temperature range: 0.2 F
2025-09-11 14:35:49 | INFO | Sent message to topic 'smoker_csv': {'timestamp': '2025-09-11T19:35:49.793510', 'temperature': 83.2}
2025-09-11 14:35:49 | INFO | Processed JSON message: {'timestamp': '2025-09-11T19:35:49.793510', 'temperature': 83.2}
2025-09-11 14:35:49 | INFO | Rolling window size: 10
2025-09-11 14:35:49 | INFO | Max stall temperature range: 0.2 F
2025-09-11 14:35:54 | INFO | Sent message to topic 'smoker_csv': {'timestamp': '2025-09-11T19:35:54.801332', 'temperature': 83.6}
2025-09-11 14:35:54 | INFO | Processed JSON message: {'timestamp': '2025-09-11T19:35:54.801332', 'temperature': 83.6}
2025-09-11 14:35:54 | INFO | Rolling window size: 10
2025-09-11 14:35:54 | INFO | Max stall temperature range: 0.2 F
2025-09-11 14:35:59 | INFO | Sent message to topic 'smoker_csv': {'timestamp': '2025-09-11T19:35:59.804127', 'temperature': 84.0}
2025-09-11 14:35:59 | INFO | Processed JSON message: {'timestamp': '2025-09-11T19:35:59.804127', 'temperature': 84.0}
2025-09-11 14:35:59 | INFO | Rolling window size: 10
2025-09-11 14:35:59 | INFO | Max stall temperature range: 0.2 F
2025-09-11 14:36:04 | INFO | Sent message to topic 'smoker_csv': {'timestamp': '2025-09-11T19:36:04.810121', 'temperature': 84.4}
2025-09-11 14:36:04 | INFO | Processed JSON message: {'timestamp': '2025-09-11T19:36:04.810121', 'temperature': 84.4}
2025-09-11 14:36:04 | INFO | Rolling window size: 10
2025-09-11 14:36:04 | INFO | Max stall temperature range: 0.2 F
2025-09-11 14:36:09 | INFO | Sent message to topic 'smoker_csv': {'timestamp': '2025-09-11T19:36:09.813265', 'temperature': 84.8}
2025-09-11 14:36:09 | INFO | Processed JSON message: {'timestamp': '2025-09-11T19:36:09.813265', 'temperature': 84.8}
2025-09-11 14:36:09 | INFO | Rolling window size: 10
2025-09-11 14:36:09 | INFO | Max stall temperature range: 0.2 F
2025-09-11 14:36:14 | INFO | Sent message to topic 'smoker_csv': {'timestamp': '2025-09-11T19:36:14.820797', 'temperature': 85.2}
2025-09-11 14:36:14 | INFO | Processed JSON message: {'timestamp': '2025-09-11T19:36:14.820797', 'temperature': 85.2}
2025-09-11 14:36:14 | INFO | Rolling window size: 10
2025-09-11 14:36:14 | INFO | Max stall temperature range: 0.2 F
2025-09-11 14:36:19 | INFO | Sent message to topic 'smoker_csv': {'timestamp': '2025-09-11T19:36:19.825739', 'temperature': 85.6}
2025-09-11 14:36:19 | INFO | Processed JSON message: {'timestamp': '2025-09-11T19:36:19.825739', 'temperature': 85.6}
2025-09-11 14:36:19 | INFO | Rolling window size: 10
2025-09-11 14:36:19 | INFO | Max stall temperature range: 0.2 F
2025-09-11 14:36:24 | INFO | Sent message to topic 'smoker_csv': {'timestamp': '2025-09-11T19:36:24.830630', 'temperature': 86.0}
2025-09-11 14:36:24 | INFO | Processed JSON message: {'timestamp': '2025-09-11T19:36:24.830630', 'temperature': 86.0}
2025-09-11 14:36:24 | INFO | Rolling window size: 10
2025-09-11 14:36:24 | INFO | Max stall temperature range: 0.2 F
2025-09-11 14:36:29 | INFO | Sent message to topic 'smoker_csv': {'timestamp': '2025-09-11T19:36:29.835933', 'temperature': 86.4}
2025-09-11 14:36:29 | INFO | Processed JSON message: {'timestamp': '2025-09-11T19:36:29.835933', 'temperature': 86.4}
2025-09-11 14:36:29 | INFO | Rolling window size: 10
2025-09-11 14:36:29 | INFO | Max stall temperature range: 0.2 F
2025-09-11 14:36:34 | INFO | Sent message to topic 'smoker_csv': {'timestamp': '2025-09-11T19:36:34.840381', 'temperature': 86.8}
2025-09-11 14:36:34 | INFO | Processed JSON message: {'timestamp': '2025-09-11T19:36:34.840381', 'temperature': 86.8}
2025-09-11 14:36:34 | INFO | Rolling window size: 10
2025-09-11 14:36:34 | INFO | Max stall temperature range: 0.2 F
2025-09-11 14:36:39 | INFO | Sent message to topic 'smoker_csv': {'timestamp': '2025-09-11T19:36:39.845655', 'temperature': 87.2}
2025-09-11 14:36:39 | INFO | Processed JSON message: {'timestamp': '2025-09-11T19:36:39.845655', 'temperature': 87.2}
2025-09-11 14:36:39 | INFO | Rolling window size: 10
2025-09-11 14:36:39 | INFO | Max stall temperature range: 0.2 F
2025-09-11 14:36:44 | INFO | Sent message to topic 'smoker_csv': {'timestamp': '2025-09-11T19:36:44.846987', 'temperature': 87.6}
2025-09-11 14:36:44 | INFO | Processed JSON message: {'timestamp': '2025-09-11T19:36:44.846987', 'temperature': 87.6}
2025-09-11 14:36:44 | INFO | Rolling window size: 10
2025-09-11 14:36:44 | INFO | Max stall temperature range: 0.2 F
2025-09-11 14:36:49 | INFO | Sent message to topic 'smoker_csv': {'timestamp': '2025-09-11T19:36:49.853325', 'temperature': 88.0}
2025-09-11 14:36:49 | INFO | Processed JSON message: {'timestamp': '2025-09-11T19:36:49.853325', 'temperature': 88.0}
2025-09-11 14:36:49 | INFO | Rolling window size: 10
2025-09-11 14:36:49 | INFO | Max stall temperature range: 0.2 F
2025-09-11 14:36:54 | INFO | Sent message to topic 'smoker_csv': {'timestamp': '2025-09-11T19:36:54.857770', 'temperature': 88.4}
2025-09-11 14:36:54 | INFO | Processed JSON message: {'timestamp': '2025-09-11T19:36:54.857770', 'temperature': 88.4}
2025-09-11 14:36:54 | INFO | Rolling window size: 10
2025-09-11 14:36:54 | INFO | Max stall temperature range: 0.2 F
2025-09-11 14:36:59 | INFO | Sent message to topic 'smoker_csv': {'timestamp': '2025-09-11T19:36:59.863354', 'temperature': 88.8}
2025-09-11 14:36:59 | INFO | Processed JSON message: {'timestamp': '2025-09-11T19:36:59.863354', 'temperature': 88.8}
2025-09-11 14:36:59 | INFO | Rolling window size: 10
2025-09-11 14:36:59 | INFO | Max stall temperature range: 0.2 F
2025-09-11 14:37:04 | INFO | Sent message to topic 'smoker_csv': {'timestamp': '2025-09-11T19:37:04.869394', 'temperature': 89.2}
2025-09-11 14:37:04 | INFO | Processed JSON message: {'timestamp': '2025-09-11T19:37:04.869394', 'temperature': 89.2}
2025-09-11 14:37:04 | INFO | Rolling window size: 10
2025-09-11 14:37:04 | INFO | Max stall temperature range: 0.2 F
2025-09-11 14:37:09 | INFO | Logging to file: logs/project_log.log
2025-09-11 14:37:09 | INFO | Log sanitization enabled, personal info removed
2025-09-11 14:37:09 | INFO | Project root: PROJECT_ROOT
2025-09-11 14:37:09 | INFO | Data folder: PROJECT_ROOT/data
2025-09-11 14:37:09 | INFO | Data file: PROJECT_ROOT/data/buzz.json
2025-09-11 14:37:09 | INFO | START producer.
2025-09-11 14:37:09 | INFO | Kafka broker address: localhost:9092
2025-09-11 14:37:09 | INFO | Kafka is ready. Brokers: {'throttle_time_ms': 0, 'brokers': [{'node_id': 1, 'host': 'localhost', 'port': 9092, 'rack': None}], 'cluster_id': 'JjY4WKawQ-GFC8VniCM2Xw', 'controller_id': 1}
2025-09-11 14:37:09 | INFO | Kafka topic: buzzline_json
2025-09-11 14:37:09 | INFO | Message interval: 1 seconds
2025-09-11 14:37:09 | INFO | Kafka broker address: localhost:9092
2025-09-11 14:37:09 | INFO | Connecting to Kafka broker at localhost:9092...
2025-09-11 14:37:09 | INFO | Kafka producer successfully created.
2025-09-11 14:37:09 | INFO | Kafka broker address: localhost:9092
2025-09-11 14:37:09 | INFO | Sent message to topic 'smoker_csv': {'timestamp': '2025-09-11T19:37:09.874450', 'temperature': 89.6}
2025-09-11 14:37:09 | INFO | Processed JSON message: {'timestamp': '2025-09-11T19:37:09.874450', 'temperature': 89.6}
2025-09-11 14:37:09 | INFO | Rolling window size: 10
2025-09-11 14:37:09 | INFO | Max stall temperature range: 0.2 F
2025-09-11 14:37:10 | INFO | Topic 'buzzline_json' already exists. Recreating fresh...
2025-09-11 14:37:10 | INFO | Requested deletion of topic 'buzzline_json'.
2025-09-11 14:37:10 | INFO | Topic 'buzzline_json' created successfully.
2025-09-11 14:37:10 | INFO | Kafka topic 'buzzline_json' is ready.
2025-09-11 14:37:10 | INFO | Starting message production to topic 'buzzline_json'...
2025-09-11 14:37:10 | INFO | Opening data file in read mode: PROJECT_ROOT/data/buzz.json
2025-09-11 14:37:10 | INFO | Reading data from file: PROJECT_ROOT/data/buzz.json
2025-09-11 14:37:10 | ERROR | Unexpected error in message generation: name 'csv' is not defined
2025-09-11 14:37:10 | INFO | Kafka producer closed.
2025-09-11 14:37:14 | INFO | Sent message to topic 'smoker_csv': {'timestamp': '2025-09-11T19:37:14.880976', 'temperature': 90.0}
2025-09-11 14:37:14 | INFO | Processed JSON message: {'timestamp': '2025-09-11T19:37:14.880976', 'temperature': 90.0}
2025-09-11 14:37:14 | INFO | Rolling window size: 10
2025-09-11 14:37:14 | INFO | Max stall temperature range: 0.2 F
2025-09-11 14:37:19 | INFO | Sent message to topic 'smoker_csv': {'timestamp': '2025-09-11T19:37:19.887588', 'temperature': 90.4}
2025-09-11 14:37:19 | INFO | Processed JSON message: {'timestamp': '2025-09-11T19:37:19.887588', 'temperature': 90.4}
2025-09-11 14:37:19 | INFO | Rolling window size: 10
2025-09-11 14:37:19 | INFO | Max stall temperature range: 0.2 F
2025-09-11 14:37:24 | INFO | Sent message to topic 'smoker_csv': {'timestamp': '2025-09-11T19:37:24.892318', 'temperature': 90.8}
2025-09-11 14:37:24 | INFO | Processed JSON message: {'timestamp': '2025-09-11T19:37:24.892318', 'temperature': 90.8}
2025-09-11 14:37:24 | INFO | Rolling window size: 10
2025-09-11 14:37:24 | INFO | Max stall temperature range: 0.2 F
2025-09-11 14:37:29 | INFO | Sent message to topic 'smoker_csv': {'timestamp': '2025-09-11T19:37:29.893102', 'temperature': 91.2}
2025-09-11 14:37:29 | INFO | Processed JSON message: {'timestamp': '2025-09-11T19:37:29.893102', 'temperature': 91.2}
2025-09-11 14:37:29 | INFO | Rolling window size: 10
2025-09-11 14:37:29 | INFO | Max stall temperature range: 0.2 F
2025-09-11 14:37:34 | INFO | Sent message to topic 'smoker_csv': {'timestamp': '2025-09-11T19:37:34.897031', 'temperature': 91.6}
2025-09-11 14:37:34 | INFO | Processed JSON message: {'timestamp': '2025-09-11T19:37:34.897031', 'temperature': 91.6}
2025-09-11 14:37:34 | INFO | Rolling window size: 10
2025-09-11 14:37:34 | INFO | Max stall temperature range: 0.2 F
2025-09-11 14:37:39 | INFO | Sent message to topic 'smoker_csv': {'timestamp': '2025-09-11T19:37:39.903676', 'temperature': 92.0}
2025-09-11 14:37:39 | INFO | Processed JSON message: {'timestamp': '2025-09-11T19:37:39.903676', 'temperature': 92.0}
2025-09-11 14:37:39 | INFO | Rolling window size: 10
2025-09-11 14:37:39 | INFO | Max stall temperature range: 0.2 F
2025-09-11 14:37:44 | INFO | Sent message to topic 'smoker_csv': {'timestamp': '2025-09-11T19:37:44.905937', 'temperature': 92.4}
2025-09-11 14:37:44 | INFO | Processed JSON message: {'timestamp': '2025-09-11T19:37:44.905937', 'temperature': 92.4}
2025-09-11 14:37:44 | INFO | Rolling window size: 10
2025-09-11 14:37:44 | INFO | Max stall temperature range: 0.2 F
2025-09-11 14:37:49 | INFO | Sent message to topic 'smoker_csv': {'timestamp': '2025-09-11T19:37:49.914049', 'temperature': 92.8}
2025-09-11 14:37:49 | INFO | Processed JSON message: {'timestamp': '2025-09-11T19:37:49.914049', 'temperature': 92.8}
2025-09-11 14:37:49 | INFO | Rolling window size: 10
2025-09-11 14:37:49 | INFO | Max stall temperature range: 0.2 F
2025-09-11 14:37:54 | INFO | Sent message to topic 'smoker_csv': {'timestamp': '2025-09-11T19:37:54.919500', 'temperature': 93.2}
2025-09-11 14:37:54 | INFO | Processed JSON message: {'timestamp': '2025-09-11T19:37:54.919500', 'temperature': 93.2}
2025-09-11 14:37:54 | INFO | Rolling window size: 10
2025-09-11 14:37:54 | INFO | Max stall temperature range: 0.2 F
2025-09-11 14:37:59 | INFO | Sent message to topic 'smoker_csv': {'timestamp': '2025-09-11T19:37:59.924256', 'temperature': 93.6}
2025-09-11 14:37:59 | INFO | Processed JSON message: {'timestamp': '2025-09-11T19:37:59.924256', 'temperature': 93.6}
2025-09-11 14:37:59 | INFO | Rolling window size: 10
2025-09-11 14:37:59 | INFO | Max stall temperature range: 0.2 F
2025-09-11 14:38:04 | INFO | Sent message to topic 'smoker_csv': {'timestamp': '2025-09-11T19:38:04.927737', 'temperature': 94.0}
2025-09-11 14:38:04 | INFO | Processed JSON message: {'timestamp': '2025-09-11T19:38:04.927737', 'temperature': 94.0}
2025-09-11 14:38:04 | INFO | Rolling window size: 10
2025-09-11 14:38:04 | INFO | Max stall temperature range: 0.2 F
2025-09-11 14:38:09 | INFO | Processed JSON message: {'timestamp': '2025-09-11T19:38:09.933507', 'temperature': 94.4}
2025-09-11 14:38:09 | INFO | Sent message to topic 'smoker_csv': {'timestamp': '2025-09-11T19:38:09.933507', 'temperature': 94.4}
2025-09-11 14:38:09 | INFO | Rolling window size: 10
2025-09-11 14:38:09 | INFO | Max stall temperature range: 0.2 F
2025-09-11 14:38:14 | INFO | Sent message to topic 'smoker_csv': {'timestamp': '2025-09-11T19:38:14.941239', 'temperature': 94.8}
2025-09-11 14:38:14 | INFO | Processed JSON message: {'timestamp': '2025-09-11T19:38:14.941239', 'temperature': 94.8}
2025-09-11 14:38:14 | INFO | Rolling window size: 10
2025-09-11 14:38:14 | INFO | Max stall temperature range: 0.2 F
2025-09-11 14:38:19 | INFO | Sent message to topic 'smoker_csv': {'timestamp': '2025-09-11T19:38:19.944267', 'temperature': 95.2}
2025-09-11 14:38:19 | INFO | Processed JSON message: {'timestamp': '2025-09-11T19:38:19.944267', 'temperature': 95.2}
2025-09-11 14:38:19 | INFO | Rolling window size: 10
2025-09-11 14:38:19 | INFO | Max stall temperature range: 0.2 F
2025-09-11 14:38:24 | INFO | Sent message to topic 'smoker_csv': {'timestamp': '2025-09-11T19:38:24.947692', 'temperature': 95.6}
2025-09-11 14:38:24 | INFO | Processed JSON message: {'timestamp': '2025-09-11T19:38:24.947692', 'temperature': 95.6}
2025-09-11 14:38:24 | INFO | Rolling window size: 10
