2025-09-11 15:15:58 | INFO | Processed JSON message: {'timestamp': '2025-09-11T20:15:58.584041', 'machine_id': 'Traeger', 'temperature': 107.2}
2025-09-11 15:15:58 | INFO | Rolling window size: 10
2025-09-11 15:15:58 | INFO | Max stall temperature range: 0.2 F
2025-09-11 15:15:59 | INFO | Sent message to topic 'buzzline_json': {'message': 'Buzz messages for everyone.', 'author': 'Bob'}
2025-09-11 15:15:59 | INFO | Processed JSON message: {'message': 'Buzz messages for everyone.', 'author': 'Bob'}
2025-09-11 15:15:59 | INFO | Message received from author: Bob
2025-09-11 15:15:59 | INFO | Updated author counts: {'Eve': 380, 'Alice': 538, 'Charlie': 335, 'Diana': 605, 'Bob': 380}
2025-09-11 15:16:00 | INFO | Sent message to topic 'buzzline_json': {'message': 'Streaming data is fun.', 'author': 'Diana'}
2025-09-11 15:16:00 | INFO | Processed JSON message: {'message': 'Streaming data is fun.', 'author': 'Diana'}
2025-09-11 15:16:00 | INFO | Message received from author: Diana
2025-09-11 15:16:00 | INFO | Updated author counts: {'Eve': 380, 'Alice': 538, 'Charlie': 335, 'Diana': 606, 'Bob': 380}
2025-09-11 15:16:01 | INFO | Sent message to topic 'buzzline_json': {'message': 'Have a great day!', 'author': 'Diana'}
2025-09-11 15:16:01 | INFO | Processed JSON message: {'message': 'Have a great day!', 'author': 'Diana'}
2025-09-11 15:16:01 | INFO | Message received from author: Diana
2025-09-11 15:16:01 | INFO | Updated author counts: {'Eve': 380, 'Alice': 538, 'Charlie': 335, 'Diana': 607, 'Bob': 380}
2025-09-11 15:16:02 | INFO | Sent message to topic 'buzzline_json': {'message': 'I love Python!', 'author': 'Alice'}
2025-09-11 15:16:02 | INFO | Processed JSON message: {'message': 'I love Python!', 'author': 'Alice'}
2025-09-11 15:16:02 | INFO | Message received from author: Alice
2025-09-11 15:16:02 | INFO | Updated author counts: {'Eve': 380, 'Alice': 539, 'Charlie': 335, 'Diana': 607, 'Bob': 380}
2025-09-11 15:16:03 | INFO | Sent message to topic 'buzzline_json': {'message': 'Streaming data is fun.', 'author': 'Charlie'}
2025-09-11 15:16:03 | INFO | Processed JSON message: {'message': 'Streaming data is fun.', 'author': 'Charlie'}
2025-09-11 15:16:03 | INFO | Message received from author: Charlie
2025-09-11 15:16:03 | INFO | Updated author counts: {'Eve': 380, 'Alice': 539, 'Charlie': 336, 'Diana': 607, 'Bob': 380}
2025-09-11 15:16:03 | INFO | Sent message to topic 'smoker_csv': {'timestamp': '2025-09-11T20:16:03.588357', 'machine_id': 'GreenEgg 1', 'temperature': 107.6}
2025-09-11 15:16:03 | INFO | Processed JSON message: {'timestamp': '2025-09-11T20:16:03.588357', 'machine_id': 'GreenEgg 1', 'temperature': 107.6}
2025-09-11 15:16:03 | INFO | Rolling window size: 10
2025-09-11 15:16:03 | INFO | Max stall temperature range: 0.2 F
2025-09-11 15:16:04 | INFO | Sent message to topic 'buzzline_json': {'message': 'Kafka is awesome.', 'author': 'Alice'}
2025-09-11 15:16:04 | INFO | Processed JSON message: {'message': 'Kafka is awesome.', 'author': 'Alice'}
2025-09-11 15:16:04 | INFO | Message received from author: Alice
2025-09-11 15:16:04 | INFO | Updated author counts: {'Eve': 380, 'Alice': 540, 'Charlie': 336, 'Diana': 607, 'Bob': 380}
2025-09-11 15:16:05 | INFO | Sent message to topic 'buzzline_json': {'message': 'Kafka is awesome.', 'author': 'Diana'}
2025-09-11 15:16:05 | INFO | Processed JSON message: {'message': 'Kafka is awesome.', 'author': 'Diana'}
2025-09-11 15:16:05 | INFO | Message received from author: Diana
2025-09-11 15:16:05 | INFO | Updated author counts: {'Eve': 380, 'Alice': 540, 'Charlie': 336, 'Diana': 608, 'Bob': 380}
2025-09-11 15:16:06 | INFO | Sent message to topic 'buzzline_json': {'message': 'Kafka is awesome.', 'author': 'Alice'}
2025-09-11 15:16:06 | INFO | Processed JSON message: {'message': 'Kafka is awesome.', 'author': 'Alice'}
2025-09-11 15:16:06 | INFO | Message received from author: Alice
2025-09-11 15:16:06 | INFO | Updated author counts: {'Eve': 380, 'Alice': 541, 'Charlie': 336, 'Diana': 608, 'Bob': 380}
2025-09-11 15:16:07 | INFO | Sent message to topic 'buzzline_json': {'message': 'JSON makes life easier.', 'author': 'Bob'}
2025-09-11 15:16:07 | INFO | Processed JSON message: {'message': 'JSON makes life easier.', 'author': 'Bob'}
2025-09-11 15:16:07 | INFO | Message received from author: Bob
2025-09-11 15:16:07 | INFO | Updated author counts: {'Eve': 380, 'Alice': 541, 'Charlie': 336, 'Diana': 608, 'Bob': 381}
2025-09-11 15:16:08 | INFO | Sent message to topic 'buzzline_json': {'message': 'This is a buzz message.', 'author': 'Bob'}
2025-09-11 15:16:08 | INFO | Processed JSON message: {'message': 'This is a buzz message.', 'author': 'Bob'}
2025-09-11 15:16:08 | INFO | Message received from author: Bob
2025-09-11 15:16:08 | INFO | Updated author counts: {'Eve': 380, 'Alice': 541, 'Charlie': 336, 'Diana': 608, 'Bob': 382}
2025-09-11 15:16:08 | INFO | Sent message to topic 'smoker_csv': {'timestamp': '2025-09-11T20:16:08.595962', 'machine_id': 'GreenEgg 2', 'temperature': 108.0}
2025-09-11 15:16:08 | INFO | Processed JSON message: {'timestamp': '2025-09-11T20:16:08.595962', 'machine_id': 'GreenEgg 2', 'temperature': 108.0}
2025-09-11 15:16:08 | INFO | Rolling window size: 10
2025-09-11 15:16:08 | INFO | Max stall temperature range: 0.2 F
2025-09-11 15:16:09 | INFO | Sent message to topic 'buzzline_json': {'message': 'Streaming data is fun.', 'author': 'Diana'}
2025-09-11 15:16:09 | INFO | Processed JSON message: {'message': 'Streaming data is fun.', 'author': 'Diana'}
2025-09-11 15:16:09 | INFO | Message received from author: Diana
2025-09-11 15:16:09 | INFO | Updated author counts: {'Eve': 380, 'Alice': 541, 'Charlie': 336, 'Diana': 609, 'Bob': 382}
2025-09-11 15:16:10 | INFO | Sent message to topic 'buzzline_json': {'message': 'Have a great day!', 'author': 'Bob'}
2025-09-11 15:16:10 | INFO | Processed JSON message: {'message': 'Have a great day!', 'author': 'Bob'}
2025-09-11 15:16:10 | INFO | Message received from author: Bob
2025-09-11 15:16:10 | INFO | Updated author counts: {'Eve': 380, 'Alice': 541, 'Charlie': 336, 'Diana': 609, 'Bob': 383}
2025-09-11 15:16:11 | INFO | Sent message to topic 'buzzline_json': {'message': 'This is a buzz message.', 'author': 'Eve'}
2025-09-11 15:16:11 | INFO | Processed JSON message: {'message': 'This is a buzz message.', 'author': 'Eve'}
2025-09-11 15:16:11 | INFO | Message received from author: Eve
2025-09-11 15:16:11 | INFO | Updated author counts: {'Eve': 381, 'Alice': 541, 'Charlie': 336, 'Diana': 609, 'Bob': 383}
2025-09-11 15:16:12 | INFO | Sent message to topic 'buzzline_json': {'message': 'Hello, Kafka world!', 'author': 'Bob'}
2025-09-11 15:16:12 | INFO | Processed JSON message: {'message': 'Hello, Kafka world!', 'author': 'Bob'}
2025-09-11 15:16:12 | INFO | Message received from author: Bob
2025-09-11 15:16:12 | INFO | Updated author counts: {'Eve': 381, 'Alice': 541, 'Charlie': 336, 'Diana': 609, 'Bob': 384}
2025-09-11 15:16:13 | INFO | Sent message to topic 'buzzline_json': {'message': 'This is a buzz message.', 'author': 'Alice'}
2025-09-11 15:16:13 | INFO | Processed JSON message: {'message': 'This is a buzz message.', 'author': 'Alice'}
2025-09-11 15:16:13 | INFO | Message received from author: Alice
2025-09-11 15:16:13 | INFO | Updated author counts: {'Eve': 381, 'Alice': 542, 'Charlie': 336, 'Diana': 609, 'Bob': 384}
2025-09-11 15:16:13 | INFO | Sent message to topic 'smoker_csv': {'timestamp': '2025-09-11T20:16:13.599859', 'machine_id': 'Traeger', 'temperature': 108.4}
2025-09-11 15:16:13 | INFO | Processed JSON message: {'timestamp': '2025-09-11T20:16:13.599859', 'machine_id': 'Traeger', 'temperature': 108.4}
2025-09-11 15:16:13 | INFO | Rolling window size: 10
2025-09-11 15:16:13 | INFO | Max stall temperature range: 0.2 F
2025-09-11 15:16:14 | INFO | Sent message to topic 'buzzline_json': {'message': 'Streaming data is fun.', 'author': 'Eve'}
2025-09-11 15:16:14 | INFO | Processed JSON message: {'message': 'Streaming data is fun.', 'author': 'Eve'}
2025-09-11 15:16:14 | INFO | Message received from author: Eve
2025-09-11 15:16:14 | INFO | Updated author counts: {'Eve': 382, 'Alice': 542, 'Charlie': 336, 'Diana': 609, 'Bob': 384}
2025-09-11 15:16:15 | INFO | Sent message to topic 'buzzline_json': {'message': 'Kafka is awesome.', 'author': 'Alice'}
2025-09-11 15:16:15 | INFO | Processed JSON message: {'message': 'Kafka is awesome.', 'author': 'Alice'}
2025-09-11 15:16:15 | INFO | Message received from author: Alice
2025-09-11 15:16:15 | INFO | Updated author counts: {'Eve': 382, 'Alice': 543, 'Charlie': 336, 'Diana': 609, 'Bob': 384}
2025-09-11 15:16:16 | INFO | Sent message to topic 'buzzline_json': {'message': 'JSON makes life easier.', 'author': 'Bob'}
2025-09-11 15:16:16 | INFO | Processed JSON message: {'message': 'JSON makes life easier.', 'author': 'Bob'}
2025-09-11 15:16:16 | INFO | Message received from author: Bob
2025-09-11 15:16:16 | INFO | Updated author counts: {'Eve': 382, 'Alice': 543, 'Charlie': 336, 'Diana': 609, 'Bob': 385}
2025-09-11 15:16:17 | INFO | Sent message to topic 'buzzline_json': {'message': 'This is a buzz message.', 'author': 'Charlie'}
2025-09-11 15:16:17 | INFO | Processed JSON message: {'message': 'This is a buzz message.', 'author': 'Charlie'}
2025-09-11 15:16:17 | INFO | Message received from author: Charlie
2025-09-11 15:16:17 | INFO | Updated author counts: {'Eve': 382, 'Alice': 543, 'Charlie': 337, 'Diana': 609, 'Bob': 385}
2025-09-11 15:16:18 | INFO | Sent message to topic 'buzzline_json': {'message': 'Have a great day!', 'author': 'Diana'}
2025-09-11 15:16:18 | INFO | Processed JSON message: {'message': 'Have a great day!', 'author': 'Diana'}
2025-09-11 15:16:18 | INFO | Message received from author: Diana
2025-09-11 15:16:18 | INFO | Updated author counts: {'Eve': 382, 'Alice': 543, 'Charlie': 337, 'Diana': 610, 'Bob': 385}
2025-09-11 15:16:18 | INFO | Sent message to topic 'smoker_csv': {'timestamp': '2025-09-11T20:16:18.604690', 'machine_id': 'GreenEgg 1', 'temperature': 108.8}
2025-09-11 15:16:18 | INFO | Processed JSON message: {'timestamp': '2025-09-11T20:16:18.604690', 'machine_id': 'GreenEgg 1', 'temperature': 108.8}
2025-09-11 15:16:18 | INFO | Rolling window size: 10
2025-09-11 15:16:18 | INFO | Max stall temperature range: 0.2 F
2025-09-11 15:16:19 | INFO | Sent message to topic 'buzzline_json': {'message': 'Distributed systems are fascinating.', 'author': 'Bob'}
2025-09-11 15:16:19 | INFO | Processed JSON message: {'message': 'Distributed systems are fascinating.', 'author': 'Bob'}
2025-09-11 15:16:19 | INFO | Message received from author: Bob
2025-09-11 15:16:19 | INFO | Updated author counts: {'Eve': 382, 'Alice': 543, 'Charlie': 337, 'Diana': 610, 'Bob': 386}
2025-09-11 15:16:20 | INFO | Sent message to topic 'buzzline_json': {'message': 'Kafka is awesome.', 'author': 'Alice'}
2025-09-11 15:16:20 | INFO | Processed JSON message: {'message': 'Kafka is awesome.', 'author': 'Alice'}
2025-09-11 15:16:20 | INFO | Message received from author: Alice
2025-09-11 15:16:20 | INFO | Updated author counts: {'Eve': 382, 'Alice': 544, 'Charlie': 337, 'Diana': 610, 'Bob': 386}
2025-09-11 15:16:21 | INFO | Sent message to topic 'buzzline_json': {'message': 'Streaming data is fun.', 'author': 'Alice'}
2025-09-11 15:16:21 | INFO | Processed JSON message: {'message': 'Streaming data is fun.', 'author': 'Alice'}
2025-09-11 15:16:21 | INFO | Message received from author: Alice
2025-09-11 15:16:21 | INFO | Updated author counts: {'Eve': 382, 'Alice': 545, 'Charlie': 337, 'Diana': 610, 'Bob': 386}
2025-09-11 15:16:22 | INFO | Sent message to topic 'buzzline_json': {'message': 'Have a great day!', 'author': 'Diana'}
2025-09-11 15:16:22 | INFO | Processed JSON message: {'message': 'Have a great day!', 'author': 'Diana'}
2025-09-11 15:16:22 | INFO | Message received from author: Diana
2025-09-11 15:16:22 | INFO | Updated author counts: {'Eve': 382, 'Alice': 545, 'Charlie': 337, 'Diana': 611, 'Bob': 386}
2025-09-11 15:16:23 | INFO | Sent message to topic 'buzzline_json': {'message': 'Streaming data is fun.', 'author': 'Alice'}
2025-09-11 15:16:23 | INFO | Processed JSON message: {'message': 'Streaming data is fun.', 'author': 'Alice'}
2025-09-11 15:16:23 | INFO | Message received from author: Alice
2025-09-11 15:16:23 | INFO | Updated author counts: {'Eve': 382, 'Alice': 546, 'Charlie': 337, 'Diana': 611, 'Bob': 386}
2025-09-11 15:16:23 | INFO | Sent message to topic 'smoker_csv': {'timestamp': '2025-09-11T20:16:23.607656', 'machine_id': 'GreenEgg 2', 'temperature': 109.2}
2025-09-11 15:16:23 | INFO | Processed JSON message: {'timestamp': '2025-09-11T20:16:23.607656', 'machine_id': 'GreenEgg 2', 'temperature': 109.2}
2025-09-11 15:16:23 | INFO | Rolling window size: 10
2025-09-11 15:16:23 | INFO | Max stall temperature range: 0.2 F
2025-09-11 15:16:24 | INFO | Sent message to topic 'buzzline_json': {'message': 'This is a buzz message.', 'author': 'Diana'}
2025-09-11 15:16:24 | INFO | Processed JSON message: {'message': 'This is a buzz message.', 'author': 'Diana'}
2025-09-11 15:16:24 | INFO | Message received from author: Diana
2025-09-11 15:16:24 | INFO | Updated author counts: {'Eve': 382, 'Alice': 546, 'Charlie': 337, 'Diana': 612, 'Bob': 386}
2025-09-11 15:16:25 | INFO | Sent message to topic 'buzzline_json': {'message': 'Data engineering is my passion.', 'author': 'Bob'}
2025-09-11 15:16:25 | INFO | Processed JSON message: {'message': 'Data engineering is my passion.', 'author': 'Bob'}
2025-09-11 15:16:25 | INFO | Message received from author: Bob
2025-09-11 15:16:25 | INFO | Updated author counts: {'Eve': 382, 'Alice': 546, 'Charlie': 337, 'Diana': 612, 'Bob': 387}
2025-09-11 15:16:26 | INFO | Sent message to topic 'buzzline_json': {'message': 'Have a great day!', 'author': 'Diana'}
2025-09-11 15:16:26 | INFO | Processed JSON message: {'message': 'Have a great day!', 'author': 'Diana'}
2025-09-11 15:16:26 | INFO | Message received from author: Diana
2025-09-11 15:16:26 | INFO | Updated author counts: {'Eve': 382, 'Alice': 546, 'Charlie': 337, 'Diana': 613, 'Bob': 387}
2025-09-11 15:16:27 | INFO | Sent message to topic 'buzzline_json': {'message': 'Kafka is awesome.', 'author': 'Alice'}
2025-09-11 15:16:27 | INFO | Processed JSON message: {'message': 'Kafka is awesome.', 'author': 'Alice'}
2025-09-11 15:16:27 | INFO | Message received from author: Alice
2025-09-11 15:16:27 | INFO | Updated author counts: {'Eve': 382, 'Alice': 547, 'Charlie': 337, 'Diana': 613, 'Bob': 387}
2025-09-11 15:16:28 | INFO | Processed JSON message: {'message': 'Kafka is awesome.', 'author': 'Eve'}
2025-09-11 15:16:28 | INFO | Message received from author: Eve
2025-09-11 15:16:28 | INFO | Updated author counts: {'Eve': 383, 'Alice': 547, 'Charlie': 337, 'Diana': 613, 'Bob': 387}
2025-09-11 15:16:28 | INFO | Sent message to topic 'buzzline_json': {'message': 'Kafka is awesome.', 'author': 'Eve'}
2025-09-11 15:16:28 | INFO | Processed JSON message: {'timestamp': '2025-09-11T20:16:28.616223', 'machine_id': 'Traeger', 'temperature': 109.6}
2025-09-11 15:16:28 | INFO | Rolling window size: 10
2025-09-11 15:16:28 | INFO | Max stall temperature range: 0.2 F
2025-09-11 15:16:28 | INFO | Sent message to topic 'smoker_csv': {'timestamp': '2025-09-11T20:16:28.616223', 'machine_id': 'Traeger', 'temperature': 109.6}
2025-09-11 15:16:29 | INFO | Sent message to topic 'buzzline_json': {'message': 'Have a great day!', 'author': 'Diana'}
2025-09-11 15:16:29 | INFO | Processed JSON message: {'message': 'Have a great day!', 'author': 'Diana'}
2025-09-11 15:16:29 | INFO | Message received from author: Diana
2025-09-11 15:16:29 | INFO | Updated author counts: {'Eve': 383, 'Alice': 547, 'Charlie': 337, 'Diana': 614, 'Bob': 387}
2025-09-11 15:16:30 | INFO | Sent message to topic 'buzzline_json': {'message': 'Buzz messages for everyone.', 'author': 'Charlie'}
2025-09-11 15:16:30 | INFO | Processed JSON message: {'message': 'Buzz messages for everyone.', 'author': 'Charlie'}
2025-09-11 15:16:30 | INFO | Message received from author: Charlie
2025-09-11 15:16:30 | INFO | Updated author counts: {'Eve': 383, 'Alice': 547, 'Charlie': 338, 'Diana': 614, 'Bob': 387}
2025-09-11 15:16:31 | INFO | Sent message to topic 'buzzline_json': {'message': 'This is a buzz message.', 'author': 'Charlie'}
2025-09-11 15:16:31 | INFO | Processed JSON message: {'message': 'This is a buzz message.', 'author': 'Charlie'}
2025-09-11 15:16:31 | INFO | Message received from author: Charlie
2025-09-11 15:16:31 | INFO | Updated author counts: {'Eve': 383, 'Alice': 547, 'Charlie': 339, 'Diana': 614, 'Bob': 387}
2025-09-11 15:16:32 | INFO | Sent message to topic 'buzzline_json': {'message': 'Streaming data is fun.', 'author': 'Alice'}
2025-09-11 15:16:32 | INFO | Processed JSON message: {'message': 'Streaming data is fun.', 'author': 'Alice'}
2025-09-11 15:16:32 | INFO | Message received from author: Alice
2025-09-11 15:16:32 | INFO | Updated author counts: {'Eve': 383, 'Alice': 548, 'Charlie': 339, 'Diana': 614, 'Bob': 387}
2025-09-11 15:16:33 | INFO | Sent message to topic 'buzzline_json': {'message': 'Hello, Kafka world!', 'author': 'Diana'}
2025-09-11 15:16:33 | INFO | Processed JSON message: {'message': 'Hello, Kafka world!', 'author': 'Diana'}
2025-09-11 15:16:33 | INFO | Message received from author: Diana
2025-09-11 15:16:33 | INFO | Updated author counts: {'Eve': 383, 'Alice': 548, 'Charlie': 339, 'Diana': 615, 'Bob': 387}
2025-09-11 15:16:33 | INFO | Sent message to topic 'smoker_csv': {'timestamp': '2025-09-11T20:16:33.621614', 'machine_id': 'GreenEgg 1', 'temperature': 110.0}
2025-09-11 15:16:33 | INFO | Processed JSON message: {'timestamp': '2025-09-11T20:16:33.621614', 'machine_id': 'GreenEgg 1', 'temperature': 110.0}
2025-09-11 15:16:33 | INFO | Rolling window size: 10
2025-09-11 15:16:33 | INFO | Max stall temperature range: 0.2 F
2025-09-11 15:16:34 | INFO | Sent message to topic 'buzzline_json': {'message': 'Kafka is awesome.', 'author': 'Bob'}
2025-09-11 15:16:34 | INFO | Processed JSON message: {'message': 'Kafka is awesome.', 'author': 'Bob'}
2025-09-11 15:16:34 | INFO | Message received from author: Bob
2025-09-11 15:16:34 | INFO | Updated author counts: {'Eve': 383, 'Alice': 548, 'Charlie': 339, 'Diana': 615, 'Bob': 388}
2025-09-11 15:16:35 | INFO | Sent message to topic 'buzzline_json': {'message': 'I love Python!', 'author': 'Eve'}
2025-09-11 15:16:35 | INFO | Processed JSON message: {'message': 'I love Python!', 'author': 'Eve'}
2025-09-11 15:16:35 | INFO | Message received from author: Eve
2025-09-11 15:16:35 | INFO | Updated author counts: {'Eve': 384, 'Alice': 548, 'Charlie': 339, 'Diana': 615, 'Bob': 388}
2025-09-11 15:16:36 | INFO | Processed JSON message: {'message': 'JSON makes life easier.', 'author': 'Charlie'}
2025-09-11 15:16:36 | INFO | Message received from author: Charlie
2025-09-11 15:16:36 | INFO | Updated author counts: {'Eve': 384, 'Alice': 548, 'Charlie': 340, 'Diana': 615, 'Bob': 388}
2025-09-11 15:16:36 | INFO | Sent message to topic 'buzzline_json': {'message': 'JSON makes life easier.', 'author': 'Charlie'}
2025-09-11 15:16:37 | INFO | Sent message to topic 'buzzline_json': {'message': 'I love Python!', 'author': 'Charlie'}
2025-09-11 15:16:37 | INFO | Processed JSON message: {'message': 'I love Python!', 'author': 'Charlie'}
2025-09-11 15:16:37 | INFO | Message received from author: Charlie
2025-09-11 15:16:37 | INFO | Updated author counts: {'Eve': 384, 'Alice': 548, 'Charlie': 341, 'Diana': 615, 'Bob': 388}
2025-09-11 15:16:38 | INFO | Sent message to topic 'buzzline_json': {'message': 'I love Python!', 'author': 'Charlie'}
2025-09-11 15:16:38 | INFO | Processed JSON message: {'message': 'I love Python!', 'author': 'Charlie'}
2025-09-11 15:16:38 | INFO | Message received from author: Charlie
2025-09-11 15:16:38 | INFO | Updated author counts: {'Eve': 384, 'Alice': 548, 'Charlie': 342, 'Diana': 615, 'Bob': 388}
2025-09-11 15:16:38 | INFO | Sent message to topic 'smoker_csv': {'timestamp': '2025-09-11T20:16:38.624611', 'machine_id': 'GreenEgg 2', 'temperature': 110.4}
2025-09-11 15:16:38 | INFO | Processed JSON message: {'timestamp': '2025-09-11T20:16:38.624611', 'machine_id': 'GreenEgg 2', 'temperature': 110.4}
2025-09-11 15:16:38 | INFO | Rolling window size: 10
2025-09-11 15:16:38 | INFO | Max stall temperature range: 0.2 F
2025-09-11 15:16:39 | INFO | Sent message to topic 'buzzline_json': {'message': 'I love Python!', 'author': 'Diana'}
2025-09-11 15:16:39 | INFO | Processed JSON message: {'message': 'I love Python!', 'author': 'Diana'}
2025-09-11 15:16:39 | INFO | Message received from author: Diana
2025-09-11 15:16:39 | INFO | Updated author counts: {'Eve': 384, 'Alice': 548, 'Charlie': 342, 'Diana': 616, 'Bob': 388}
2025-09-11 15:16:40 | INFO | Sent message to topic 'buzzline_json': {'message': 'Streaming data is fun.', 'author': 'Diana'}
2025-09-11 15:16:40 | INFO | Processed JSON message: {'message': 'Streaming data is fun.', 'author': 'Diana'}
2025-09-11 15:16:40 | INFO | Message received from author: Diana
2025-09-11 15:16:40 | INFO | Updated author counts: {'Eve': 384, 'Alice': 548, 'Charlie': 342, 'Diana': 617, 'Bob': 388}
2025-09-11 15:16:41 | INFO | Sent message to topic 'buzzline_json': {'message': 'Data engineering is my passion.', 'author': 'Eve'}
2025-09-11 15:16:41 | INFO | Processed JSON message: {'message': 'Data engineering is my passion.', 'author': 'Eve'}
2025-09-11 15:16:41 | INFO | Message received from author: Eve
2025-09-11 15:16:41 | INFO | Updated author counts: {'Eve': 385, 'Alice': 548, 'Charlie': 342, 'Diana': 617, 'Bob': 388}
2025-09-11 15:16:42 | INFO | Sent message to topic 'buzzline_json': {'message': 'Buzz messages for everyone.', 'author': 'Eve'}
2025-09-11 15:16:42 | INFO | Processed JSON message: {'message': 'Buzz messages for everyone.', 'author': 'Eve'}
2025-09-11 15:16:42 | INFO | Message received from author: Eve
2025-09-11 15:16:42 | INFO | Updated author counts: {'Eve': 386, 'Alice': 548, 'Charlie': 342, 'Diana': 617, 'Bob': 388}
2025-09-11 15:16:43 | INFO | Sent message to topic 'buzzline_json': {'message': 'JSON makes life easier.', 'author': 'Eve'}
2025-09-11 15:16:43 | INFO | Processed JSON message: {'message': 'JSON makes life easier.', 'author': 'Eve'}
2025-09-11 15:16:43 | INFO | Message received from author: Eve
2025-09-11 15:16:43 | INFO | Updated author counts: {'Eve': 387, 'Alice': 548, 'Charlie': 342, 'Diana': 617, 'Bob': 388}
2025-09-11 15:16:43 | INFO | Sent message to topic 'smoker_csv': {'timestamp': '2025-09-11T20:16:43.632465', 'machine_id': 'Traeger', 'temperature': 110.8}
2025-09-11 15:16:43 | INFO | Processed JSON message: {'timestamp': '2025-09-11T20:16:43.632465', 'machine_id': 'Traeger', 'temperature': 110.8}
2025-09-11 15:16:43 | INFO | Rolling window size: 10
2025-09-11 15:16:43 | INFO | Max stall temperature range: 0.2 F
2025-09-11 15:16:44 | INFO | Sent message to topic 'buzzline_json': {'message': 'Have a great day!', 'author': 'Alice'}
2025-09-11 15:16:44 | INFO | Processed JSON message: {'message': 'Have a great day!', 'author': 'Alice'}
2025-09-11 15:16:44 | INFO | Message received from author: Alice
2025-09-11 15:16:44 | INFO | Updated author counts: {'Eve': 387, 'Alice': 549, 'Charlie': 342, 'Diana': 617, 'Bob': 388}
2025-09-11 15:16:45 | INFO | Sent message to topic 'buzzline_json': {'message': 'I love Python!', 'author': 'Bob'}
2025-09-11 15:16:45 | INFO | Processed JSON message: {'message': 'I love Python!', 'author': 'Bob'}
2025-09-11 15:16:45 | INFO | Message received from author: Bob
2025-09-11 15:16:45 | INFO | Updated author counts: {'Eve': 387, 'Alice': 549, 'Charlie': 342, 'Diana': 617, 'Bob': 389}
2025-09-11 15:16:46 | INFO | Sent message to topic 'buzzline_json': {'message': 'I love Python!', 'author': 'Bob'}
2025-09-11 15:16:46 | INFO | Processed JSON message: {'message': 'I love Python!', 'author': 'Bob'}
2025-09-11 15:16:46 | INFO | Message received from author: Bob
2025-09-11 15:16:46 | INFO | Updated author counts: {'Eve': 387, 'Alice': 549, 'Charlie': 342, 'Diana': 617, 'Bob': 390}
2025-09-11 15:16:47 | INFO | Sent message to topic 'buzzline_json': {'message': 'This is a buzz message.', 'author': 'Eve'}
2025-09-11 15:16:47 | INFO | Processed JSON message: {'message': 'This is a buzz message.', 'author': 'Eve'}
2025-09-11 15:16:47 | INFO | Message received from author: Eve
2025-09-11 15:16:47 | INFO | Updated author counts: {'Eve': 388, 'Alice': 549, 'Charlie': 342, 'Diana': 617, 'Bob': 390}
2025-09-11 15:16:48 | INFO | Sent message to topic 'buzzline_json': {'message': 'This is a buzz message.', 'author': 'Alice'}
2025-09-11 15:16:48 | INFO | Processed JSON message: {'message': 'This is a buzz message.', 'author': 'Alice'}
2025-09-11 15:16:48 | INFO | Message received from author: Alice
2025-09-11 15:16:48 | INFO | Updated author counts: {'Eve': 388, 'Alice': 550, 'Charlie': 342, 'Diana': 617, 'Bob': 390}
2025-09-11 15:16:48 | INFO | Sent message to topic 'smoker_csv': {'timestamp': '2025-09-11T20:16:48.636312', 'machine_id': 'GreenEgg 1', 'temperature': 111.2}
2025-09-11 15:16:48 | INFO | Processed JSON message: {'timestamp': '2025-09-11T20:16:48.636312', 'machine_id': 'GreenEgg 1', 'temperature': 111.2}
2025-09-11 15:16:48 | INFO | Rolling window size: 10
2025-09-11 15:16:48 | INFO | Max stall temperature range: 0.2 F
2025-09-11 15:16:49 | INFO | Sent message to topic 'buzzline_json': {'message': 'Distributed systems are fascinating.', 'author': 'Diana'}
2025-09-11 15:16:49 | INFO | Processed JSON message: {'message': 'Distributed systems are fascinating.', 'author': 'Diana'}
2025-09-11 15:16:49 | INFO | Message received from author: Diana
2025-09-11 15:16:49 | INFO | Updated author counts: {'Eve': 388, 'Alice': 550, 'Charlie': 342, 'Diana': 618, 'Bob': 390}
2025-09-11 15:16:50 | INFO | Sent message to topic 'buzzline_json': {'message': 'Streaming data is fun.', 'author': 'Eve'}
2025-09-11 15:16:50 | INFO | Processed JSON message: {'message': 'Streaming data is fun.', 'author': 'Eve'}
2025-09-11 15:16:50 | INFO | Message received from author: Eve
2025-09-11 15:16:50 | INFO | Updated author counts: {'Eve': 389, 'Alice': 550, 'Charlie': 342, 'Diana': 618, 'Bob': 390}
2025-09-11 15:16:51 | INFO | Sent message to topic 'buzzline_json': {'message': 'Have a great day!', 'author': 'Charlie'}
2025-09-11 15:16:51 | INFO | Processed JSON message: {'message': 'Have a great day!', 'author': 'Charlie'}
2025-09-11 15:16:51 | INFO | Message received from author: Charlie
2025-09-11 15:16:51 | INFO | Updated author counts: {'Eve': 389, 'Alice': 550, 'Charlie': 343, 'Diana': 618, 'Bob': 390}
2025-09-11 15:16:52 | INFO | Sent message to topic 'buzzline_json': {'message': 'JSON makes life easier.', 'author': 'Eve'}
2025-09-11 15:16:52 | INFO | Processed JSON message: {'message': 'JSON makes life easier.', 'author': 'Eve'}
2025-09-11 15:16:52 | INFO | Message received from author: Eve
2025-09-11 15:16:52 | INFO | Updated author counts: {'Eve': 390, 'Alice': 550, 'Charlie': 343, 'Diana': 618, 'Bob': 390}
2025-09-11 15:16:53 | INFO | Sent message to topic 'buzzline_json': {'message': 'Buzz messages for everyone.', 'author': 'Diana'}
2025-09-11 15:16:53 | INFO | Processed JSON message: {'message': 'Buzz messages for everyone.', 'author': 'Diana'}
2025-09-11 15:16:53 | INFO | Message received from author: Diana
2025-09-11 15:16:53 | INFO | Updated author counts: {'Eve': 390, 'Alice': 550, 'Charlie': 343, 'Diana': 619, 'Bob': 390}
2025-09-11 15:16:53 | INFO | Sent message to topic 'smoker_csv': {'timestamp': '2025-09-11T20:16:53.642523', 'machine_id': 'GreenEgg 2', 'temperature': 111.6}
2025-09-11 15:16:53 | INFO | Processed JSON message: {'timestamp': '2025-09-11T20:16:53.642523', 'machine_id': 'GreenEgg 2', 'temperature': 111.6}
2025-09-11 15:16:53 | INFO | Rolling window size: 10
2025-09-11 15:16:53 | INFO | Max stall temperature range: 0.2 F
2025-09-11 15:16:54 | INFO | Sent message to topic 'buzzline_json': {'message': 'This is a buzz message.', 'author': 'Charlie'}
2025-09-11 15:16:54 | INFO | Processed JSON message: {'message': 'This is a buzz message.', 'author': 'Charlie'}
2025-09-11 15:16:54 | INFO | Message received from author: Charlie
2025-09-11 15:16:54 | INFO | Updated author counts: {'Eve': 390, 'Alice': 550, 'Charlie': 344, 'Diana': 619, 'Bob': 390}
2025-09-11 15:16:55 | INFO | Sent message to topic 'buzzline_json': {'message': 'Distributed systems are fascinating.', 'author': 'Charlie'}
2025-09-11 15:16:55 | INFO | Processed JSON message: {'message': 'Distributed systems are fascinating.', 'author': 'Charlie'}
2025-09-11 15:16:55 | INFO | Message received from author: Charlie
2025-09-11 15:16:55 | INFO | Updated author counts: {'Eve': 390, 'Alice': 550, 'Charlie': 345, 'Diana': 619, 'Bob': 390}
2025-09-11 15:16:56 | INFO | Sent message to topic 'buzzline_json': {'message': 'Buzz messages for everyone.', 'author': 'Bob'}
2025-09-11 15:16:56 | INFO | Processed JSON message: {'message': 'Buzz messages for everyone.', 'author': 'Bob'}
2025-09-11 15:16:56 | INFO | Message received from author: Bob
2025-09-11 15:16:56 | INFO | Updated author counts: {'Eve': 390, 'Alice': 550, 'Charlie': 345, 'Diana': 619, 'Bob': 391}
2025-09-11 15:16:57 | INFO | Sent message to topic 'buzzline_json': {'message': 'This is a buzz message.', 'author': 'Eve'}
2025-09-11 15:16:57 | INFO | Processed JSON message: {'message': 'This is a buzz message.', 'author': 'Eve'}
2025-09-11 15:16:57 | INFO | Message received from author: Eve
2025-09-11 15:16:57 | INFO | Updated author counts: {'Eve': 391, 'Alice': 550, 'Charlie': 345, 'Diana': 619, 'Bob': 391}
2025-09-11 15:16:58 | INFO | Sent message to topic 'buzzline_json': {'message': 'Data engineering is my passion.', 'author': 'Diana'}
2025-09-11 15:16:58 | INFO | Processed JSON message: {'message': 'Data engineering is my passion.', 'author': 'Diana'}
2025-09-11 15:16:58 | INFO | Message received from author: Diana
2025-09-11 15:16:58 | INFO | Updated author counts: {'Eve': 391, 'Alice': 550, 'Charlie': 345, 'Diana': 620, 'Bob': 391}
2025-09-11 15:16:58 | INFO | Sent message to topic 'smoker_csv': {'timestamp': '2025-09-11T20:16:58.647585', 'machine_id': 'Traeger', 'temperature': 112.0}
2025-09-11 15:16:58 | INFO | Processed JSON message: {'timestamp': '2025-09-11T20:16:58.647585', 'machine_id': 'Traeger', 'temperature': 112.0}
2025-09-11 15:16:58 | INFO | Rolling window size: 10
2025-09-11 15:16:58 | INFO | Max stall temperature range: 0.2 F
2025-09-11 15:16:59 | INFO | Sent message to topic 'buzzline_json': {'message': 'Data engineering is my passion.', 'author': 'Alice'}
2025-09-11 15:16:59 | INFO | Processed JSON message: {'message': 'Data engineering is my passion.', 'author': 'Alice'}
2025-09-11 15:16:59 | INFO | Message received from author: Alice
2025-09-11 15:16:59 | INFO | Updated author counts: {'Eve': 391, 'Alice': 551, 'Charlie': 345, 'Diana': 620, 'Bob': 391}
2025-09-11 15:17:00 | INFO | Sent message to topic 'buzzline_json': {'message': 'Buzz messages for everyone.', 'author': 'Diana'}
2025-09-11 15:17:00 | INFO | Processed JSON message: {'message': 'Buzz messages for everyone.', 'author': 'Diana'}
2025-09-11 15:17:00 | INFO | Message received from author: Diana
2025-09-11 15:17:00 | INFO | Updated author counts: {'Eve': 391, 'Alice': 551, 'Charlie': 345, 'Diana': 621, 'Bob': 391}
2025-09-11 15:17:01 | INFO | Sent message to topic 'buzzline_json': {'message': 'JSON makes life easier.', 'author': 'Alice'}
2025-09-11 15:17:01 | INFO | Processed JSON message: {'message': 'JSON makes life easier.', 'author': 'Alice'}
2025-09-11 15:17:01 | INFO | Message received from author: Alice
2025-09-11 15:17:01 | INFO | Updated author counts: {'Eve': 391, 'Alice': 552, 'Charlie': 345, 'Diana': 621, 'Bob': 391}
2025-09-11 15:17:02 | INFO | Opening data file in read mode: PROJECT_ROOT/data/buzz.json
2025-09-11 15:17:02 | INFO | Reading data from file: PROJECT_ROOT/data/buzz.json
2025-09-11 15:17:02 | INFO | Sent message to topic 'buzzline_json': {'message': 'Data engineering is my passion.', 'author': 'Eve'}
2025-09-11 15:17:02 | INFO | Processed JSON message: {'message': 'Data engineering is my passion.', 'author': 'Eve'}
2025-09-11 15:17:02 | INFO | Message received from author: Eve
2025-09-11 15:17:02 | INFO | Updated author counts: {'Eve': 392, 'Alice': 552, 'Charlie': 345, 'Diana': 621, 'Bob': 391}
2025-09-11 15:17:03 | INFO | Sent message to topic 'buzzline_json': {'message': 'Distributed systems are fascinating.', 'author': 'Alice'}
2025-09-11 15:17:03 | INFO | Processed JSON message: {'message': 'Distributed systems are fascinating.', 'author': 'Alice'}
2025-09-11 15:17:03 | INFO | Message received from author: Alice
2025-09-11 15:17:03 | INFO | Updated author counts: {'Eve': 392, 'Alice': 553, 'Charlie': 345, 'Diana': 621, 'Bob': 391}
2025-09-11 15:17:03 | INFO | Sent message to topic 'smoker_csv': {'timestamp': '2025-09-11T20:17:03.654200', 'machine_id': 'GreenEgg 1', 'temperature': 112.4}
2025-09-11 15:17:03 | INFO | Processed JSON message: {'timestamp': '2025-09-11T20:17:03.654200', 'machine_id': 'GreenEgg 1', 'temperature': 112.4}
2025-09-11 15:17:03 | INFO | Rolling window size: 10
2025-09-11 15:17:03 | INFO | Max stall temperature range: 0.2 F
2025-09-11 15:17:04 | INFO | Sent message to topic 'buzzline_json': {'message': 'Have a great day!', 'author': 'Charlie'}
2025-09-11 15:17:04 | INFO | Processed JSON message: {'message': 'Have a great day!', 'author': 'Charlie'}
2025-09-11 15:17:04 | INFO | Message received from author: Charlie
2025-09-11 15:17:04 | INFO | Updated author counts: {'Eve': 392, 'Alice': 553, 'Charlie': 346, 'Diana': 621, 'Bob': 391}
2025-09-11 15:17:05 | INFO | Processed JSON message: {'message': 'Data engineering is my passion.', 'author': 'Alice'}
2025-09-11 15:17:05 | INFO | Sent message to topic 'buzzline_json': {'message': 'Data engineering is my passion.', 'author': 'Alice'}
2025-09-11 15:17:05 | INFO | Message received from author: Alice
2025-09-11 15:17:05 | INFO | Updated author counts: {'Eve': 392, 'Alice': 554, 'Charlie': 346, 'Diana': 621, 'Bob': 391}
2025-09-11 15:17:06 | INFO | Sent message to topic 'buzzline_json': {'message': 'Distributed systems are fascinating.', 'author': 'Diana'}
2025-09-11 15:17:06 | INFO | Processed JSON message: {'message': 'Distributed systems are fascinating.', 'author': 'Diana'}
2025-09-11 15:17:06 | INFO | Message received from author: Diana
2025-09-11 15:17:06 | INFO | Updated author counts: {'Eve': 392, 'Alice': 554, 'Charlie': 346, 'Diana': 622, 'Bob': 391}
2025-09-11 15:17:07 | INFO | Sent message to topic 'buzzline_json': {'message': 'Buzz messages for everyone.', 'author': 'Alice'}
2025-09-11 15:17:07 | INFO | Processed JSON message: {'message': 'Buzz messages for everyone.', 'author': 'Alice'}
2025-09-11 15:17:07 | INFO | Message received from author: Alice
2025-09-11 15:17:07 | INFO | Updated author counts: {'Eve': 392, 'Alice': 555, 'Charlie': 346, 'Diana': 622, 'Bob': 391}
2025-09-11 15:17:08 | INFO | Sent message to topic 'buzzline_json': {'message': 'Hello, Kafka world!', 'author': 'Diana'}
2025-09-11 15:17:08 | INFO | Processed JSON message: {'message': 'Hello, Kafka world!', 'author': 'Diana'}
2025-09-11 15:17:08 | INFO | Message received from author: Diana
2025-09-11 15:17:08 | INFO | Updated author counts: {'Eve': 392, 'Alice': 555, 'Charlie': 346, 'Diana': 623, 'Bob': 391}
2025-09-11 15:17:08 | INFO | Sent message to topic 'smoker_csv': {'timestamp': '2025-09-11T20:17:08.661792', 'machine_id': 'GreenEgg 2', 'temperature': 112.8}
2025-09-11 15:17:08 | INFO | Processed JSON message: {'timestamp': '2025-09-11T20:17:08.661792', 'machine_id': 'GreenEgg 2', 'temperature': 112.8}
2025-09-11 15:17:08 | INFO | Rolling window size: 10
2025-09-11 15:17:08 | INFO | Max stall temperature range: 0.2 F
2025-09-11 15:17:09 | INFO | Sent message to topic 'buzzline_json': {'message': 'This is a buzz message.', 'author': 'Eve'}
2025-09-11 15:17:09 | INFO | Processed JSON message: {'message': 'This is a buzz message.', 'author': 'Eve'}
2025-09-11 15:17:09 | INFO | Message received from author: Eve
2025-09-11 15:17:09 | INFO | Updated author counts: {'Eve': 393, 'Alice': 555, 'Charlie': 346, 'Diana': 623, 'Bob': 391}
2025-09-11 15:17:10 | INFO | Sent message to topic 'buzzline_json': {'message': 'JSON makes life easier.', 'author': 'Eve'}
2025-09-11 15:17:10 | INFO | Processed JSON message: {'message': 'JSON makes life easier.', 'author': 'Eve'}
2025-09-11 15:17:10 | INFO | Message received from author: Eve
2025-09-11 15:17:10 | INFO | Updated author counts: {'Eve': 394, 'Alice': 555, 'Charlie': 346, 'Diana': 623, 'Bob': 391}
2025-09-11 15:17:11 | INFO | Sent message to topic 'buzzline_json': {'message': 'JSON makes life easier.', 'author': 'Alice'}
2025-09-11 15:17:11 | INFO | Processed JSON message: {'message': 'JSON makes life easier.', 'author': 'Alice'}
2025-09-11 15:17:11 | INFO | Message received from author: Alice
2025-09-11 15:17:11 | INFO | Updated author counts: {'Eve': 394, 'Alice': 556, 'Charlie': 346, 'Diana': 623, 'Bob': 391}
2025-09-11 15:17:12 | INFO | Sent message to topic 'buzzline_json': {'message': 'Data engineering is my passion.', 'author': 'Diana'}
2025-09-11 15:17:12 | INFO | Processed JSON message: {'message': 'Data engineering is my passion.', 'author': 'Diana'}
2025-09-11 15:17:12 | INFO | Message received from author: Diana
2025-09-11 15:17:12 | INFO | Updated author counts: {'Eve': 394, 'Alice': 556, 'Charlie': 346, 'Diana': 624, 'Bob': 391}
2025-09-11 15:17:13 | INFO | Sent message to topic 'buzzline_json': {'message': 'JSON makes life easier.', 'author': 'Diana'}
2025-09-11 15:17:13 | INFO | Processed JSON message: {'message': 'JSON makes life easier.', 'author': 'Diana'}
2025-09-11 15:17:13 | INFO | Message received from author: Diana
2025-09-11 15:17:13 | INFO | Updated author counts: {'Eve': 394, 'Alice': 556, 'Charlie': 346, 'Diana': 625, 'Bob': 391}
2025-09-11 15:17:13 | INFO | Sent message to topic 'smoker_csv': {'timestamp': '2025-09-11T20:17:13.667180', 'machine_id': 'Traeger', 'temperature': 113.2}
2025-09-11 15:17:13 | INFO | Processed JSON message: {'timestamp': '2025-09-11T20:17:13.667180', 'machine_id': 'Traeger', 'temperature': 113.2}
2025-09-11 15:17:13 | INFO | Rolling window size: 10
2025-09-11 15:17:13 | INFO | Max stall temperature range: 0.2 F
2025-09-11 15:17:14 | INFO | Sent message to topic 'buzzline_json': {'message': 'Kafka is awesome.', 'author': 'Charlie'}
2025-09-11 15:17:14 | INFO | Processed JSON message: {'message': 'Kafka is awesome.', 'author': 'Charlie'}
2025-09-11 15:17:14 | INFO | Message received from author: Charlie
2025-09-11 15:17:14 | INFO | Updated author counts: {'Eve': 394, 'Alice': 556, 'Charlie': 347, 'Diana': 625, 'Bob': 391}
2025-09-11 15:17:15 | INFO | Sent message to topic 'buzzline_json': {'message': 'JSON makes life easier.', 'author': 'Bob'}
2025-09-11 15:17:15 | INFO | Processed JSON message: {'message': 'JSON makes life easier.', 'author': 'Bob'}
2025-09-11 15:17:15 | INFO | Message received from author: Bob
2025-09-11 15:17:15 | INFO | Updated author counts: {'Eve': 394, 'Alice': 556, 'Charlie': 347, 'Diana': 625, 'Bob': 392}
2025-09-11 15:17:16 | INFO | Sent message to topic 'buzzline_json': {'message': 'I love Python!', 'author': 'Bob'}
2025-09-11 15:17:16 | INFO | Processed JSON message: {'message': 'I love Python!', 'author': 'Bob'}
2025-09-11 15:17:16 | INFO | Message received from author: Bob
2025-09-11 15:17:16 | INFO | Updated author counts: {'Eve': 394, 'Alice': 556, 'Charlie': 347, 'Diana': 625, 'Bob': 393}
2025-09-11 15:17:17 | INFO | Sent message to topic 'buzzline_json': {'message': 'This is a buzz message.', 'author': 'Eve'}
2025-09-11 15:17:17 | INFO | Processed JSON message: {'message': 'This is a buzz message.', 'author': 'Eve'}
2025-09-11 15:17:17 | INFO | Message received from author: Eve
2025-09-11 15:17:17 | INFO | Updated author counts: {'Eve': 395, 'Alice': 556, 'Charlie': 347, 'Diana': 625, 'Bob': 393}
2025-09-11 15:17:18 | INFO | Sent message to topic 'buzzline_json': {'message': 'I love Python!', 'author': 'Eve'}
2025-09-11 15:17:18 | INFO | Processed JSON message: {'message': 'I love Python!', 'author': 'Eve'}
2025-09-11 15:17:18 | INFO | Message received from author: Eve
2025-09-11 15:17:18 | INFO | Updated author counts: {'Eve': 396, 'Alice': 556, 'Charlie': 347, 'Diana': 625, 'Bob': 393}
2025-09-11 15:17:18 | INFO | Sent message to topic 'smoker_csv': {'timestamp': '2025-09-11T20:17:18.670480', 'machine_id': 'GreenEgg 1', 'temperature': 113.6}
2025-09-11 15:17:18 | INFO | Processed JSON message: {'timestamp': '2025-09-11T20:17:18.670480', 'machine_id': 'GreenEgg 1', 'temperature': 113.6}
2025-09-11 15:17:18 | INFO | Rolling window size: 10
2025-09-11 15:17:18 | INFO | Max stall temperature range: 0.2 F
2025-09-11 15:17:19 | INFO | Sent message to topic 'buzzline_json': {'message': 'Buzz messages for everyone.', 'author': 'Alice'}
2025-09-11 15:17:19 | INFO | Processed JSON message: {'message': 'Buzz messages for everyone.', 'author': 'Alice'}
2025-09-11 15:17:19 | INFO | Message received from author: Alice
2025-09-11 15:17:19 | INFO | Updated author counts: {'Eve': 396, 'Alice': 557, 'Charlie': 347, 'Diana': 625, 'Bob': 393}
2025-09-11 15:17:20 | INFO | Sent message to topic 'buzzline_json': {'message': 'This is a buzz message.', 'author': 'Alice'}
2025-09-11 15:17:20 | INFO | Processed JSON message: {'message': 'This is a buzz message.', 'author': 'Alice'}
2025-09-11 15:17:20 | INFO | Message received from author: Alice
2025-09-11 15:17:20 | INFO | Updated author counts: {'Eve': 396, 'Alice': 558, 'Charlie': 347, 'Diana': 625, 'Bob': 393}
2025-09-11 15:17:21 | INFO | Sent message to topic 'buzzline_json': {'message': 'Data engineering is my passion.', 'author': 'Diana'}
2025-09-11 15:17:21 | INFO | Processed JSON message: {'message': 'Data engineering is my passion.', 'author': 'Diana'}
2025-09-11 15:17:21 | INFO | Message received from author: Diana
2025-09-11 15:17:21 | INFO | Updated author counts: {'Eve': 396, 'Alice': 558, 'Charlie': 347, 'Diana': 626, 'Bob': 393}
2025-09-11 15:17:22 | INFO | Processed JSON message: {'message': 'I love Python!', 'author': 'Eve'}
2025-09-11 15:17:22 | INFO | Message received from author: Eve
2025-09-11 15:17:22 | INFO | Updated author counts: {'Eve': 397, 'Alice': 558, 'Charlie': 347, 'Diana': 626, 'Bob': 393}
2025-09-11 15:17:22 | INFO | Sent message to topic 'buzzline_json': {'message': 'I love Python!', 'author': 'Eve'}
2025-09-11 15:17:23 | INFO | Sent message to topic 'buzzline_json': {'message': 'JSON makes life easier.', 'author': 'Charlie'}
2025-09-11 15:17:23 | INFO | Processed JSON message: {'message': 'JSON makes life easier.', 'author': 'Charlie'}
2025-09-11 15:17:23 | INFO | Message received from author: Charlie
2025-09-11 15:17:23 | INFO | Updated author counts: {'Eve': 397, 'Alice': 558, 'Charlie': 348, 'Diana': 626, 'Bob': 393}
2025-09-11 15:17:23 | INFO | Sent message to topic 'smoker_csv': {'timestamp': '2025-09-11T20:17:23.678983', 'machine_id': 'GreenEgg 2', 'temperature': 114.0}
2025-09-11 15:17:23 | INFO | Processed JSON message: {'timestamp': '2025-09-11T20:17:23.678983', 'machine_id': 'GreenEgg 2', 'temperature': 114.0}
2025-09-11 15:17:23 | INFO | Rolling window size: 10
2025-09-11 15:17:23 | INFO | Max stall temperature range: 0.2 F
2025-09-11 15:17:24 | INFO | Sent message to topic 'buzzline_json': {'message': 'Have a great day!', 'author': 'Bob'}
2025-09-11 15:17:24 | INFO | Processed JSON message: {'message': 'Have a great day!', 'author': 'Bob'}
2025-09-11 15:17:24 | INFO | Message received from author: Bob
2025-09-11 15:17:24 | INFO | Updated author counts: {'Eve': 397, 'Alice': 558, 'Charlie': 348, 'Diana': 626, 'Bob': 394}
2025-09-11 15:17:25 | INFO | Sent message to topic 'buzzline_json': {'message': 'Data engineering is my passion.', 'author': 'Alice'}
2025-09-11 15:17:25 | INFO | Processed JSON message: {'message': 'Data engineering is my passion.', 'author': 'Alice'}
2025-09-11 15:17:25 | INFO | Message received from author: Alice
2025-09-11 15:17:25 | INFO | Updated author counts: {'Eve': 397, 'Alice': 559, 'Charlie': 348, 'Diana': 626, 'Bob': 394}
2025-09-11 15:17:26 | INFO | Sent message to topic 'buzzline_json': {'message': 'Kafka is awesome.', 'author': 'Diana'}
2025-09-11 15:17:26 | INFO | Processed JSON message: {'message': 'Kafka is awesome.', 'author': 'Diana'}
2025-09-11 15:17:26 | INFO | Message received from author: Diana
2025-09-11 15:17:26 | INFO | Updated author counts: {'Eve': 397, 'Alice': 559, 'Charlie': 348, 'Diana': 627, 'Bob': 394}
2025-09-11 15:17:27 | INFO | Sent message to topic 'buzzline_json': {'message': 'Kafka is awesome.', 'author': 'Diana'}
2025-09-11 15:17:27 | INFO | Processed JSON message: {'message': 'Kafka is awesome.', 'author': 'Diana'}
2025-09-11 15:17:27 | INFO | Message received from author: Diana
2025-09-11 15:17:27 | INFO | Updated author counts: {'Eve': 397, 'Alice': 559, 'Charlie': 348, 'Diana': 628, 'Bob': 394}
2025-09-11 15:17:28 | INFO | Sent message to topic 'buzzline_json': {'message': 'Hello, Kafka world!', 'author': 'Bob'}
2025-09-11 15:17:28 | INFO | Processed JSON message: {'message': 'Hello, Kafka world!', 'author': 'Bob'}
2025-09-11 15:17:28 | INFO | Message received from author: Bob
2025-09-11 15:17:28 | INFO | Updated author counts: {'Eve': 397, 'Alice': 559, 'Charlie': 348, 'Diana': 628, 'Bob': 395}
2025-09-11 15:17:28 | INFO | Sent message to topic 'smoker_csv': {'timestamp': '2025-09-11T20:17:28.684073', 'machine_id': 'Traeger', 'temperature': 114.4}
2025-09-11 15:17:28 | INFO | Processed JSON message: {'timestamp': '2025-09-11T20:17:28.684073', 'machine_id': 'Traeger', 'temperature': 114.4}
2025-09-11 15:17:28 | INFO | Rolling window size: 10
2025-09-11 15:17:28 | INFO | Max stall temperature range: 0.2 F
2025-09-11 15:17:29 | INFO | Sent message to topic 'buzzline_json': {'message': 'Distributed systems are fascinating.', 'author': 'Diana'}
2025-09-11 15:17:29 | INFO | Processed JSON message: {'message': 'Distributed systems are fascinating.', 'author': 'Diana'}
2025-09-11 15:17:29 | INFO | Message received from author: Diana
2025-09-11 15:17:29 | INFO | Updated author counts: {'Eve': 397, 'Alice': 559, 'Charlie': 348, 'Diana': 629, 'Bob': 395}
2025-09-11 15:17:30 | INFO | Sent message to topic 'buzzline_json': {'message': 'I love Python!', 'author': 'Diana'}
2025-09-11 15:17:30 | INFO | Processed JSON message: {'message': 'I love Python!', 'author': 'Diana'}
2025-09-11 15:17:30 | INFO | Message received from author: Diana
2025-09-11 15:17:30 | INFO | Updated author counts: {'Eve': 397, 'Alice': 559, 'Charlie': 348, 'Diana': 630, 'Bob': 395}
2025-09-11 15:17:31 | INFO | Sent message to topic 'buzzline_json': {'message': 'Have a great day!', 'author': 'Alice'}
2025-09-11 15:17:31 | INFO | Processed JSON message: {'message': 'Have a great day!', 'author': 'Alice'}
2025-09-11 15:17:31 | INFO | Message received from author: Alice
2025-09-11 15:17:31 | INFO | Updated author counts: {'Eve': 397, 'Alice': 560, 'Charlie': 348, 'Diana': 630, 'Bob': 395}
2025-09-11 15:17:32 | INFO | Sent message to topic 'buzzline_json': {'message': 'Hello, Kafka world!', 'author': 'Charlie'}
2025-09-11 15:17:32 | INFO | Processed JSON message: {'message': 'Hello, Kafka world!', 'author': 'Charlie'}
2025-09-11 15:17:32 | INFO | Message received from author: Charlie
2025-09-11 15:17:32 | INFO | Updated author counts: {'Eve': 397, 'Alice': 560, 'Charlie': 349, 'Diana': 630, 'Bob': 395}
2025-09-11 15:17:33 | INFO | Sent message to topic 'buzzline_json': {'message': 'JSON makes life easier.', 'author': 'Diana'}
2025-09-11 15:17:33 | INFO | Processed JSON message: {'message': 'JSON makes life easier.', 'author': 'Diana'}
2025-09-11 15:17:33 | INFO | Message received from author: Diana
2025-09-11 15:17:33 | INFO | Updated author counts: {'Eve': 397, 'Alice': 560, 'Charlie': 349, 'Diana': 631, 'Bob': 395}
2025-09-11 15:17:33 | INFO | Sent message to topic 'smoker_csv': {'timestamp': '2025-09-11T20:17:33.686556', 'machine_id': 'GreenEgg 1', 'temperature': 114.8}
2025-09-11 15:17:33 | INFO | Processed JSON message: {'timestamp': '2025-09-11T20:17:33.686556', 'machine_id': 'GreenEgg 1', 'temperature': 114.8}
2025-09-11 15:17:33 | INFO | Rolling window size: 10
2025-09-11 15:17:33 | INFO | Max stall temperature range: 0.2 F
2025-09-11 15:17:34 | INFO | Sent message to topic 'buzzline_json': {'message': 'I love Python!', 'author': 'Bob'}
2025-09-11 15:17:34 | INFO | Processed JSON message: {'message': 'I love Python!', 'author': 'Bob'}
2025-09-11 15:17:34 | INFO | Message received from author: Bob
2025-09-11 15:17:34 | INFO | Updated author counts: {'Eve': 397, 'Alice': 560, 'Charlie': 349, 'Diana': 631, 'Bob': 396}
2025-09-11 15:17:35 | INFO | Sent message to topic 'buzzline_json': {'message': 'Have a great day!', 'author': 'Diana'}
2025-09-11 15:17:35 | INFO | Processed JSON message: {'message': 'Have a great day!', 'author': 'Diana'}
2025-09-11 15:17:35 | INFO | Message received from author: Diana
2025-09-11 15:17:35 | INFO | Updated author counts: {'Eve': 397, 'Alice': 560, 'Charlie': 349, 'Diana': 632, 'Bob': 396}
2025-09-11 15:17:36 | INFO | Sent message to topic 'buzzline_json': {'message': 'Hello, Kafka world!', 'author': 'Alice'}
2025-09-11 15:17:36 | INFO | Processed JSON message: {'message': 'Hello, Kafka world!', 'author': 'Alice'}
2025-09-11 15:17:36 | INFO | Message received from author: Alice
2025-09-11 15:17:37 | INFO | Message received from author: Alice
